[2025-10-28 19:57:34] [31merror[39m: [31mFailed to start server:TypeError: Cannot read properties of undefined (reading 'router')[39m
[2025-10-28 19:57:43] [31merror[39m: [31mFailed to start server:TypeError: argument handler is required[39m
[2025-10-28 19:57:47] [31merror[39m: [31mFailed to start server:TypeError: argument handler is required[39m
[2025-10-28 19:57:49] [31merror[39m: [31mFailed to start server:TypeError: argument handler is required[39m
[2025-10-28 19:58:00] [31merror[39m: [31mFailed to start server:TypeError: argument handler is required[39m
[2025-10-28 19:58:14] [31merror[39m: [31mFailed to start server:TypeError: argument handler is required[39m
[2025-10-28 19:58:16] [31merror[39m: [31mFailed to start server:TypeError: Missing parameter name at 15: https://git.new/pathToRegexpError[39m
[2025-10-28 20:57:23] [31merror[39m: [31m🔥 Unhandled Error:PrismaClientKnownRequestError: [39m
[31mInvalid `this.model.findUnique()` invocation in[39m
[31mC:\Users\Niyas\OneDrive\Desktop\MedMate\Backend\src\infrastructure\database\BaseRepository.ts:20:37[39m

[31m  17 }[39m
[31m  18 [39m
[31m  19   async findById(id: string): Promise<TDomain | null> {[39m
[31m→ 20   const entity = await this.model.findUnique([39m
[31mInconsistent column data: Malformed ObjectID: provided hex string representation must be exactly 12 bytes, instead got: ":68ef190038db9e2aad9b7391", length 25.[39m
[2025-10-28 21:02:51] [31merror[39m: [31mFailed to start server:TypeError: argument handler is required[39m
[2025-10-28 21:02:57] [31merror[39m: [31mFailed to start server:TypeError: argument handler is required[39m
[2025-10-28 21:03:26] [31merror[39m: [31mFailed to start server:TypeError: argument handler must be a function[39m
[2025-10-28 23:22:17] [31merror[39m: [31mFailed to start server:TypeError: argument handler is required[39m
[2025-10-28 23:22:26] [31merror[39m: [31mFailed to start server:TypeError: argument handler is required[39m
[2025-10-28 23:22:34] [31merror[39m: [31mFailed to start server:TypeError: Missing parameter name at 17: https://git.new/pathToRegexpError[39m
[2025-10-28 23:22:56] [31merror[39m: [31mFailed to start server:TypeError: argument handler is required[39m
[2025-10-28 23:23:02] [31merror[39m: [31mFailed to start server:ReferenceError: Auth is not defined[39m
[2025-10-28 23:32:18] [31merror[39m: [31mFailed to start server:TypeError: argument handler must be a function[39m
[2025-10-28 23:32:25] [31merror[39m: [31mFailed to start server:TypeError: argument handler must be a function[39m
[2025-10-28 23:32:54] [31merror[39m: [31mFailed to start server:TypeError: argument handler is required[39m
[2025-10-28 23:32:56] [31merror[39m: [31mFailed to start server:TypeError: argument handler is required[39m
[2025-10-28 23:33:01] [31merror[39m: [31mFailed to start server:TypeError: argument handler is required[39m
[2025-10-28 23:33:06] [31merror[39m: [31mFailed to start server:TypeError: argument handler is required[39m
[2025-10-28 23:33:12] [31merror[39m: [31mFailed to start server:TypeError: Missing parameter name at 20: https://git.new/pathToRegexpError[39m
[2025-10-28 23:33:15] [31merror[39m: [31mFailed to start server:TypeError: argument handler is required[39m
[2025-10-28 23:44:57] [31merror[39m: [31m🔥 Unhandled Error:TypeError: Cannot read properties of undefined (reading 'execute')[39m
