[2025-11-06 12:46:59] [31merror[39m: [31m🔥 Unhandled Error:PrismaClientInitializationError: [39m
[31mInvalid `this.model.findUnique()` invocation in[39m
[31mC:\Users\Niyas\OneDrive\Desktop\MedMate\Backend\src\infrastructure\repositories\UserRepository.ts:31:35[39m

[31m  28 }[39m
[31m  29 [39m
[31m  30 async findById(userId: string) {[39m
[31m→ 31 const entity = await this.model.findUnique([39m
[31mError in connector: Error creating a database connection. (Kind: An error occurred during DNS resolution: proto error: io error: A socket operation was attempted to an unreachable network. (os error 10051), labels: {})[39m
[2025-11-06 12:46:59] [31merror[39m: [31m🔥 Unhandled Error:PrismaClientInitializationError: [39m
[31mInvalid `this.model.findUnique()` invocation in[39m
[31mC:\Users\Niyas\OneDrive\Desktop\MedMate\Backend\src\infrastructure\repositories\UserRepository.ts:31:35[39m

[31m  28 }[39m
[31m  29 [39m
[31m  30 async findById(userId: string) {[39m
[31m→ 31 const entity = await this.model.findUnique([39m
[31mError in connector: Error creating a database connection. (Kind: An error occurred during DNS resolution: proto error: io error: A socket operation was attempted to an unreachable network. (os error 10051), labels: {})[39m
[2025-11-06 12:46:59] [31merror[39m: [31m🔥 Unhandled Error:PrismaClientInitializationError: [39m
[31mInvalid `this.model.findUnique()` invocation in[39m
[31mC:\Users\Niyas\OneDrive\Desktop\MedMate\Backend\src\infrastructure\repositories\UserRepository.ts:31:35[39m

[31m  28 }[39m
[31m  29 [39m
[31m  30 async findById(userId: string) {[39m
[31m→ 31 const entity = await this.model.findUnique([39m
[31mError in connector: Error creating a database connection. (Kind: An error occurred during DNS resolution: proto error: io error: A socket operation was attempted to an unreachable network. (os error 10051), labels: {})[39m
[2025-11-06 12:46:59] [31merror[39m: [31m🔥 Unhandled Error:PrismaClientInitializationError: [39m
[31mInvalid `this.model.findUnique()` invocation in[39m
[31mC:\Users\Niyas\OneDrive\Desktop\MedMate\Backend\src\infrastructure\repositories\UserRepository.ts:31:35[39m

[31m  28 }[39m
[31m  29 [39m
[31m  30 async findById(userId: string) {[39m
[31m→ 31 const entity = await this.model.findUnique([39m
[31mError in connector: Error creating a database connection. (Kind: An error occurred during DNS resolution: proto error: io error: A socket operation was attempted to an unreachable network. (os error 10051), labels: {})[39m
[2025-11-06 14:44:58] [31merror[39m: [31m🔥 Unhandled Error:PrismaClientKnownRequestError: [39m
[31mInvalid `prisma.medicalRep.findUnique()` invocation in[39m
[31mC:\Users\Niyas\OneDrive\Desktop\MedMate\Backend\src\infrastructure\repositories\MedicalRepRepository.ts:56:42[39m

[31m  53   return {repId:rep? rep.id :null};[39m
[31m  54 }[39m
[31m  55 async getMedicalRepById(id: string): Promise<IMedicalRepWithUser | null> {[39m
[31m→ 56   const user = await prisma.medicalRep.findUnique([39m
[31mInconsistent column data: Malformed ObjectID: invalid character 'H' was found at index 0 in the provided hex string: "Haridarsan C S".[39m
[2025-11-06 14:44:58] [31merror[39m: [31m🔥 Unhandled Error:PrismaClientKnownRequestError: [39m
[31mInvalid `prisma.medicalRep.findUnique()` invocation in[39m
[31mC:\Users\Niyas\OneDrive\Desktop\MedMate\Backend\src\infrastructure\repositories\MedicalRepRepository.ts:56:42[39m

[31m  53   return {repId:rep? rep.id :null};[39m
[31m  54 }[39m
[31m  55 async getMedicalRepById(id: string): Promise<IMedicalRepWithUser | null> {[39m
[31m→ 56   const user = await prisma.medicalRep.findUnique([39m
[31mInconsistent column data: Malformed ObjectID: invalid character 'H' was found at index 0 in the provided hex string: "Haridarsan C S".[39m
[2025-11-06 15:52:04] [31merror[39m: [31m🔥 Unhandled Error:PrismaClientKnownRequestError: [39m
[31mInvalid `prisma.medicalRep.findUnique()` invocation in[39m
[31mC:\Users\Niyas\OneDrive\Desktop\MedMate\Backend\src\infrastructure\repositories\MedicalRepRepository.ts:56:42[39m

[31m  53   return {repId:rep? rep.id :null};[39m
[31m  54 }[39m
[31m  55 async getMedicalRepById(id: string): Promise<IMedicalRepWithUser | null> {[39m
[31m→ 56   const user = await prisma.medicalRep.findUnique([39m
[31mInconsistent column data: Malformed ObjectID: invalid character 'H' was found at index 0 in the provided hex string: "Haridarsan C S".[39m
[2025-11-06 15:52:05] [31merror[39m: [31m🔥 Unhandled Error:PrismaClientKnownRequestError: [39m
[31mInvalid `prisma.medicalRep.findUnique()` invocation in[39m
[31mC:\Users\Niyas\OneDrive\Desktop\MedMate\Backend\src\infrastructure\repositories\MedicalRepRepository.ts:56:42[39m

[31m  53   return {repId:rep? rep.id :null};[39m
[31m  54 }[39m
[31m  55 async getMedicalRepById(id: string): Promise<IMedicalRepWithUser | null> {[39m
[31m→ 56   const user = await prisma.medicalRep.findUnique([39m
[31mInconsistent column data: Malformed ObjectID: invalid character 'H' was found at index 0 in the provided hex string: "Haridarsan C S".[39m
[2025-11-06 16:00:22] [31merror[39m: [31m🔥 Unhandled Error:PrismaClientKnownRequestError: [39m
[31mInvalid `prisma.medicalRep.findUnique()` invocation in[39m
[31mC:\Users\Niyas\OneDrive\Desktop\MedMate\Backend\src\infrastructure\repositories\MedicalRepRepository.ts:56:42[39m

[31m  53   return {repId:rep? rep.id :null};[39m
[31m  54 }[39m
[31m  55 async getMedicalRepById(id: string): Promise<IMedicalRepWithUser | null> {[39m
[31m→ 56   const user = await prisma.medicalRep.findUnique([39m
[31mInconsistent column data: Malformed ObjectID: invalid character 'H' was found at index 0 in the provided hex string: "Haridarsan C S".[39m
[2025-11-06 16:00:23] [31merror[39m: [31m🔥 Unhandled Error:PrismaClientKnownRequestError: [39m
[31mInvalid `prisma.medicalRep.findUnique()` invocation in[39m
[31mC:\Users\Niyas\OneDrive\Desktop\MedMate\Backend\src\infrastructure\repositories\MedicalRepRepository.ts:56:42[39m

[31m  53   return {repId:rep? rep.id :null};[39m
[31m  54 }[39m
[31m  55 async getMedicalRepById(id: string): Promise<IMedicalRepWithUser | null> {[39m
[31m→ 56   const user = await prisma.medicalRep.findUnique([39m
[31mInconsistent column data: Malformed ObjectID: invalid character 'H' was found at index 0 in the provided hex string: "Haridarsan C S".[39m
[2025-11-06 16:01:31] [31merror[39m: [31m🔥 Unhandled Error:PrismaClientKnownRequestError: [39m
[31mInvalid `prisma.medicalRep.findUnique()` invocation in[39m
[31mC:\Users\Niyas\OneDrive\Desktop\MedMate\Backend\src\infrastructure\repositories\MedicalRepRepository.ts:56:42[39m

[31m  53   return {repId:rep? rep.id :null};[39m
[31m  54 }[39m
[31m  55 async getMedicalRepById(id: string): Promise<IMedicalRepWithUser | null> {[39m
[31m→ 56   const user = await prisma.medicalRep.findUnique([39m
[31mInconsistent column data: Malformed ObjectID: invalid character 'H' was found at index 0 in the provided hex string: "Haridarsan C S".[39m
[2025-11-06 16:01:31] [31merror[39m: [31m🔥 Unhandled Error:PrismaClientKnownRequestError: [39m
[31mInvalid `prisma.medicalRep.findUnique()` invocation in[39m
[31mC:\Users\Niyas\OneDrive\Desktop\MedMate\Backend\src\infrastructure\repositories\MedicalRepRepository.ts:56:42[39m

[31m  53   return {repId:rep? rep.id :null};[39m
[31m  54 }[39m
[31m  55 async getMedicalRepById(id: string): Promise<IMedicalRepWithUser | null> {[39m
[31m→ 56   const user = await prisma.medicalRep.findUnique([39m
[31mInconsistent column data: Malformed ObjectID: invalid character 'H' was found at index 0 in the provided hex string: "Haridarsan C S".[39m
[2025-11-06 16:03:23] [31merror[39m: [31m🔥 Unhandled Error:PrismaClientKnownRequestError: [39m
[31mInvalid `prisma.medicalRep.findUnique()` invocation in[39m
[31mC:\Users\Niyas\OneDrive\Desktop\MedMate\Backend\src\infrastructure\repositories\MedicalRepRepository.ts:56:42[39m

[31m  53   return {repId:rep? rep.id :null};[39m
[31m  54 }[39m
[31m  55 async getMedicalRepById(id: string): Promise<IMedicalRepWithUser | null> {[39m
[31m→ 56   const user = await prisma.medicalRep.findUnique([39m
[31mInconsistent column data: Malformed ObjectID: invalid character 'H' was found at index 0 in the provided hex string: "Haridarsan C S".[39m
[2025-11-06 16:03:24] [31merror[39m: [31m🔥 Unhandled Error:PrismaClientKnownRequestError: [39m
[31mInvalid `prisma.medicalRep.findUnique()` invocation in[39m
[31mC:\Users\Niyas\OneDrive\Desktop\MedMate\Backend\src\infrastructure\repositories\MedicalRepRepository.ts:56:42[39m

[31m  53   return {repId:rep? rep.id :null};[39m
[31m  54 }[39m
[31m  55 async getMedicalRepById(id: string): Promise<IMedicalRepWithUser | null> {[39m
[31m→ 56   const user = await prisma.medicalRep.findUnique([39m
[31mInconsistent column data: Malformed ObjectID: invalid character 'H' was found at index 0 in the provided hex string: "Haridarsan C S".[39m
[2025-11-06 16:03:54] [31merror[39m: [31m🔥 Unhandled Error:PrismaClientKnownRequestError: [39m
[31mInvalid `prisma.medicalRep.findUnique()` invocation in[39m
[31mC:\Users\Niyas\OneDrive\Desktop\MedMate\Backend\src\infrastructure\repositories\MedicalRepRepository.ts:56:42[39m

[31m  53   return {repId:rep? rep.id :null};[39m
[31m  54 }[39m
[31m  55 async getMedicalRepById(id: string): Promise<IMedicalRepWithUser | null> {[39m
[31m→ 56   const user = await prisma.medicalRep.findUnique([39m
[31mInconsistent column data: Malformed ObjectID: invalid character 'H' was found at index 0 in the provided hex string: "Haridarsan C S".[39m
[2025-11-06 16:03:54] [31merror[39m: [31m🔥 Unhandled Error:PrismaClientKnownRequestError: [39m
[31mInvalid `prisma.medicalRep.findUnique()` invocation in[39m
[31mC:\Users\Niyas\OneDrive\Desktop\MedMate\Backend\src\infrastructure\repositories\MedicalRepRepository.ts:56:42[39m

[31m  53   return {repId:rep? rep.id :null};[39m
[31m  54 }[39m
[31m  55 async getMedicalRepById(id: string): Promise<IMedicalRepWithUser | null> {[39m
[31m→ 56   const user = await prisma.medicalRep.findUnique([39m
[31mInconsistent column data: Malformed ObjectID: invalid character 'H' was found at index 0 in the provided hex string: "Haridarsan C S".[39m
[2025-11-06 16:31:40] [31merror[39m: [31m🔥 Unhandled Error:PrismaClientKnownRequestError: [39m
[31mInvalid `prisma.medicalRep.findUnique()` invocation in[39m
[31mC:\Users\Niyas\OneDrive\Desktop\MedMate\Backend\src\infrastructure\repositories\MedicalRepRepository.ts:56:42[39m

[31m  53   return {repId:rep? rep.id :null};[39m
[31m  54 }[39m
[31m  55 async getMedicalRepById(id: string): Promise<IMedicalRepWithUser | null> {[39m
[31m→ 56   const user = await prisma.medicalRep.findUnique([39m
[31mInconsistent column data: Malformed ObjectID: provided hex string representation must be exactly 12 bytes, instead got: ":68e5084ec35d6d14084fe591", length 25.[39m
[2025-11-06 16:31:40] [31merror[39m: [31m🔥 Unhandled Error:PrismaClientKnownRequestError: [39m
[31mInvalid `prisma.medicalRep.findUnique()` invocation in[39m
[31mC:\Users\Niyas\OneDrive\Desktop\MedMate\Backend\src\infrastructure\repositories\MedicalRepRepository.ts:56:42[39m

[31m  53   return {repId:rep? rep.id :null};[39m
[31m  54 }[39m
[31m  55 async getMedicalRepById(id: string): Promise<IMedicalRepWithUser | null> {[39m
[31m→ 56   const user = await prisma.medicalRep.findUnique([39m
[31mInconsistent column data: Malformed ObjectID: provided hex string representation must be exactly 12 bytes, instead got: ":68e5084ec35d6d14084fe591", length 25.[39m
[2025-11-06 16:31:52] [31merror[39m: [31m🔥 Unhandled Error:PrismaClientKnownRequestError: [39m
[31mInvalid `prisma.medicalRep.findUnique()` invocation in[39m
[31mC:\Users\Niyas\OneDrive\Desktop\MedMate\Backend\src\infrastructure\repositories\MedicalRepRepository.ts:56:42[39m

[31m  53   return {repId:rep? rep.id :null};[39m
[31m  54 }[39m
[31m  55 async getMedicalRepById(id: string): Promise<IMedicalRepWithUser | null> {[39m
[31m→ 56   const user = await prisma.medicalRep.findUnique([39m
[31mInconsistent column data: Malformed ObjectID: provided hex string representation must be exactly 12 bytes, instead got: ":68e5084ec35d6d14084fe591", length 25.[39m
