[2025-11-08 09:51:32] [31merror[39m: [31mFailed to start server:Cannot read properties of undefined (reading 'router')[39m
[2025-11-08 09:51:42] [31merror[39m: [31mFailed to start server:argument handler is required[39m
[2025-11-08 09:52:01] [31merror[39m: [31mFailed to start server:vali is not defined[39m
[2025-11-08 09:55:19] [31merror[39m: [31mFailed to start server:val is not defined[39m
[2025-11-08 09:57:01] [31merror[39m: [31mFailed to start server:Cannot read properties of undefined (reading 'router')[39m
[2025-11-08 09:57:05] [31merror[39m: [31mFailed to start server:argument handler is required[39m
[2025-11-08 09:57:09] [31merror[39m: [31mFailed to start server:Authe is not defined[39m
[2025-11-08 12:42:34] [31merror[39m: [31mFailed to start server:argument handler is required[39m
[2025-11-08 12:42:42] [31merror[39m: [31mFailed to start server:argument handler is required[39m
[2025-11-08 12:42:45] [31merror[39m: [31mFailed to start server:argument handler is required[39m
[2025-11-08 12:42:54] [31merror[39m: [31mFailed to start server:argument handler is required[39m
[2025-11-08 12:43:04] [31merror[39m: [31mFailed to start server:argument handler is required[39m
[2025-11-08 13:16:14] [31merror[39m: [31mFailed to start server:argument handler is required[39m
[2025-11-08 13:16:22] [31merror[39m: [31mFailed to start server:argument handler is required[39m
[2025-11-08 13:16:25] [31merror[39m: [31mFailed to start server:argument handler is required[39m
[2025-11-08 13:16:28] [31merror[39m: [31mFailed to start server:argument handler is required[39m
[2025-11-08 13:19:02] [31merror[39m: [31mFailed to start server:argument handler is required[39m
[2025-11-08 13:19:09] [31merror[39m: [31mFailed to start server:argument handler is required[39m
[2025-11-08 13:19:15] [31merror[39m: [31mFailed to start server:argument handler is required[39m
[2025-11-08 13:19:22] [31merror[39m: [31mFailed to start server:argument handler is required[39m
[2025-11-08 13:19:26] [31merror[39m: [31mFailed to start server:argument handler is required[39m
[2025-11-08 13:19:29] [31merror[39m: [31mFailed to start server:argument handler is required[39m
[2025-11-08 13:21:29] [31merror[39m: [31mFailed to start server:argument handler is required[39m
[2025-11-08 13:21:47] [31merror[39m: [31mFailed to start server:argument handler is required[39m
[2025-11-08 13:25:54] [31merror[39m: [31mFailed to start server:argument handler is required[39m
[2025-11-08 13:26:16] [31merror[39m: [31mFailed to start server:argument handler is required[39m
[2025-11-08 13:26:19] [31merror[39m: [31mFailed to start server:argument handler is required[39m
[2025-11-08 13:26:29] [31merror[39m: [31mFailed to start server:argument handler is required[39m
[2025-11-08 15:48:09] [31merror[39m: [31mFailed to start server:argument handler is required[39m
[2025-11-08 15:54:03] [31merror[39m: [31mFailed to start server:argument handler is required[39m
[2025-11-08 16:15:26] [31merror[39m: [31mFailed to start server:argument handler is required[39m
[2025-11-08 16:15:39] [31merror[39m: [31mFailed to start server:argument handler is required[39m
[2025-11-08 16:23:21] [31merror[39m: [31mFailed to start server:argument handler is required[39m
[2025-11-08 16:23:26] [31merror[39m: [31mFailed to start server:argument handler is required[39m
[2025-11-08 16:23:38] [31merror[39m: [31mFailed to start server:argument handler is required[39m
[2025-11-08 16:24:03] [31merror[39m: [31mFailed to start server:argument handler is required[39m
[2025-11-08 16:24:08] [31merror[39m: [31mFailed to start server:argument handler is required[39m
[2025-11-08 16:24:17] [31merror[39m: [31mFailed to start server:argument handler is required[39m
[2025-11-08 16:24:32] [31merror[39m: [31mFailed to start server:argument handler is required[39m
[2025-11-08 16:24:34] [31merror[39m: [31mFailed to start server:argument handler is required[39m
[2025-11-08 16:24:41] [31merror[39m: [31mFailed to start server:argument handler is required[39m
[2025-11-08 17:34:08] [31merror[39m: [31mFailed to start server:argument handler is required[39m
[2025-11-08 17:41:52] [31merror[39m: [31mFailed to start server:argument handler is required[39m
[2025-11-08 17:43:14] [31merror[39m: [31mFailed to start server:argument handler is required[39m
[2025-11-08 17:43:18] [31merror[39m: [31mFailed to start server:argument handler is required[39m
[2025-11-08 17:43:30] [31merror[39m: [31mFailed to start server:argument handler is required[39m
[2025-11-08 17:43:38] [31merror[39m: [31mFailed to start server:argument handler is required[39m
[2025-11-08 17:43:41] [31merror[39m: [31mFailed to start server:argument handler is required[39m
[2025-11-08 17:44:48] [31merror[39m: [31mFailed to start server:argument handler is required[39m
[2025-11-08 17:44:54] [31merror[39m: [31mFailed to start server:argument handler is required[39m
[2025-11-08 17:45:04] [31merror[39m: [31mFailed to start server:argument handler is required[39m
[2025-11-08 17:45:39] [31merror[39m: [31mFailed to start server:argument handler is required[39m
[2025-11-08 17:45:44] [31merror[39m: [31mFailed to start server:argument handler is required[39m
[2025-11-08 17:46:33] [31merror[39m: [31mFailed to start server:argument handler is required[39m
[2025-11-08 17:46:49] [31merror[39m: [31mFailed to start server:argument handler is required[39m
[2025-11-08 17:46:56] [31merror[39m: [31mFailed to start server:argument handler is required[39m
[2025-11-08 17:47:12] [31merror[39m: [31mFailed to start server:argument handler is required[39m
[2025-11-08 17:47:37] [31merror[39m: [31mFailed to start server:argument handler is required[39m
[2025-11-08 17:47:45] [31merror[39m: [31mFailed to start server:argument handler is required[39m
[2025-11-08 17:49:36] [31merror[39m: [31mFailed to start server:argument handler is required[39m
[2025-11-08 17:50:10] [31merror[39m: [31mFailed to start server:argument handler is required[39m
[2025-11-08 17:50:17] [31merror[39m: [31mFailed to start server:argument handler is required[39m
[2025-11-08 17:50:22] [31merror[39m: [31mFailed to start server:argument handler is required[39m
[2025-11-08 17:52:29] [31merror[39m: [31mFailed to start server:argument handler is required[39m
[2025-11-08 17:52:34] [31merror[39m: [31mFailed to start server:argument handler is required[39m
[2025-11-08 17:52:42] [31merror[39m: [31mFailed to start server:argument handler must be a function[39m
[2025-11-08 18:42:19] [31merror[39m: [31m🔥 Unhandled Error:[39m
[31mInvalid `this.model.create()` invocation in[39m
[31mC:\Users\Niyas\OneDrive\Desktop\MedMate\Backend\src\infrastructure\database\BaseRepository.ts:32:36[39m

[31m  29 }[39m
[31m  30 [39m
[31m  31 async create(data: TCreateInput): Promise<TDomain> {[39m
[31m→ 32 const created = await this.model.create([39m
[31mAn operation failed because it depends on one or more records that were required but not found. No 'Doctor' record (needed to inline the relation on 'Like' record(s)) was found for a nested connect on one-to-many relation 'DoctorToLike'.[39m
[2025-11-08 18:47:37] [31merror[39m: [31m🔥 Unhandled Error:[39m
[31mInvalid `this.model.create()` invocation in[39m
[31mC:\Users\Niyas\OneDrive\Desktop\MedMate\Backend\src\infrastructure\database\BaseRepository.ts:32:36[39m

[31m  29 }[39m
[31m  30 [39m
[31m  31 async create(data: TCreateInput): Promise<TDomain> {[39m
[31m→ 32 const created = await this.model.create([39m
[31mAn operation failed because it depends on one or more records that were required but not found. No 'Doctor' record (needed to inline the relation on 'Like' record(s)) was found for a nested connect on one-to-many relation 'DoctorToLike'.[39m
[2025-11-08 18:50:08] [31merror[39m: [31m🔥 Unhandled Error:[39m
[31mInvalid `this.model.create()` invocation in[39m
[31mC:\Users\Niyas\OneDrive\Desktop\MedMate\Backend\src\infrastructure\database\BaseRepository.ts:32:36[39m

[31m  29 }[39m
[31m  30 [39m
[31m  31 async create(data: TCreateInput): Promise<TDomain> {[39m
[31m→ 32 const created = await this.model.create([39m
[31mAn operation failed because it depends on one or more records that were required but not found. No 'Doctor' record (needed to inline the relation on 'Like' record(s)) was found for a nested connect on one-to-many relation 'DoctorToLike'.[39m
[2025-11-08 19:44:20] [31merror[39m: [31m🔥 Unhandled Error:[39m
[31mInvalid `prisma.medicalRep.findMany()` invocation in[39m
[31mC:\Users\Niyas\OneDrive\Desktop\MedMate\Backend\src\infrastructure\repositories\MedicalRepRepository.ts:162:42[39m

[31m  159   territoryId: string,[39m
[31m  160   departmentId: string[39m
[31m  161 ): Promise<IMedicalRepWithUser[]> {[39m
[31m→ 162   const reps = await prisma.medicalRep.findMany([39m
[31mInconsistent column data: Malformed ObjectID: provided hex string representation must be exactly 12 bytes, instead got: "", length 0.[39m
[2025-11-08 19:44:21] [31merror[39m: [31m🔥 Unhandled Error:[39m
[31mInvalid `prisma.medicalRep.findMany()` invocation in[39m
[31mC:\Users\Niyas\OneDrive\Desktop\MedMate\Backend\src\infrastructure\repositories\MedicalRepRepository.ts:162:42[39m

[31m  159   territoryId: string,[39m
[31m  160   departmentId: string[39m
[31m  161 ): Promise<IMedicalRepWithUser[]> {[39m
[31m→ 162   const reps = await prisma.medicalRep.findMany([39m
[31mInconsistent column data: Malformed ObjectID: provided hex string representation must be exactly 12 bytes, instead got: "", length 0.[39m
[2025-11-08 19:44:33] [31merror[39m: [31m🔥 Unhandled Error:[39m
[31mInvalid `prisma.medicalRep.findMany()` invocation in[39m
[31mC:\Users\Niyas\OneDrive\Desktop\MedMate\Backend\src\infrastructure\repositories\MedicalRepRepository.ts:162:42[39m

[31m  159   territoryId: string,[39m
[31m  160   departmentId: string[39m
[31m  161 ): Promise<IMedicalRepWithUser[]> {[39m
[31m→ 162   const reps = await prisma.medicalRep.findMany([39m
[31mInconsistent column data: Malformed ObjectID: provided hex string representation must be exactly 12 bytes, instead got: "", length 0.[39m
[2025-11-08 19:44:34] [31merror[39m: [31m🔥 Unhandled Error:[39m
[31mInvalid `prisma.medicalRep.findMany()` invocation in[39m
[31mC:\Users\Niyas\OneDrive\Desktop\MedMate\Backend\src\infrastructure\repositories\MedicalRepRepository.ts:162:42[39m

[31m  159   territoryId: string,[39m
[31m  160   departmentId: string[39m
[31m  161 ): Promise<IMedicalRepWithUser[]> {[39m
[31m→ 162   const reps = await prisma.medicalRep.findMany([39m
[31mInconsistent column data: Malformed ObjectID: provided hex string representation must be exactly 12 bytes, instead got: "", length 0.[39m
[2025-11-08 19:44:46] [31merror[39m: [31m🔥 Unhandled Error:[39m
[31mInvalid `prisma.medicalRep.findMany()` invocation in[39m
[31mC:\Users\Niyas\OneDrive\Desktop\MedMate\Backend\src\infrastructure\repositories\MedicalRepRepository.ts:162:42[39m

[31m  159   territoryId: string,[39m
[31m  160   departmentId: string[39m
[31m  161 ): Promise<IMedicalRepWithUser[]> {[39m
[31m→ 162   const reps = await prisma.medicalRep.findMany([39m
[31mInconsistent column data: Malformed ObjectID: provided hex string representation must be exactly 12 bytes, instead got: "", length 0.[39m
[2025-11-08 19:44:47] [31merror[39m: [31m🔥 Unhandled Error:[39m
[31mInvalid `prisma.medicalRep.findMany()` invocation in[39m
[31mC:\Users\Niyas\OneDrive\Desktop\MedMate\Backend\src\infrastructure\repositories\MedicalRepRepository.ts:162:42[39m

[31m  159   territoryId: string,[39m
[31m  160   departmentId: string[39m
[31m  161 ): Promise<IMedicalRepWithUser[]> {[39m
[31m→ 162   const reps = await prisma.medicalRep.findMany([39m
[31mInconsistent column data: Malformed ObjectID: provided hex string representation must be exactly 12 bytes, instead got: "", length 0.[39m
[2025-11-08 19:50:36] [31merror[39m: [31m🔥 Unhandled Error:[39m
[31mInvalid `this.model.delete()` invocation in[39m
[31mC:\Users\Niyas\OneDrive\Desktop\MedMate\Backend\src\infrastructure\database\BaseRepository.ts:45:22[39m

[31m  42 }[39m
[31m  43 [39m
[31m  44 async delete(id: string): Promise<boolean> {[39m
[31m→ 45   await this.model.delete([39m
[31mAn operation failed because it depends on one or more records that were required but not found. No record was found for a delete.[39m
