[2025-11-20 10:07:40] [31merror[39m: [31mFailed to start server:argument handler is required[39m
[2025-11-20 10:20:55] [31merror[39m: [31mFailed to start server:argument handler is required[39m
[2025-11-20 10:21:03] [31merror[39m: [31mFailed to start server:argument handler is required[39m
[2025-11-20 11:27:55] [31merror[39m: [31m🔥 Unhandled Error:[39m
[31mInvalid `prisma.doctor.findFirst()` invocation in[39m
[31mC:\Users\Niyas\OneDrive\Desktop\MedMate\Backend\src\infrastructure\repositories\DoctorRepository.ts:91:40[39m

[31m  88 async getDoctorIdByUserId([39m
[31m  89   userId: string[39m
[31m  90 ): Promise<{ doctorId: string | null }> {[39m
[31m→ 91   const doctor = await prisma.doctor.findFirst([39m
[31mInconsistent column data: Malformed ObjectID: invalid character 'u' was found at index 0 in the provided hex string: "unread-count".[39m
[2025-11-20 11:29:33] [31merror[39m: [31m🔥 Unhandled Error:[39m
[31mInvalid `prisma.doctor.findFirst()` invocation in[39m
[31mC:\Users\Niyas\OneDrive\Desktop\MedMate\Backend\src\infrastructure\repositories\DoctorRepository.ts:91:40[39m

[31m  88 async getDoctorIdByUserId([39m
[31m  89   userId: string[39m
[31m  90 ): Promise<{ doctorId: string | null }> {[39m
[31m→ 91   const doctor = await prisma.doctor.findFirst([39m
[31mInconsistent column data: Malformed ObjectID: invalid character 'u' was found at index 0 in the provided hex string: "unread-count".[39m
[2025-11-20 11:29:33] [31merror[39m: [31m🔥 Unhandled Error:[39m
[31mInvalid `prisma.doctor.findFirst()` invocation in[39m
[31mC:\Users\Niyas\OneDrive\Desktop\MedMate\Backend\src\infrastructure\repositories\DoctorRepository.ts:91:40[39m

[31m  88 async getDoctorIdByUserId([39m
[31m  89   userId: string[39m
[31m  90 ): Promise<{ doctorId: string | null }> {[39m
[31m→ 91   const doctor = await prisma.doctor.findFirst([39m
[31mInconsistent column data: Malformed ObjectID: invalid character 'u' was found at index 0 in the provided hex string: "unread-count".[39m
[2025-11-20 11:30:17] [31merror[39m: [31m🔥 Unhandled Error:[39m
[31mInvalid `prisma.doctor.findFirst()` invocation in[39m
[31mC:\Users\Niyas\OneDrive\Desktop\MedMate\Backend\src\infrastructure\repositories\DoctorRepository.ts:91:40[39m

[31m  88 async getDoctorIdByUserId([39m
[31m  89   userId: string[39m
[31m  90 ): Promise<{ doctorId: string | null }> {[39m
[31m→ 91   const doctor = await prisma.doctor.findFirst([39m
[31mInconsistent column data: Malformed ObjectID: invalid character 'u' was found at index 0 in the provided hex string: "unread-count".[39m
[2025-11-20 11:30:17] [31merror[39m: [31m🔥 Unhandled Error:[39m
[31mInvalid `prisma.doctor.findFirst()` invocation in[39m
[31mC:\Users\Niyas\OneDrive\Desktop\MedMate\Backend\src\infrastructure\repositories\DoctorRepository.ts:91:40[39m

[31m  88 async getDoctorIdByUserId([39m
[31m  89   userId: string[39m
[31m  90 ): Promise<{ doctorId: string | null }> {[39m
[31m→ 91   const doctor = await prisma.doctor.findFirst([39m
[31mInconsistent column data: Malformed ObjectID: invalid character 'u' was found at index 0 in the provided hex string: "unread-count".[39m
[2025-11-20 11:34:23] [31merror[39m: [31m🔥 Unhandled Error:[39m
[31mInvalid `prisma.doctor.findFirst()` invocation in[39m
[31mC:\Users\Niyas\OneDrive\Desktop\MedMate\Backend\src\infrastructure\repositories\DoctorRepository.ts:91:40[39m

[31m  88 async getDoctorIdByUserId([39m
[31m  89   userId: string[39m
[31m  90 ): Promise<{ doctorId: string | null }> {[39m
[31m→ 91   const doctor = await prisma.doctor.findFirst([39m
[31mInconsistent column data: Malformed ObjectID: invalid character 'u' was found at index 0 in the provided hex string: "unread-count".[39m
[2025-11-20 11:34:23] [31merror[39m: [31m🔥 Unhandled Error:[39m
[31mInvalid `prisma.doctor.findFirst()` invocation in[39m
[31mC:\Users\Niyas\OneDrive\Desktop\MedMate\Backend\src\infrastructure\repositories\DoctorRepository.ts:91:40[39m

[31m  88 async getDoctorIdByUserId([39m
[31m  89   userId: string[39m
[31m  90 ): Promise<{ doctorId: string | null }> {[39m
[31m→ 91   const doctor = await prisma.doctor.findFirst([39m
[31mInconsistent column data: Malformed ObjectID: invalid character 'u' was found at index 0 in the provided hex string: "unread-count".[39m
[2025-11-20 11:50:38] [31merror[39m: [31m🔥 Unhandled Error:[39m
[31mInvalid `prisma.doctor.findFirst()` invocation in[39m
[31mC:\Users\Niyas\OneDrive\Desktop\MedMate\Backend\src\infrastructure\repositories\DoctorRepository.ts:91:40[39m

[31m  88 async getDoctorIdByUserId([39m
[31m  89   userId: string[39m
[31m  90 ): Promise<{ doctorId: string | null }> {[39m
[31m→ 91   const doctor = await prisma.doctor.findFirst([39m
[31mInconsistent column data: Malformed ObjectID: invalid character 'u' was found at index 0 in the provided hex string: "unread-count".[39m
[2025-11-20 11:50:38] [31merror[39m: [31m🔥 Unhandled Error:[39m
[31mInvalid `prisma.doctor.findFirst()` invocation in[39m
[31mC:\Users\Niyas\OneDrive\Desktop\MedMate\Backend\src\infrastructure\repositories\DoctorRepository.ts:91:40[39m

[31m  88 async getDoctorIdByUserId([39m
[31m  89   userId: string[39m
[31m  90 ): Promise<{ doctorId: string | null }> {[39m
[31m→ 91   const doctor = await prisma.doctor.findFirst([39m
[31mInconsistent column data: Malformed ObjectID: invalid character 'u' was found at index 0 in the provided hex string: "unread-count".[39m
[2025-11-20 11:52:35] [31merror[39m: [31m🔥 Unhandled Error:[39m
[31mInvalid `prisma.doctor.findFirst()` invocation in[39m
[31mC:\Users\Niyas\OneDrive\Desktop\MedMate\Backend\src\infrastructure\repositories\DoctorRepository.ts:91:40[39m

[31m  88 async getDoctorIdByUserId([39m
[31m  89   userId: string[39m
[31m  90 ): Promise<{ doctorId: string | null }> {[39m
[31m→ 91   const doctor = await prisma.doctor.findFirst([39m
[31mInconsistent column data: Malformed ObjectID: invalid character 'u' was found at index 0 in the provided hex string: "unread-count".[39m
[2025-11-20 11:52:49] [31merror[39m: [31m🔥 Unhandled Error:[39m
[31mInvalid `prisma.doctor.findFirst()` invocation in[39m
[31mC:\Users\Niyas\OneDrive\Desktop\MedMate\Backend\src\infrastructure\repositories\DoctorRepository.ts:91:40[39m

[31m  88 async getDoctorIdByUserId([39m
[31m  89   userId: string[39m
[31m  90 ): Promise<{ doctorId: string | null }> {[39m
[31m→ 91   const doctor = await prisma.doctor.findFirst([39m
[31mInconsistent column data: Malformed ObjectID: invalid character 'u' was found at index 0 in the provided hex string: "unread-count".[39m
[2025-11-20 12:14:59] [31merror[39m: [31m🔥 Unhandled Error:[39m
[31mInvalid `prisma.notification.updateMany()` invocation in[39m
[31mC:\Users\Niyas\OneDrive\Desktop\MedMate\Backend\src\infrastructure\repositories\NotificationRepository.ts:148:46[39m

[31m  145 }[39m
[31m  146 [39m
[31m  147 async markNotificationAsRead(notificationId: string): Promise<boolean> {[39m
[31m→ 148   const result = await prisma.notification.updateMany([39m
[31mInconsistent column data: Malformed ObjectID: provided hex string representation must be exactly 12 bytes, instead got: "[object Object]", length 15.[39m
[2025-11-20 12:15:01] [31merror[39m: [31m🔥 Unhandled Error:[39m
[31mInvalid `prisma.notification.updateMany()` invocation in[39m
[31mC:\Users\Niyas\OneDrive\Desktop\MedMate\Backend\src\infrastructure\repositories\NotificationRepository.ts:148:46[39m

[31m  145 }[39m
[31m  146 [39m
[31m  147 async markNotificationAsRead(notificationId: string): Promise<boolean> {[39m
[31m→ 148   const result = await prisma.notification.updateMany([39m
[31mInconsistent column data: Malformed ObjectID: provided hex string representation must be exactly 12 bytes, instead got: "[object Object]", length 15.[39m
[2025-11-20 12:15:08] [31merror[39m: [31m🔥 Unhandled Error:Failed to update notification read status[39m
[2025-11-20 12:16:11] [31merror[39m: [31m🔥 Unhandled Error:Failed to update notification read status[39m
[2025-11-20 12:18:32] [31merror[39m: [31m🔥 Unhandled Error:Cannot read properties of undefined (reading 'execute')[39m
[2025-11-20 12:18:32] [31merror[39m: [31m🔥 Unhandled Error:Cannot read properties of undefined (reading 'execute')[39m
[2025-11-20 16:24:35] [31merror[39m: [31mFailed to start server:argument handler is required[39m
[2025-11-20 16:24:41] [31merror[39m: [31mFailed to start server:argument handler is required[39m
[2025-11-20 16:24:44] [31merror[39m: [31mFailed to start server:argument handler is required[39m
