[2025-11-25 10:19:53] [31merror[39m: [31mFailed to start server:argument handler is required[39m
[2025-11-25 10:20:02] [31merror[39m: [31mFailed to start server:argument handler is required[39m
[2025-11-25 10:20:25] [31merror[39m: [31mFailed to start server:argument handler must be a function[39m
[2025-11-25 13:28:47] [31merror[39m: [31mFailed to start server:argument handler is required[39m
[2025-11-25 13:32:13] [31merror[39m: [31mFailed to start server:argument handler is required[39m
[2025-11-25 13:32:27] [31merror[39m: [31mFailed to start server:validate is not defined[39m
[2025-11-25 20:47:38] [31merror[39m: [31m🔥 Unhandled Error:Unauthorized access[39m
[2025-11-25 20:48:52] [31merror[39m: [31m🔥 Unhandled Error:[39m
[31mInvalid `this.model.create()` invocation in[39m
[31mC:\Users\Niyas\OneDrive\Desktop\MedMate\Backend\src\infrastructure\database\BaseRepository.ts:32:36[39m

[31m  29 }[39m
[31m  30 [39m
[31m  31 async create(data: TCreateInput): Promise<TDomain> {[39m
[31m→ 32 const created = await this.model.create({[39m
[31m       data: {[39m
[31m         content: "hi sir,How are you",[39m
[31m         messageType: "TEXT",[39m
[31m         senderId: "68e5084ec35d6d14084fe591",[39m
[31m         senderRole: "REP",[39m
[31m                     ~~~~~[39m
[31m         conversation: {[39m
[31m           connect: {[39m
[31m             id: "69201042d74fb6b83b9b1594"[39m
[31m           }[39m
[31m         }[39m
[31m       }[39m
[31m     })[39m

[31mInvalid value for argument `senderRole`. Expected Role.[39m
