[2025-11-15 12:03:37] [32minfo[39m: [32m server running on port 5000[39m
[2025-11-15 12:03:42] [32minfo[39m: [32m server running on port 5000[39m
[2025-11-15 12:28:38] [31merror[39m: [31m🔥 Unhandled Error:this._medicalRepRepository.getUserIdByRepId is not a function[39m
[2025-11-15 12:28:59] [33mwarn[39m: [33mAppError: User not found[39m
[2025-11-15 12:29:42] [31merror[39m: [31m🔥 Unhandled Error:this._medicalRepRepository.getUserIdByRepId is not a function[39m
[2025-11-15 12:30:21] [32minfo[39m: [32m server running on port 5000[39m
[2025-11-15 12:30:50] [32minfo[39m: [32m server running on port 5000[39m
[2025-11-15 12:31:06] [32minfo[39m: [32m server running on port 5000[39m
[2025-11-15 12:31:16] [32minfo[39m: [32m server running on port 5000[39m
[2025-11-15 12:31:29] [32minfo[39m: [32m server running on port 5000[39m
[2025-11-15 12:31:40] [32minfo[39m: [32m server running on port 5000[39m
[2025-11-15 12:31:48] [32minfo[39m: [32m server running on port 5000[39m
[2025-11-15 12:33:00] [32minfo[39m: [32m server running on port 5000[39m
[2025-11-15 12:33:06] [32minfo[39m: [32m server running on port 5000[39m
[2025-11-15 12:33:19] [32minfo[39m: [32m server running on port 5000[39m
[2025-11-15 12:33:24] [32minfo[39m: [32m server running on port 5000[39m
[2025-11-15 12:34:13] [32minfo[39m: [32m server running on port 5000[39m
[2025-11-15 12:34:53] [32minfo[39m: [32m server running on port 5000[39m
[2025-11-15 12:34:59] [32minfo[39m: [32m server running on port 5000[39m
[2025-11-15 12:35:46] [32minfo[39m: [32m server running on port 5000[39m
[2025-11-15 12:36:17] [32minfo[39m: [32m server running on port 5000[39m
[2025-11-15 12:36:32] [32minfo[39m: [32m server running on port 5000[39m
[2025-11-15 12:37:32] [32minfo[39m: [32m server running on port 5000[39m
[2025-11-15 12:37:35] [32minfo[39m: [32m server running on port 5000[39m
[2025-11-15 12:38:59] [33mwarn[39m: [33mAppError: Invalid email or password[39m
[2025-11-15 12:39:07] [33mwarn[39m: [33mAppError: Invalid email or password[39m
[2025-11-15 12:46:44] [31merror[39m: [31m🔥 Unhandled Error:Cannot read properties of undefined (reading 'execute')[39m
[2025-11-15 12:46:49] [31merror[39m: [31m🔥 Unhandled Error:Cannot read properties of undefined (reading 'execute')[39m
[2025-11-15 12:46:56] [31merror[39m: [31m🔥 Unhandled Error:Cannot read properties of undefined (reading 'execute')[39m
[2025-11-15 12:46:56] [31merror[39m: [31m🔥 Unhandled Error:Cannot read properties of undefined (reading 'execute')[39m
[2025-11-15 12:47:00] [31merror[39m: [31m🔥 Unhandled Error:Cannot read properties of undefined (reading 'execute')[39m
[2025-11-15 12:47:02] [31merror[39m: [31m🔥 Unhandled Error:Cannot read properties of undefined (reading 'execute')[39m
[2025-11-15 12:47:04] [31merror[39m: [31m🔥 Unhandled Error:Cannot read properties of undefined (reading 'execute')[39m
[2025-11-15 12:47:06] [31merror[39m: [31m🔥 Unhandled Error:Cannot read properties of undefined (reading 'execute')[39m
[2025-11-15 12:47:07] [31merror[39m: [31m🔥 Unhandled Error:Cannot read properties of undefined (reading 'execute')[39m
[2025-11-15 12:47:07] [31merror[39m: [31m🔥 Unhandled Error:Cannot read properties of undefined (reading 'execute')[39m
[2025-11-15 12:47:08] [31merror[39m: [31m🔥 Unhandled Error:Cannot read properties of undefined (reading 'execute')[39m
[2025-11-15 12:47:09] [31merror[39m: [31m🔥 Unhandled Error:Cannot read properties of undefined (reading 'execute')[39m
[2025-11-15 12:47:10] [31merror[39m: [31m🔥 Unhandled Error:Cannot read properties of undefined (reading 'execute')[39m
[2025-11-15 12:47:45] [31merror[39m: [31m🔥 Unhandled Error:Cannot read properties of undefined (reading 'execute')[39m
[2025-11-15 12:47:45] [31merror[39m: [31m🔥 Unhandled Error:Cannot read properties of undefined (reading 'execute')[39m
[2025-11-15 12:48:41] [32minfo[39m: [32m server running on port 5000[39m
[2025-11-15 12:48:42] [31merror[39m: [31m🔥 Unhandled Error:Cannot read properties of undefined (reading 'execute')[39m
[2025-11-15 12:48:42] [31merror[39m: [31m🔥 Unhandled Error:Cannot read properties of undefined (reading 'execute')[39m
[2025-11-15 12:49:38] [31merror[39m: [31m🔥 Unhandled Error:Cannot read properties of undefined (reading 'execute')[39m
[2025-11-15 12:49:38] [31merror[39m: [31m🔥 Unhandled Error:Cannot read properties of undefined (reading 'execute')[39m
[2025-11-15 12:50:34] [31merror[39m: [31m🔥 Unhandled Error:Cannot read properties of undefined (reading 'execute')[39m
[2025-11-15 12:50:34] [31merror[39m: [31m🔥 Unhandled Error:Cannot read properties of undefined (reading 'execute')[39m
[2025-11-15 12:52:01] [31merror[39m: [31m🔥 Unhandled Error:Cannot read properties of undefined (reading 'execute')[39m
[2025-11-15 12:52:01] [31merror[39m: [31m🔥 Unhandled Error:Cannot read properties of undefined (reading 'execute')[39m
[2025-11-15 13:01:05] [32minfo[39m: [32m server running on port 5000[39m
[2025-11-15 13:03:03] [31merror[39m: [31m🔥 Unhandled Error:Cannot read properties of undefined (reading 'execute')[39m
[2025-11-15 13:03:03] [31merror[39m: [31m🔥 Unhandled Error:Cannot read properties of undefined (reading 'execute')[39m
[2025-11-15 13:07:48] [32minfo[39m: [32m server running on port 5000[39m
[2025-11-15 13:07:51] [32minfo[39m: [32m server running on port 5000[39m
[2025-11-15 13:07:54] [32minfo[39m: [32m server running on port 5000[39m
[2025-11-15 13:08:01] [32minfo[39m: [32m server running on port 5000[39m
[2025-11-15 13:08:13] [31merror[39m: [31m🔥 Unhandled Error:Cannot read properties of undefined (reading 'execute')[39m
[2025-11-15 13:08:13] [31merror[39m: [31m🔥 Unhandled Error:Cannot read properties of undefined (reading 'execute')[39m
[2025-11-15 13:10:00] [32minfo[39m: [32m server running on port 5000[39m
[2025-11-15 13:10:05] [32minfo[39m: [32m server running on port 5000[39m
[2025-11-15 13:10:15] [31merror[39m: [31m🔥 Unhandled Error:User not found[39m
[2025-11-15 13:10:16] [31merror[39m: [31m🔥 Unhandled Error:User not found[39m
[2025-11-15 13:12:12] [32minfo[39m: [32m server running on port 5000[39m
[2025-11-15 13:13:24] [32minfo[39m: [32m server running on port 5000[39m
[2025-11-15 13:13:32] [32minfo[39m: [32m server running on port 5000[39m
[2025-11-15 13:13:38] [32minfo[39m: [32m server running on port 5000[39m
[2025-11-15 13:13:40] [32minfo[39m: [32m server running on port 5000[39m
[2025-11-15 13:13:44] [32minfo[39m: [32m server running on port 5000[39m
[2025-11-15 13:13:45] [31merror[39m: [31m🔥 Unhandled Error:User not found[39m
[2025-11-15 13:13:45] [31merror[39m: [31m🔥 Unhandled Error:User not found[39m
[2025-11-15 13:13:57] [32minfo[39m: [32m server running on port 5000[39m
[2025-11-15 13:14:18] [32minfo[39m: [32m server running on port 5000[39m
[2025-11-15 13:14:26] [32minfo[39m: [32m server running on port 5000[39m
[2025-11-15 13:14:33] [32minfo[39m: [32m server running on port 5000[39m
[2025-11-15 13:14:37] [32minfo[39m: [32m server running on port 5000[39m
[2025-11-15 13:14:42] [32minfo[39m: [32m server running on port 5000[39m
[2025-11-15 13:14:44] [32minfo[39m: [32m server running on port 5000[39m
[2025-11-15 13:14:47] [32minfo[39m: [32m server running on port 5000[39m
[2025-11-15 13:14:53] [32minfo[39m: [32m server running on port 5000[39m
[2025-11-15 13:14:59] [32minfo[39m: [32m server running on port 5000[39m
[2025-11-15 13:15:14] [32minfo[39m: [32m server running on port 5000[39m
[2025-11-15 13:21:21] [32minfo[39m: [32m server running on port 5000[39m
[2025-11-15 13:21:32] [32minfo[39m: [32m server running on port 5000[39m
[2025-11-15 13:21:39] [32minfo[39m: [32m server running on port 5000[39m
[2025-11-15 13:22:28] [32minfo[39m: [32m server running on port 5000[39m
[2025-11-15 13:22:44] [32minfo[39m: [32m server running on port 5000[39m
[2025-11-15 13:22:47] [32minfo[39m: [32m server running on port 5000[39m
[2025-11-15 13:22:57] [32minfo[39m: [32m server running on port 5000[39m
[2025-11-15 13:23:02] [32minfo[39m: [32m server running on port 5000[39m
[2025-11-15 13:23:11] [32minfo[39m: [32m server running on port 5000[39m
[2025-11-15 13:26:30] [32minfo[39m: [32m server running on port 5000[39m
[2025-11-15 13:26:47] [32minfo[39m: [32m server running on port 5000[39m
[2025-11-15 13:27:51] [31merror[39m: [31m🔥 Unhandled Error:[39m
[31mInvalid `prisma.connection.delete()` invocation in[39m
[31mC:\Users\Niyas\OneDrive\Desktop\MedMate\Backend\src\infrastructure\repositories\ConnectionRepository.ts:70:29[39m

[31m  67 }[39m
[31m  68 [39m
[31m  69 async deleteByDoctorAndRep(doctorId: string, repId: string): Promise<void> {[39m
[31m→ 70   await prisma.connection.delete([39m
[31mAn operation failed because it depends on one or more records that were required but not found. No record was found for a delete.[39m
[2025-11-15 13:28:34] [32minfo[39m: [32m server running on port 5000[39m
[2025-11-15 13:28:40] [32minfo[39m: [32m server running on port 5000[39m
[2025-11-15 13:28:48] [31merror[39m: [31m🔥 Unhandled Error:[39m
[31mInvalid `prisma.connection.delete()` invocation in[39m
[31mC:\Users\Niyas\OneDrive\Desktop\MedMate\Backend\src\infrastructure\repositories\ConnectionRepository.ts:70:29[39m

[31m  67 }[39m
[31m  68 [39m
[31m  69 async deleteByDoctorAndRep(doctorId: string, repId: string): Promise<void> {[39m
[31m→ 70   await prisma.connection.delete([39m
[31mAn operation failed because it depends on one or more records that were required but not found. No record was found for a delete.[39m
[2025-11-15 13:29:01] [32minfo[39m: [32m server running on port 5000[39m
[2025-11-15 13:29:12] [31merror[39m: [31m🔥 Unhandled Error:[39m
[31mInvalid `prisma.connection.delete()` invocation in[39m
[31mC:\Users\Niyas\OneDrive\Desktop\MedMate\Backend\src\infrastructure\repositories\ConnectionRepository.ts:70:29[39m

[31m  67 }[39m
[31m  68 [39m
[31m  69 async deleteByDoctorAndRep(doctorId: string, repId: string): Promise<void> {[39m
[31m→ 70   await prisma.connection.delete([39m
[31mAn operation failed because it depends on one or more records that were required but not found. No record was found for a delete.[39m
[2025-11-15 13:30:00] [32minfo[39m: [32m server running on port 5000[39m
[2025-11-15 13:30:14] [32minfo[39m: [32m server running on port 5000[39m
[2025-11-15 13:35:42] [32minfo[39m: [32m server running on port 5000[39m
[2025-11-15 13:35:48] [32minfo[39m: [32m server running on port 5000[39m
[2025-11-15 13:35:51] [32minfo[39m: [32m server running on port 5000[39m
[2025-11-15 13:35:53] [32minfo[39m: [32m server running on port 5000[39m
