[2025-11-26 09:31:45] [32minfo[39m: [32m server running on port 5000[39m
[2025-11-26 09:34:30] [32minfo[39m: [32m server running on port 5000[39m
[2025-11-26 09:42:00] [32minfo[39m: [32m server running on port 5000[39m
[2025-11-26 09:42:07] [32minfo[39m: [32m server running on port 5000[39m
[2025-11-26 09:42:12] [32minfo[39m: [32m server running on port 5000[39m
[2025-11-26 09:42:15] [32minfo[39m: [32m server running on port 5000[39m
[2025-11-26 09:43:24] [33mwarn[39m: [33mAppError: Invalid email or password[39m
[2025-11-26 11:46:25] [32minfo[39m: [32m server running on port 5000[39m
[2025-11-26 11:46:30] [32minfo[39m: [32m server running on port 5000[39m
[2025-11-26 11:46:39] [32minfo[39m: [32m server running on port 5000[39m
[2025-11-26 11:46:55] [32minfo[39m: [32m server running on port 5000[39m
[2025-11-26 11:47:03] [32minfo[39m: [32m server running on port 5000[39m
[2025-11-26 11:47:14] [32minfo[39m: [32m server running on port 5000[39m
[2025-11-26 11:47:27] [32minfo[39m: [32m server running on port 5000[39m
[2025-11-26 11:47:37] [32minfo[39m: [32m server running on port 5000[39m
[2025-11-26 11:47:49] [32minfo[39m: [32m server running on port 5000[39m
[2025-11-26 11:48:01] [32minfo[39m: [32m server running on port 5000[39m
[2025-11-26 11:48:11] [32minfo[39m: [32m server running on port 5000[39m
[2025-11-26 11:48:19] [32minfo[39m: [32m server running on port 5000[39m
[2025-11-26 11:48:27] [32minfo[39m: [32m server running on port 5000[39m
[2025-11-26 11:48:30] [32minfo[39m: [32m server running on port 5000[39m
[2025-11-26 11:48:35] [32minfo[39m: [32m server running on port 5000[39m
[2025-11-26 11:48:42] [32minfo[39m: [32m server running on port 5000[39m
[2025-11-26 17:32:40] [32minfo[39m: [32m server running on port 5000[39m
[2025-11-26 17:39:15] [32minfo[39m: [32m server running on port 5000[39m
[2025-11-26 17:39:48] [32minfo[39m: [32m server running on port 5000[39m
[2025-11-26 17:39:57] [32minfo[39m: [32m server running on port 5000[39m
[2025-11-26 17:40:00] [32minfo[39m: [32m server running on port 5000[39m
[2025-11-26 17:40:03] [32minfo[39m: [32m server running on port 5000[39m
[2025-11-26 17:41:27] [33mwarn[39m: [33mAppError: Invalid email or password[39m
[2025-11-26 18:08:42] [32minfo[39m: [32m server running on port 5000[39m
[2025-11-26 18:09:39] [32minfo[39m: [32m server running on port 5000[39m
[2025-11-26 18:10:04] [32minfo[39m: [32m server running on port 5000[39m
[2025-11-26 18:10:14] [32minfo[39m: [32m server running on port 5000[39m
[2025-11-26 18:18:32] [32minfo[39m: [32m server running on port 5000[39m
[2025-11-26 18:20:33] [32minfo[39m: [32m server running on port 5000[39m
[2025-11-26 18:20:43] [32minfo[39m: [32m server running on port 5000[39m
[2025-11-26 18:21:21] [32minfo[39m: [32m server running on port 5000[39m
[2025-11-26 18:21:44] [32minfo[39m: [32m server running on port 5000[39m
[2025-11-26 18:25:39] [32minfo[39m: [32m server running on port 5000[39m
[2025-11-26 18:29:40] [32minfo[39m: [32m server running on port 5000[39m
[2025-11-26 18:30:47] [32minfo[39m: [32m server running on port 5000[39m
[2025-11-26 18:31:10] [32minfo[39m: [32m server running on port 5000[39m
[2025-11-26 18:32:18] [32minfo[39m: [32m server running on port 5000[39m
[2025-11-26 18:32:24] [32minfo[39m: [32m server running on port 5000[39m
[2025-11-26 18:32:43] [32minfo[39m: [32m server running on port 5000[39m
[2025-11-26 18:33:46] [32minfo[39m: [32m server running on port 5000[39m
[2025-11-26 18:34:20] [32minfo[39m: [32m server running on port 5000[39m
[2025-11-26 18:34:25] [32minfo[39m: [32m server running on port 5000[39m
[2025-11-26 18:54:34] [32minfo[39m: [32m server running on port 5000[39m
[2025-11-26 19:29:24] [32minfo[39m: [32m server running on port 5000[39m
[2025-11-26 19:54:34] [31merror[39m: [31mFailed to start server:argument handler must be a function[39m
[2025-11-26 19:55:00] [31merror[39m: [31mFailed to start server:argument handler must be a function[39m
[2025-11-26 20:12:18] [31merror[39m: [31mFailed to start server:argument handler must be a function[39m
[2025-11-26 20:12:25] [31merror[39m: [31mFailed to start server:argument handler must be a function[39m
[2025-11-26 20:12:31] [31merror[39m: [31mFailed to start server:argument handler must be a function[39m
[2025-11-26 20:12:37] [31merror[39m: [31mFailed to start server:argument handler must be a function[39m
[2025-11-26 20:12:47] [32minfo[39m: [32m server running on port 5000[39m
[2025-11-26 20:14:32] [32minfo[39m: [32m server running on port 5000[39m
[2025-11-26 20:14:41] [32minfo[39m: [32m server running on port 5000[39m
[2025-11-26 20:15:02] [31merror[39m: [31mFailed to start server:argument handler is required[39m
[2025-11-26 20:15:19] [31merror[39m: [31mFailed to start server:argument handler is required[39m
[2025-11-26 20:21:53] [31merror[39m: [31mFailed to start server:argument handler must be a function[39m
[2025-11-26 20:22:01] [32minfo[39m: [32m server running on port 5000[39m
[2025-11-26 20:23:20] [32minfo[39m: [32m server running on port 5000[39m
[2025-11-26 20:23:36] [32minfo[39m: [32m server running on port 5000[39m
[2025-11-26 20:24:09] [32minfo[39m: [32m server running on port 5000[39m
[2025-11-26 20:24:13] [32minfo[39m: [32m server running on port 5000[39m
[2025-11-26 20:26:05] [32minfo[39m: [32m server running on port 5000[39m
[2025-11-26 20:29:19] [31merror[39m: [31m🔥 Unhandled Error:User not found[39m
[2025-11-26 20:32:23] [31merror[39m: [31m🔥 Unhandled Error:User not found[39m
