[2025-11-17 10:22:12] [32minfo[39m: [32m server running on port 5000[39m
[2025-11-17 10:23:55] [33mwarn[39m: [33mAppError: User not found[39m
[2025-11-17 10:24:03] [33mwarn[39m: [33mAppError: User not found[39m
[2025-11-17 10:28:00] [32minfo[39m: [32m server running on port 5000[39m
[2025-11-17 10:28:06] [32minfo[39m: [32m server running on port 5000[39m
[2025-11-17 10:28:08] [32minfo[39m: [32m server running on port 5000[39m
[2025-11-17 10:38:26] [32minfo[39m: [32m server running on port 5000[39m
[2025-11-17 10:38:43] [32minfo[39m: [32m server running on port 5000[39m
[2025-11-17 10:39:06] [31merror[39m: [31m🔥 Unhandled Error:this._medicalRepRepository.getRepIdByUserId is not a function[39m
[2025-11-17 10:39:06] [31merror[39m: [31m🔥 Unhandled Error:this._medicalRepRepository.getRepIdByUserId is not a function[39m
[2025-11-17 10:39:20] [32minfo[39m: [32m server running on port 5000[39m
[2025-11-17 10:39:26] [32minfo[39m: [32m server running on port 5000[39m
[2025-11-17 10:39:37] [32minfo[39m: [32m server running on port 5000[39m
[2025-11-17 10:47:57] [32minfo[39m: [32m server running on port 5000[39m
[2025-11-17 10:48:03] [32minfo[39m: [32m server running on port 5000[39m
[2025-11-17 10:48:07] [32minfo[39m: [32m server running on port 5000[39m
[2025-11-17 10:48:18] [32minfo[39m: [32m server running on port 5000[39m
[2025-11-17 10:48:28] [32minfo[39m: [32m server running on port 5000[39m
[2025-11-17 10:48:35] [32minfo[39m: [32m server running on port 5000[39m
[2025-11-17 10:48:44] [32minfo[39m: [32m server running on port 5000[39m
[2025-11-17 10:49:07] [32minfo[39m: [32m server running on port 5000[39m
[2025-11-17 10:49:27] [32minfo[39m: [32m server running on port 5000[39m
[2025-11-17 10:49:35] [32minfo[39m: [32m server running on port 5000[39m
[2025-11-17 11:15:00] [32minfo[39m: [32m server running on port 5000[39m
[2025-11-17 11:15:41] [31merror[39m: [31mFailed to start server:argument handler is required[39m
[2025-11-17 11:15:50] [31merror[39m: [31mFailed to start server:Missing parameter name at 21: https://git.new/pathToRegexpError[39m
[2025-11-17 11:16:08] [31merror[39m: [31mFailed to start server:argument handler must be a function[39m
[2025-11-17 12:30:03] [32minfo[39m: [32m server running on port 5000[39m
[2025-11-17 12:30:22] [32minfo[39m: [32m server running on port 5000[39m
[2025-11-17 12:30:29] [32minfo[39m: [32m server running on port 5000[39m
[2025-11-17 12:30:51] [32minfo[39m: [32m server running on port 5000[39m
[2025-11-17 12:51:18] [31merror[39m: [31mFailed to start server:argument handler is required[39m
[2025-11-17 12:51:22] [31merror[39m: [31mFailed to start server:argument handler is required[39m
[2025-11-17 12:51:32] [31merror[39m: [31mFailed to start server:argument handler is required[39m
[2025-11-17 12:52:03] [31merror[39m: [31mFailed to start server:argument handler is required[39m
[2025-11-17 12:52:05] [31merror[39m: [31mFailed to start server:argument handler is required[39m
[2025-11-17 12:52:19] [31merror[39m: [31mFailed to start server:argument handler is required[39m
[2025-11-17 12:56:03] [32minfo[39m: [32m server running on port 5000[39m
[2025-11-17 13:12:14] [32minfo[39m: [32m server running on port 5000[39m
[2025-11-17 13:14:31] [32minfo[39m: [32m server running on port 5000[39m
[2025-11-17 13:16:15] [32minfo[39m: [32m server running on port 5000[39m
[2025-11-17 13:16:27] [32minfo[39m: [32m server running on port 5000[39m
[2025-11-17 13:17:08] [32minfo[39m: [32m server running on port 5000[39m
[2025-11-17 17:17:21] [32minfo[39m: [32m server running on port 5000[39m
[2025-11-17 17:18:02] [33mwarn[39m: [33mAppError: User not found[39m
[2025-11-17 17:18:15] [33mwarn[39m: [33mAppError: Please verify email before logging in[39m
[2025-11-17 17:18:16] [33mwarn[39m: [33mAppError: Please verify email before logging in[39m
[2025-11-17 17:18:30] [33mwarn[39m: [33mAppError: User not found[39m
[2025-11-17 17:18:37] [33mwarn[39m: [33mAppError: User not found[39m
[2025-11-17 17:21:03] [31merror[39m: [31m🔥 Unhandled Error:User not found[39m
[2025-11-17 17:22:19] [32minfo[39m: [32m server running on port 5000[39m
[2025-11-17 17:22:24] [31merror[39m: [31m🔥 Unhandled Error:User not found[39m
[2025-11-17 17:22:51] [32minfo[39m: [32m server running on port 5000[39m
[2025-11-17 17:23:07] [32minfo[39m: [32m server running on port 5000[39m
[2025-11-17 17:23:10] [31merror[39m: [31m🔥 Unhandled Error:User not found[39m
[2025-11-17 17:34:36] [32minfo[39m: [32m server running on port 5000[39m
[2025-11-17 17:46:05] [31merror[39m: [31m🔥 Unhandled Error:User not found[39m
[2025-11-17 18:43:14] [33mwarn[39m: [33mAppError: Invalid email or password[39m
[2025-11-17 18:43:27] [33mwarn[39m: [33mAppError: Invalid email or password[39m
[2025-11-17 18:43:27] [33mwarn[39m: [33mAppError: Invalid email or password[39m
[2025-11-17 18:53:16] [31merror[39m: [31m🔥 Unhandled Error:User not found[39m
[2025-11-17 18:56:30] [32minfo[39m: [32m server running on port 5000[39m
[2025-11-17 18:56:40] [32minfo[39m: [32m server running on port 5000[39m
[2025-11-17 18:57:31] [32minfo[39m: [32m server running on port 5000[39m
[2025-11-17 19:05:39] [32minfo[39m: [32m server running on port 5000[39m
[2025-11-17 19:05:55] [32minfo[39m: [32m server running on port 5000[39m
[2025-11-17 19:09:21] [32minfo[39m: [32m server running on port 5000[39m
[2025-11-17 19:09:43] [32minfo[39m: [32m server running on port 5000[39m
[2025-11-17 19:09:52] [32minfo[39m: [32m server running on port 5000[39m
[2025-11-17 19:09:57] [32minfo[39m: [32m server running on port 5000[39m
[2025-11-17 19:11:49] [32minfo[39m: [32m server running on port 5000[39m
[2025-11-17 19:12:01] [31merror[39m: [31mFailed to start server:Missing parameter name at 41: https://git.new/pathToRegexpError[39m
[2025-11-17 19:12:16] [32minfo[39m: [32m server running on port 5000[39m
[2025-11-17 19:12:40] [32minfo[39m: [32m server running on port 5000[39m
[2025-11-17 19:12:44] [32minfo[39m: [32m server running on port 5000[39m
[2025-11-17 19:12:49] [32minfo[39m: [32m server running on port 5000[39m
[2025-11-17 19:12:55] [31merror[39m: [31mFailed to start server:Missing parameter name at 41: https://git.new/pathToRegexpError[39m
[2025-11-17 19:13:02] [32minfo[39m: [32m server running on port 5000[39m
[2025-11-17 19:13:14] [32minfo[39m: [32m server running on port 5000[39m
[2025-11-17 19:13:17] [32minfo[39m: [32m server running on port 5000[39m
[2025-11-17 19:13:24] [32minfo[39m: [32m server running on port 5000[39m
[2025-11-17 19:13:45] [32minfo[39m: [32m server running on port 5000[39m
[2025-11-17 19:14:16] [32minfo[39m: [32m server running on port 5000[39m
[2025-11-17 19:14:18] [32minfo[39m: [32m server running on port 5000[39m
[2025-11-17 19:14:36] [32minfo[39m: [32m server running on port 5000[39m
[2025-11-17 19:15:55] [32minfo[39m: [32m server running on port 5000[39m
[2025-11-17 19:16:36] [32minfo[39m: [32m server running on port 5000[39m
[2025-11-17 19:16:40] [32minfo[39m: [32m server running on port 5000[39m
[2025-11-17 19:16:42] [32minfo[39m: [32m server running on port 5000[39m
[2025-11-17 19:17:39] [32minfo[39m: [32m server running on port 5000[39m
[2025-11-17 19:17:49] [32minfo[39m: [32m server running on port 5000[39m
[2025-11-17 19:17:52] [32minfo[39m: [32m server running on port 5000[39m
[2025-11-17 19:17:54] [32minfo[39m: [32m server running on port 5000[39m
[2025-11-17 19:18:43] [32minfo[39m: [32m server running on port 5000[39m
[2025-11-17 19:18:49] [32minfo[39m: [32m server running on port 5000[39m
[2025-11-17 19:18:52] [32minfo[39m: [32m server running on port 5000[39m
[2025-11-17 19:19:29] [32minfo[39m: [32m server running on port 5000[39m
[2025-11-17 19:19:31] [32minfo[39m: [32m server running on port 5000[39m
[2025-11-17 19:21:05] [32minfo[39m: [32m server running on port 5000[39m
[2025-11-17 19:21:18] [32minfo[39m: [32m server running on port 5000[39m
[2025-11-17 19:21:25] [32minfo[39m: [32m server running on port 5000[39m
[2025-11-17 19:21:30] [32minfo[39m: [32m server running on port 5000[39m
[2025-11-17 19:21:37] [32minfo[39m: [32m server running on port 5000[39m
[2025-11-17 19:21:44] [32minfo[39m: [32m server running on port 5000[39m
[2025-11-17 19:22:05] [32minfo[39m: [32m server running on port 5000[39m
[2025-11-17 19:22:36] [32minfo[39m: [32m server running on port 5000[39m
[2025-11-17 19:22:40] [32minfo[39m: [32m server running on port 5000[39m
[2025-11-17 19:22:41] [32minfo[39m: [32m server running on port 5000[39m
[2025-11-17 19:24:03] [32minfo[39m: [32m server running on port 5000[39m
[2025-11-17 19:24:11] [32minfo[39m: [32m server running on port 5000[39m
[2025-11-17 19:25:00] [32minfo[39m: [32m server running on port 5000[39m
[2025-11-17 19:25:04] [32minfo[39m: [32m server running on port 5000[39m
[2025-11-17 19:25:15] [32minfo[39m: [32m server running on port 5000[39m
[2025-11-17 19:25:33] [32minfo[39m: [32m server running on port 5000[39m
[2025-11-17 19:25:50] [32minfo[39m: [32m server running on port 5000[39m
[2025-11-17 19:26:05] [32minfo[39m: [32m server running on port 5000[39m
[2025-11-17 19:26:23] [32minfo[39m: [32m server running on port 5000[39m
[2025-11-17 19:26:56] [32minfo[39m: [32m server running on port 5000[39m
[2025-11-17 19:27:46] [32minfo[39m: [32m server running on port 5000[39m
[2025-11-17 19:39:50] [32minfo[39m: [32m server running on port 5000[39m
[2025-11-17 19:40:23] [32minfo[39m: [32m server running on port 5000[39m
[2025-11-17 19:40:55] [32minfo[39m: [32m server running on port 5000[39m
[2025-11-17 19:41:01] [32minfo[39m: [32m server running on port 5000[39m
[2025-11-17 19:41:26] [32minfo[39m: [32m server running on port 5000[39m
[2025-11-17 19:41:42] [32minfo[39m: [32m server running on port 5000[39m
[2025-11-17 19:42:27] [32minfo[39m: [32m server running on port 5000[39m
[2025-11-17 19:42:34] [32minfo[39m: [32m server running on port 5000[39m
[2025-11-17 19:42:50] [32minfo[39m: [32m server running on port 5000[39m
[2025-11-17 19:43:18] [32minfo[39m: [32m server running on port 5000[39m
[2025-11-17 19:43:46] [32minfo[39m: [32m server running on port 5000[39m
[2025-11-17 19:43:58] [32minfo[39m: [32m server running on port 5000[39m
[2025-11-17 19:44:00] [32minfo[39m: [32m server running on port 5000[39m
[2025-11-17 19:44:06] [32minfo[39m: [32m server running on port 5000[39m
[2025-11-17 19:44:19] [32minfo[39m: [32m server running on port 5000[39m
[2025-11-17 19:44:26] [32minfo[39m: [32m server running on port 5000[39m
[2025-11-17 19:44:47] [32minfo[39m: [32m server running on port 5000[39m
[2025-11-17 19:44:52] [32minfo[39m: [32m server running on port 5000[39m
[2025-11-17 19:44:54] [32minfo[39m: [32m server running on port 5000[39m
[2025-11-17 19:45:01] [32minfo[39m: [32m server running on port 5000[39m
[2025-11-17 19:45:17] [32minfo[39m: [32m server running on port 5000[39m
[2025-11-17 19:45:31] [32minfo[39m: [32m server running on port 5000[39m
[2025-11-17 19:45:40] [32minfo[39m: [32m server running on port 5000[39m
[2025-11-17 19:45:50] [32minfo[39m: [32m server running on port 5000[39m
[2025-11-17 19:45:56] [32minfo[39m: [32m server running on port 5000[39m
[2025-11-17 19:45:59] [32minfo[39m: [32m server running on port 5000[39m
[2025-11-17 19:46:01] [31merror[39m: [31mFailed to start server:Missing parameter name at 43: https://git.new/pathToRegexpError[39m
[2025-11-17 19:46:07] [31merror[39m: [31mFailed to start server:Missing parameter name at 50: https://git.new/pathToRegexpError[39m
[2025-11-17 19:46:12] [32minfo[39m: [32m server running on port 5000[39m
[2025-11-17 19:56:24] [32minfo[39m: [32m server running on port 5000[39m
[2025-11-17 19:56:51] [32minfo[39m: [32m server running on port 5000[39m
[2025-11-17 20:09:23] [31merror[39m: [31m🔥 Unhandled Error:User not found[39m
[2025-11-17 20:15:10] [32minfo[39m: [32m server running on port 5000[39m
[2025-11-17 20:19:25] [32minfo[39m: [32m server running on port 5000[39m
[2025-11-17 20:19:34] [31merror[39m: [31mFailed to start server:argument handler is required[39m
[2025-11-17 20:19:37] [31merror[39m: [31mFailed to start server:argument handler is required[39m
[2025-11-17 20:19:42] [31merror[39m: [31mFailed to start server:argument handler is required[39m
[2025-11-17 20:19:50] [31merror[39m: [31mFailed to start server:argument handler is required[39m
[2025-11-17 20:20:11] [31merror[39m: [31mFailed to start server:Missing parameter name at 27: https://git.new/pathToRegexpError[39m
[2025-11-17 20:20:18] [31merror[39m: [31mFailed to start server:argument handler is required[39m
[2025-11-17 20:20:21] [31merror[39m: [31mFailed to start server:argument handler is required[39m
[2025-11-17 20:20:33] [31merror[39m: [31mFailed to start server:argument handler is required[39m
[2025-11-17 20:20:36] [31merror[39m: [31mFailed to start server:Missing parameter name at 50: https://git.new/pathToRegexpError[39m
[2025-11-17 20:22:31] [32minfo[39m: [32m server running on port 5000[39m
[2025-11-17 20:22:57] [31merror[39m: [31m🔥 Unhandled Error:User not found[39m
[2025-11-17 20:32:05] [32minfo[39m: [32m server running on port 5000[39m
[2025-11-17 20:32:10] [31merror[39m: [31mFailed to start server:argument handler must be a function[39m
[2025-11-17 20:33:11] [32minfo[39m: [32m server running on port 5000[39m
[2025-11-17 20:33:37] [32minfo[39m: [32m server running on port 5000[39m
[2025-11-17 20:35:02] [32minfo[39m: [32m server running on port 5000[39m
[2025-11-17 20:35:11] [32minfo[39m: [32m server running on port 5000[39m
[2025-11-17 20:37:41] [32minfo[39m: [32m server running on port 5000[39m
