[2025-11-20 09:31:15] [32minfo[39m: [32m server running on port 5000[39m
[2025-11-20 10:07:40] [31merror[39m: [31mFailed to start server:argument handler is required[39m
[2025-11-20 10:16:48] [32minfo[39m: [32m server running on port 5000[39m
[2025-11-20 10:17:15] [32minfo[39m: [32m server running on port 5000[39m
[2025-11-20 10:17:23] [32minfo[39m: [32m server running on port 5000[39m
[2025-11-20 10:17:56] [32minfo[39m: [32m server running on port 5000[39m
[2025-11-20 10:18:23] [32minfo[39m: [32m server running on port 5000[39m
[2025-11-20 10:18:37] [32minfo[39m: [32m server running on port 5000[39m
[2025-11-20 10:19:10] [32minfo[39m: [32m server running on port 5000[39m
[2025-11-20 10:19:20] [32minfo[39m: [32m server running on port 5000[39m
[2025-11-20 10:19:30] [32minfo[39m: [32m server running on port 5000[39m
[2025-11-20 10:20:12] [32minfo[39m: [32m server running on port 5000[39m
[2025-11-20 10:20:55] [31merror[39m: [31mFailed to start server:argument handler is required[39m
[2025-11-20 10:21:03] [31merror[39m: [31mFailed to start server:argument handler is required[39m
[2025-11-20 10:24:11] [32minfo[39m: [32m server running on port 5000[39m
[2025-11-20 10:24:48] [32minfo[39m: [32m server running on port 5000[39m
[2025-11-20 10:24:55] [32minfo[39m: [32m server running on port 5000[39m
[2025-11-20 10:34:19] [32minfo[39m: [32m server running on port 5000[39m
[2025-11-20 11:27:55] [31merror[39m: [31m🔥 Unhandled Error:[39m
[31mInvalid `prisma.doctor.findFirst()` invocation in[39m
[31mC:\Users\Niyas\OneDrive\Desktop\MedMate\Backend\src\infrastructure\repositories\DoctorRepository.ts:91:40[39m

[31m  88 async getDoctorIdByUserId([39m
[31m  89   userId: string[39m
[31m  90 ): Promise<{ doctorId: string | null }> {[39m
[31m→ 91   const doctor = await prisma.doctor.findFirst([39m
[31mInconsistent column data: Malformed ObjectID: invalid character 'u' was found at index 0 in the provided hex string: "unread-count".[39m
[2025-11-20 11:29:33] [31merror[39m: [31m🔥 Unhandled Error:[39m
[31mInvalid `prisma.doctor.findFirst()` invocation in[39m
[31mC:\Users\Niyas\OneDrive\Desktop\MedMate\Backend\src\infrastructure\repositories\DoctorRepository.ts:91:40[39m

[31m  88 async getDoctorIdByUserId([39m
[31m  89   userId: string[39m
[31m  90 ): Promise<{ doctorId: string | null }> {[39m
[31m→ 91   const doctor = await prisma.doctor.findFirst([39m
[31mInconsistent column data: Malformed ObjectID: invalid character 'u' was found at index 0 in the provided hex string: "unread-count".[39m
[2025-11-20 11:29:33] [31merror[39m: [31m🔥 Unhandled Error:[39m
[31mInvalid `prisma.doctor.findFirst()` invocation in[39m
[31mC:\Users\Niyas\OneDrive\Desktop\MedMate\Backend\src\infrastructure\repositories\DoctorRepository.ts:91:40[39m

[31m  88 async getDoctorIdByUserId([39m
[31m  89   userId: string[39m
[31m  90 ): Promise<{ doctorId: string | null }> {[39m
[31m→ 91   const doctor = await prisma.doctor.findFirst([39m
[31mInconsistent column data: Malformed ObjectID: invalid character 'u' was found at index 0 in the provided hex string: "unread-count".[39m
[2025-11-20 11:30:17] [31merror[39m: [31m🔥 Unhandled Error:[39m
[31mInvalid `prisma.doctor.findFirst()` invocation in[39m
[31mC:\Users\Niyas\OneDrive\Desktop\MedMate\Backend\src\infrastructure\repositories\DoctorRepository.ts:91:40[39m

[31m  88 async getDoctorIdByUserId([39m
[31m  89   userId: string[39m
[31m  90 ): Promise<{ doctorId: string | null }> {[39m
[31m→ 91   const doctor = await prisma.doctor.findFirst([39m
[31mInconsistent column data: Malformed ObjectID: invalid character 'u' was found at index 0 in the provided hex string: "unread-count".[39m
[2025-11-20 11:30:17] [31merror[39m: [31m🔥 Unhandled Error:[39m
[31mInvalid `prisma.doctor.findFirst()` invocation in[39m
[31mC:\Users\Niyas\OneDrive\Desktop\MedMate\Backend\src\infrastructure\repositories\DoctorRepository.ts:91:40[39m

[31m  88 async getDoctorIdByUserId([39m
[31m  89   userId: string[39m
[31m  90 ): Promise<{ doctorId: string | null }> {[39m
[31m→ 91   const doctor = await prisma.doctor.findFirst([39m
[31mInconsistent column data: Malformed ObjectID: invalid character 'u' was found at index 0 in the provided hex string: "unread-count".[39m
[2025-11-20 11:34:14] [32minfo[39m: [32m server running on port 5000[39m
[2025-11-20 11:34:23] [31merror[39m: [31m🔥 Unhandled Error:[39m
[31mInvalid `prisma.doctor.findFirst()` invocation in[39m
[31mC:\Users\Niyas\OneDrive\Desktop\MedMate\Backend\src\infrastructure\repositories\DoctorRepository.ts:91:40[39m

[31m  88 async getDoctorIdByUserId([39m
[31m  89   userId: string[39m
[31m  90 ): Promise<{ doctorId: string | null }> {[39m
[31m→ 91   const doctor = await prisma.doctor.findFirst([39m
[31mInconsistent column data: Malformed ObjectID: invalid character 'u' was found at index 0 in the provided hex string: "unread-count".[39m
[2025-11-20 11:34:23] [31merror[39m: [31m🔥 Unhandled Error:[39m
[31mInvalid `prisma.doctor.findFirst()` invocation in[39m
[31mC:\Users\Niyas\OneDrive\Desktop\MedMate\Backend\src\infrastructure\repositories\DoctorRepository.ts:91:40[39m

[31m  88 async getDoctorIdByUserId([39m
[31m  89   userId: string[39m
[31m  90 ): Promise<{ doctorId: string | null }> {[39m
[31m→ 91   const doctor = await prisma.doctor.findFirst([39m
[31mInconsistent column data: Malformed ObjectID: invalid character 'u' was found at index 0 in the provided hex string: "unread-count".[39m
[2025-11-20 11:37:00] [32minfo[39m: [32m server running on port 5000[39m
[2025-11-20 11:50:38] [31merror[39m: [31m🔥 Unhandled Error:[39m
[31mInvalid `prisma.doctor.findFirst()` invocation in[39m
[31mC:\Users\Niyas\OneDrive\Desktop\MedMate\Backend\src\infrastructure\repositories\DoctorRepository.ts:91:40[39m

[31m  88 async getDoctorIdByUserId([39m
[31m  89   userId: string[39m
[31m  90 ): Promise<{ doctorId: string | null }> {[39m
[31m→ 91   const doctor = await prisma.doctor.findFirst([39m
[31mInconsistent column data: Malformed ObjectID: invalid character 'u' was found at index 0 in the provided hex string: "unread-count".[39m
[2025-11-20 11:50:38] [31merror[39m: [31m🔥 Unhandled Error:[39m
[31mInvalid `prisma.doctor.findFirst()` invocation in[39m
[31mC:\Users\Niyas\OneDrive\Desktop\MedMate\Backend\src\infrastructure\repositories\DoctorRepository.ts:91:40[39m

[31m  88 async getDoctorIdByUserId([39m
[31m  89   userId: string[39m
[31m  90 ): Promise<{ doctorId: string | null }> {[39m
[31m→ 91   const doctor = await prisma.doctor.findFirst([39m
[31mInconsistent column data: Malformed ObjectID: invalid character 'u' was found at index 0 in the provided hex string: "unread-count".[39m
[2025-11-20 11:51:50] [32minfo[39m: [32m server running on port 5000[39m
[2025-11-20 11:52:02] [32minfo[39m: [32m server running on port 5000[39m
[2025-11-20 11:52:35] [31merror[39m: [31m🔥 Unhandled Error:[39m
[31mInvalid `prisma.doctor.findFirst()` invocation in[39m
[31mC:\Users\Niyas\OneDrive\Desktop\MedMate\Backend\src\infrastructure\repositories\DoctorRepository.ts:91:40[39m

[31m  88 async getDoctorIdByUserId([39m
[31m  89   userId: string[39m
[31m  90 ): Promise<{ doctorId: string | null }> {[39m
[31m→ 91   const doctor = await prisma.doctor.findFirst([39m
[31mInconsistent column data: Malformed ObjectID: invalid character 'u' was found at index 0 in the provided hex string: "unread-count".[39m
[2025-11-20 11:52:49] [31merror[39m: [31m🔥 Unhandled Error:[39m
[31mInvalid `prisma.doctor.findFirst()` invocation in[39m
[31mC:\Users\Niyas\OneDrive\Desktop\MedMate\Backend\src\infrastructure\repositories\DoctorRepository.ts:91:40[39m

[31m  88 async getDoctorIdByUserId([39m
[31m  89   userId: string[39m
[31m  90 ): Promise<{ doctorId: string | null }> {[39m
[31m→ 91   const doctor = await prisma.doctor.findFirst([39m
[31mInconsistent column data: Malformed ObjectID: invalid character 'u' was found at index 0 in the provided hex string: "unread-count".[39m
[2025-11-20 11:56:18] [32minfo[39m: [32m server running on port 5000[39m
[2025-11-20 12:14:59] [31merror[39m: [31m🔥 Unhandled Error:[39m
[31mInvalid `prisma.notification.updateMany()` invocation in[39m
[31mC:\Users\Niyas\OneDrive\Desktop\MedMate\Backend\src\infrastructure\repositories\NotificationRepository.ts:148:46[39m

[31m  145 }[39m
[31m  146 [39m
[31m  147 async markNotificationAsRead(notificationId: string): Promise<boolean> {[39m
[31m→ 148   const result = await prisma.notification.updateMany([39m
[31mInconsistent column data: Malformed ObjectID: provided hex string representation must be exactly 12 bytes, instead got: "[object Object]", length 15.[39m
[2025-11-20 12:15:01] [31merror[39m: [31m🔥 Unhandled Error:[39m
[31mInvalid `prisma.notification.updateMany()` invocation in[39m
[31mC:\Users\Niyas\OneDrive\Desktop\MedMate\Backend\src\infrastructure\repositories\NotificationRepository.ts:148:46[39m

[31m  145 }[39m
[31m  146 [39m
[31m  147 async markNotificationAsRead(notificationId: string): Promise<boolean> {[39m
[31m→ 148   const result = await prisma.notification.updateMany([39m
[31mInconsistent column data: Malformed ObjectID: provided hex string representation must be exactly 12 bytes, instead got: "[object Object]", length 15.[39m
[2025-11-20 12:15:08] [31merror[39m: [31m🔥 Unhandled Error:Failed to update notification read status[39m
[2025-11-20 12:16:11] [31merror[39m: [31m🔥 Unhandled Error:Failed to update notification read status[39m
[2025-11-20 12:18:12] [32minfo[39m: [32m server running on port 5000[39m
[2025-11-20 12:18:25] [32minfo[39m: [32m server running on port 5000[39m
[2025-11-20 12:18:32] [31merror[39m: [31m🔥 Unhandled Error:Cannot read properties of undefined (reading 'execute')[39m
[2025-11-20 12:18:32] [31merror[39m: [31m🔥 Unhandled Error:Cannot read properties of undefined (reading 'execute')[39m
[2025-11-20 12:20:52] [32minfo[39m: [32m server running on port 5000[39m
[2025-11-20 14:13:05] [32minfo[39m: [32m server running on port 5000[39m
[2025-11-20 14:13:41] [32minfo[39m: [32m server running on port 5000[39m
[2025-11-20 14:14:11] [32minfo[39m: [32m server running on port 5000[39m
[2025-11-20 14:14:39] [32minfo[39m: [32m server running on port 5000[39m
[2025-11-20 14:14:43] [32minfo[39m: [32m server running on port 5000[39m
[2025-11-20 14:15:47] [32minfo[39m: [32m server running on port 5000[39m
[2025-11-20 14:15:50] [32minfo[39m: [32m server running on port 5000[39m
[2025-11-20 14:15:58] [32minfo[39m: [32m server running on port 5000[39m
[2025-11-20 14:16:02] [32minfo[39m: [32m server running on port 5000[39m
[2025-11-20 14:24:05] [32minfo[39m: [32m server running on port 5000[39m
[2025-11-20 14:38:43] [32minfo[39m: [32m server running on port 5000[39m
[2025-11-20 14:39:14] [32minfo[39m: [32m server running on port 5000[39m
[2025-11-20 14:40:23] [32minfo[39m: [32m server running on port 5000[39m
[2025-11-20 14:40:41] [32minfo[39m: [32m server running on port 5000[39m
[2025-11-20 14:40:57] [32minfo[39m: [32m server running on port 5000[39m
[2025-11-20 14:41:34] [32minfo[39m: [32m server running on port 5000[39m
[2025-11-20 14:41:44] [32minfo[39m: [32m server running on port 5000[39m
[2025-11-20 14:41:52] [32minfo[39m: [32m server running on port 5000[39m
[2025-11-20 14:43:00] [32minfo[39m: [32m server running on port 5000[39m
[2025-11-20 14:43:19] [32minfo[39m: [32m server running on port 5000[39m
[2025-11-20 14:43:29] [32minfo[39m: [32m server running on port 5000[39m
[2025-11-20 14:44:58] [32minfo[39m: [32m server running on port 5000[39m
[2025-11-20 14:48:46] [32minfo[39m: [32m server running on port 5000[39m
[2025-11-20 14:49:24] [32minfo[39m: [32m server running on port 5000[39m
[2025-11-20 14:49:30] [32minfo[39m: [32m server running on port 5000[39m
[2025-11-20 14:49:44] [32minfo[39m: [32m server running on port 5000[39m
[2025-11-20 14:49:53] [32minfo[39m: [32m server running on port 5000[39m
[2025-11-20 14:50:43] [32minfo[39m: [32m server running on port 5000[39m
[2025-11-20 14:51:03] [32minfo[39m: [32m server running on port 5000[39m
[2025-11-20 14:54:53] [32minfo[39m: [32m server running on port 5000[39m
[2025-11-20 14:55:01] [32minfo[39m: [32m server running on port 5000[39m
[2025-11-20 14:55:06] [32minfo[39m: [32m server running on port 5000[39m
[2025-11-20 14:57:18] [32minfo[39m: [32m server running on port 5000[39m
[2025-11-20 14:57:27] [32minfo[39m: [32m server running on port 5000[39m
[2025-11-20 14:57:57] [32minfo[39m: [32m server running on port 5000[39m
[2025-11-20 14:58:14] [32minfo[39m: [32m server running on port 5000[39m
[2025-11-20 14:58:30] [32minfo[39m: [32m server running on port 5000[39m
[2025-11-20 15:01:31] [32minfo[39m: [32m server running on port 5000[39m
[2025-11-20 15:01:39] [32minfo[39m: [32m server running on port 5000[39m
[2025-11-20 15:01:44] [32minfo[39m: [32m server running on port 5000[39m
[2025-11-20 15:02:12] [32minfo[39m: [32m server running on port 5000[39m
[2025-11-20 15:15:05] [32minfo[39m: [32m server running on port 5000[39m
[2025-11-20 15:17:51] [32minfo[39m: [32m server running on port 5000[39m
[2025-11-20 15:17:58] [32minfo[39m: [32m server running on port 5000[39m
[2025-11-20 15:18:02] [32minfo[39m: [32m server running on port 5000[39m
