[2025-11-21 10:26:47] [32minfo[39m: [32m server running on port 5000[39m
[2025-11-21 10:30:48] [32minfo[39m: [32m server running on port 5000[39m
[2025-11-21 10:31:05] [32minfo[39m: [32m server running on port 5000[39m
[2025-11-21 10:32:41] [32minfo[39m: [32m server running on port 5000[39m
[2025-11-21 10:32:44] [32minfo[39m: [32m server running on port 5000[39m
[2025-11-21 10:33:18] [32minfo[39m: [32m server running on port 5000[39m
[2025-11-21 10:33:21] [32minfo[39m: [32m server running on port 5000[39m
[2025-11-21 10:33:25] [32minfo[39m: [32m server running on port 5000[39m
[2025-11-21 10:33:42] [32minfo[39m: [32m server running on port 5000[39m
[2025-11-21 10:33:49] [32minfo[39m: [32m server running on port 5000[39m
[2025-11-21 10:34:22] [32minfo[39m: [32m server running on port 5000[39m
[2025-11-21 10:34:32] [32minfo[39m: [32m server running on port 5000[39m
[2025-11-21 10:34:38] [32minfo[39m: [32m server running on port 5000[39m
[2025-11-21 10:49:51] [32minfo[39m: [32m server running on port 5000[39m
[2025-11-21 10:49:55] [32minfo[39m: [32m server running on port 5000[39m
[2025-11-21 10:49:57] [32minfo[39m: [32m server running on port 5000[39m
[2025-11-21 10:50:07] [32minfo[39m: [32m server running on port 5000[39m
[2025-11-21 10:50:13] [32minfo[39m: [32m server running on port 5000[39m
[2025-11-21 10:50:19] [32minfo[39m: [32m server running on port 5000[39m
[2025-11-21 10:50:27] [32minfo[39m: [32m server running on port 5000[39m
[2025-11-21 10:50:40] [32minfo[39m: [32m server running on port 5000[39m
[2025-11-21 10:50:48] [32minfo[39m: [32m server running on port 5000[39m
[2025-11-21 10:50:58] [32minfo[39m: [32m server running on port 5000[39m
[2025-11-21 10:51:03] [32minfo[39m: [32m server running on port 5000[39m
[2025-11-21 10:51:17] [32minfo[39m: [32m server running on port 5000[39m
[2025-11-21 10:51:35] [32minfo[39m: [32m server running on port 5000[39m
[2025-11-21 10:51:40] [32minfo[39m: [32m server running on port 5000[39m
[2025-11-21 10:51:55] [32minfo[39m: [32m server running on port 5000[39m
[2025-11-21 10:52:30] [32minfo[39m: [32m server running on port 5000[39m
[2025-11-21 10:52:38] [32minfo[39m: [32m server running on port 5000[39m
[2025-11-21 10:52:42] [32minfo[39m: [32m server running on port 5000[39m
[2025-11-21 10:52:48] [32minfo[39m: [32m server running on port 5000[39m
[2025-11-21 10:52:53] [32minfo[39m: [32m server running on port 5000[39m
[2025-11-21 10:52:58] [32minfo[39m: [32m server running on port 5000[39m
[2025-11-21 10:53:00] [32minfo[39m: [32m server running on port 5000[39m
[2025-11-21 10:54:15] [32minfo[39m: [32m server running on port 5000[39m
[2025-11-21 10:56:02] [32minfo[39m: [32m server running on port 5000[39m
[2025-11-21 11:10:30] [32minfo[39m: [32m server running on port 5000[39m
[2025-11-21 11:10:42] [32minfo[39m: [32m server running on port 5000[39m
[2025-11-21 11:11:59] [32minfo[39m: [32m server running on port 5000[39m
[2025-11-21 11:12:17] [32minfo[39m: [32m server running on port 5000[39m
[2025-11-21 11:14:57] [32minfo[39m: [32m server running on port 5000[39m
[2025-11-21 11:15:48] [32minfo[39m: [32m server running on port 5000[39m
[2025-11-21 11:15:55] [32minfo[39m: [32m server running on port 5000[39m
[2025-11-21 11:16:17] [32minfo[39m: [32m server running on port 5000[39m
[2025-11-21 11:16:19] [32minfo[39m: [32m server running on port 5000[39m
[2025-11-21 11:16:28] [32minfo[39m: [32m server running on port 5000[39m
[2025-11-21 11:16:42] [32minfo[39m: [32m server running on port 5000[39m
[2025-11-21 11:16:57] [32minfo[39m: [32m server running on port 5000[39m
[2025-11-21 11:17:09] [32minfo[39m: [32m server running on port 5000[39m
[2025-11-21 11:17:18] [32minfo[39m: [32m server running on port 5000[39m
[2025-11-21 11:17:25] [32minfo[39m: [32m server running on port 5000[39m
[2025-11-21 11:17:37] [32minfo[39m: [32m server running on port 5000[39m
[2025-11-21 11:17:40] [32minfo[39m: [32m server running on port 5000[39m
[2025-11-21 11:47:16] [31merror[39m: [31m🔥 Unhandled Error:User not found[39m
[2025-11-21 11:47:26] [31merror[39m: [31m🔥 Unhandled Error:User not found[39m
[2025-11-21 11:47:33] [31merror[39m: [31m🔥 Unhandled Error:User not found[39m
[2025-11-21 11:51:00] [32minfo[39m: [32m server running on port 5000[39m
[2025-11-21 11:51:03] [32minfo[39m: [32m server running on port 5000[39m
[2025-11-21 11:51:27] [32minfo[39m: [32m server running on port 5000[39m
[2025-11-21 11:51:35] [32minfo[39m: [32m server running on port 5000[39m
[2025-11-21 11:52:08] [32minfo[39m: [32m server running on port 5000[39m
[2025-11-21 11:52:49] [32minfo[39m: [32m server running on port 5000[39m
[2025-11-21 11:53:05] [32minfo[39m: [32m server running on port 5000[39m
[2025-11-21 11:53:17] [32minfo[39m: [32m server running on port 5000[39m
[2025-11-21 11:53:30] [32minfo[39m: [32m server running on port 5000[39m
[2025-11-21 11:53:47] [32minfo[39m: [32m server running on port 5000[39m
[2025-11-21 11:53:53] [32minfo[39m: [32m server running on port 5000[39m
[2025-11-21 11:54:00] [32minfo[39m: [32m server running on port 5000[39m
[2025-11-21 11:58:16] [32minfo[39m: [32m server running on port 5000[39m
[2025-11-21 11:58:28] [32minfo[39m: [32m server running on port 5000[39m
[2025-11-21 11:58:36] [32minfo[39m: [32m server running on port 5000[39m
[2025-11-21 12:04:18] [32minfo[39m: [32m server running on port 5000[39m
[2025-11-21 12:06:11] [31merror[39m: [31m🔥 Unhandled Error:[39m
[31mInvalid `this.model.create()` invocation in[39m
[31mC:\Users\Niyas\OneDrive\Desktop\MedMate\Backend\src\infrastructure\database\BaseRepository.ts:32:36[39m

[31m  29 }[39m
[31m  30 [39m
[31m  31 async create(data: TCreateInput): Promise<TDomain> {[39m
[31m→ 32 const created = await this.model.create([39m
[31mAn operation failed because it depends on one or more records that were required but not found. No 'Doctor' record (needed to inline the relation on 'Conversation' record(s)) was found for a nested connect on one-to-many relation 'ConversationToDoctor'.[39m
[2025-11-21 12:11:38] [32minfo[39m: [32m server running on port 5000[39m
[2025-11-21 12:11:41] [32minfo[39m: [32m server running on port 5000[39m
[2025-11-21 12:11:45] [32minfo[39m: [32m server running on port 5000[39m
[2025-11-21 12:11:47] [32minfo[39m: [32m server running on port 5000[39m
[2025-11-21 12:13:43] [32minfo[39m: [32m server running on port 5000[39m
[2025-11-21 12:14:03] [32minfo[39m: [32m server running on port 5000[39m
[2025-11-21 12:14:13] [32minfo[39m: [32m server running on port 5000[39m
[2025-11-21 12:14:15] [32minfo[39m: [32m server running on port 5000[39m
[2025-11-21 12:14:22] [32minfo[39m: [32m server running on port 5000[39m
[2025-11-21 12:16:08] [32minfo[39m: [32m server running on port 5000[39m
[2025-11-21 12:16:18] [32minfo[39m: [32m server running on port 5000[39m
[2025-11-21 12:22:06] [32minfo[39m: [32m server running on port 5000[39m
[2025-11-21 12:22:11] [32minfo[39m: [32m server running on port 5000[39m
[2025-11-21 12:24:53] [32minfo[39m: [32m server running on port 5000[39m
[2025-11-21 12:24:56] [32minfo[39m: [32m server running on port 5000[39m
[2025-11-21 12:25:29] [32minfo[39m: [32m server running on port 5000[39m
[2025-11-21 12:25:39] [32minfo[39m: [32m server running on port 5000[39m
[2025-11-21 12:25:44] [32minfo[39m: [32m server running on port 5000[39m
[2025-11-21 12:25:57] [32minfo[39m: [32m server running on port 5000[39m
[2025-11-21 12:26:02] [32minfo[39m: [32m server running on port 5000[39m
[2025-11-21 12:27:14] [32minfo[39m: [32m server running on port 5000[39m
[2025-11-21 12:27:35] [32minfo[39m: [32m server running on port 5000[39m
[2025-11-21 12:27:41] [32minfo[39m: [32m server running on port 5000[39m
[2025-11-21 12:27:44] [32minfo[39m: [32m server running on port 5000[39m
[2025-11-21 12:29:02] [32minfo[39m: [32m server running on port 5000[39m
[2025-11-21 12:29:55] [32minfo[39m: [32m server running on port 5000[39m
[2025-11-21 12:30:16] [32minfo[39m: [32m server running on port 5000[39m
[2025-11-21 12:31:06] [32minfo[39m: [32m server running on port 5000[39m
[2025-11-21 12:31:35] [32minfo[39m: [32m server running on port 5000[39m
[2025-11-21 12:31:47] [32minfo[39m: [32m server running on port 5000[39m
[2025-11-21 12:32:02] [32minfo[39m: [32m server running on port 5000[39m
[2025-11-21 12:32:11] [32minfo[39m: [32m server running on port 5000[39m
[2025-11-21 12:32:13] [32minfo[39m: [32m server running on port 5000[39m
[2025-11-21 12:32:18] [32minfo[39m: [32m server running on port 5000[39m
[2025-11-21 12:32:45] [32minfo[39m: [32m server running on port 5000[39m
[2025-11-21 12:33:24] [32minfo[39m: [32m server running on port 5000[39m
[2025-11-21 12:33:38] [32minfo[39m: [32m server running on port 5000[39m
[2025-11-21 12:33:47] [32minfo[39m: [32m server running on port 5000[39m
[2025-11-21 12:34:01] [32minfo[39m: [32m server running on port 5000[39m
[2025-11-21 12:34:11] [32minfo[39m: [32m server running on port 5000[39m
[2025-11-21 12:34:15] [32minfo[39m: [32m server running on port 5000[39m
[2025-11-21 12:34:46] [32minfo[39m: [32m server running on port 5000[39m
[2025-11-21 12:34:52] [32minfo[39m: [32m server running on port 5000[39m
[2025-11-21 12:35:04] [32minfo[39m: [32m server running on port 5000[39m
[2025-11-21 12:35:07] [32minfo[39m: [32m server running on port 5000[39m
[2025-11-21 12:35:10] [32minfo[39m: [32m server running on port 5000[39m
[2025-11-21 12:35:54] [32minfo[39m: [32m server running on port 5000[39m
[2025-11-21 12:36:00] [32minfo[39m: [32m server running on port 5000[39m
[2025-11-21 12:36:03] [32minfo[39m: [32m server running on port 5000[39m
[2025-11-21 12:36:05] [32minfo[39m: [32m server running on port 5000[39m
[2025-11-21 12:36:10] [32minfo[39m: [32m server running on port 5000[39m
[2025-11-21 12:36:16] [32minfo[39m: [32m server running on port 5000[39m
[2025-11-21 12:36:25] [32minfo[39m: [32m server running on port 5000[39m
[2025-11-21 12:36:31] [32minfo[39m: [32m server running on port 5000[39m
[2025-11-21 12:36:44] [32minfo[39m: [32m server running on port 5000[39m
[2025-11-21 12:36:49] [32minfo[39m: [32m server running on port 5000[39m
[2025-11-21 12:36:56] [32minfo[39m: [32m server running on port 5000[39m
[2025-11-21 12:37:00] [32minfo[39m: [32m server running on port 5000[39m
[2025-11-21 12:37:11] [32minfo[39m: [32m server running on port 5000[39m
[2025-11-21 12:38:27] [32minfo[39m: [32m server running on port 5000[39m
[2025-11-21 12:41:16] [32minfo[39m: [32m server running on port 5000[39m
[2025-11-21 12:43:25] [32minfo[39m: [32m server running on port 5000[39m
[2025-11-21 12:43:33] [32minfo[39m: [32m server running on port 5000[39m
[2025-11-21 12:43:36] [32minfo[39m: [32m server running on port 5000[39m
[2025-11-21 12:43:47] [32minfo[39m: [32m server running on port 5000[39m
[2025-11-21 12:44:02] [32minfo[39m: [32m server running on port 5000[39m
[2025-11-21 12:44:20] [32minfo[39m: [32m server running on port 5000[39m
[2025-11-21 12:44:36] [32minfo[39m: [32m server running on port 5000[39m
[2025-11-21 12:44:39] [32minfo[39m: [32m server running on port 5000[39m
[2025-11-21 12:45:02] [32minfo[39m: [32m server running on port 5000[39m
[2025-11-21 12:45:05] [32minfo[39m: [32m server running on port 5000[39m
[2025-11-21 12:45:25] [32minfo[39m: [32m server running on port 5000[39m
[2025-11-21 12:45:53] [32minfo[39m: [32m server running on port 5000[39m
[2025-11-21 12:46:02] [32minfo[39m: [32m server running on port 5000[39m
[2025-11-21 12:46:14] [32minfo[39m: [32m server running on port 5000[39m
[2025-11-21 12:53:31] [33mwarn[39m: [33mAppError: User not found[39m
[2025-11-21 15:39:40] [32minfo[39m: [32m server running on port 5000[39m
[2025-11-21 15:39:57] [32minfo[39m: [32m server running on port 5000[39m
[2025-11-21 15:42:37] [32minfo[39m: [32m server running on port 5000[39m
[2025-11-21 15:44:30] [32minfo[39m: [32m server running on port 5000[39m
[2025-11-21 15:44:49] [32minfo[39m: [32m server running on port 5000[39m
[2025-11-21 15:49:14] [32minfo[39m: [32m server running on port 5000[39m
[2025-11-21 15:49:55] [32minfo[39m: [32m server running on port 5000[39m
[2025-11-21 15:50:16] [32minfo[39m: [32m server running on port 5000[39m
[2025-11-21 15:50:19] [32minfo[39m: [32m server running on port 5000[39m
[2025-11-21 15:50:24] [32minfo[39m: [32m server running on port 5000[39m
[2025-11-21 15:51:32] [32minfo[39m: [32m server running on port 5000[39m
[2025-11-21 15:53:47] [32minfo[39m: [32m server running on port 5000[39m
[2025-11-21 15:54:23] [32minfo[39m: [32m server running on port 5000[39m
[2025-11-21 15:54:34] [32minfo[39m: [32m server running on port 5000[39m
[2025-11-21 15:54:55] [32minfo[39m: [32m server running on port 5000[39m
[2025-11-21 15:55:02] [32minfo[39m: [32m server running on port 5000[39m
[2025-11-21 15:55:07] [32minfo[39m: [32m server running on port 5000[39m
[2025-11-21 15:55:12] [32minfo[39m: [32m server running on port 5000[39m
[2025-11-21 15:55:20] [32minfo[39m: [32m server running on port 5000[39m
[2025-11-21 15:55:30] [32minfo[39m: [32m server running on port 5000[39m
[2025-11-21 15:55:34] [32minfo[39m: [32m server running on port 5000[39m
[2025-11-21 15:55:37] [32minfo[39m: [32m server running on port 5000[39m
[2025-11-21 15:55:53] [32minfo[39m: [32m server running on port 5000[39m
[2025-11-21 15:56:05] [32minfo[39m: [32m server running on port 5000[39m
[2025-11-21 15:56:13] [32minfo[39m: [32m server running on port 5000[39m
[2025-11-21 15:56:29] [32minfo[39m: [32m server running on port 5000[39m
[2025-11-21 15:57:03] [32minfo[39m: [32m server running on port 5000[39m
[2025-11-21 15:57:25] [32minfo[39m: [32m server running on port 5000[39m
[2025-11-21 15:57:32] [32minfo[39m: [32m server running on port 5000[39m
[2025-11-21 16:01:42] [32minfo[39m: [32m server running on port 5000[39m
[2025-11-21 16:02:12] [32minfo[39m: [32m server running on port 5000[39m
[2025-11-21 16:02:16] [32minfo[39m: [32m server running on port 5000[39m
[2025-11-21 16:02:26] [32minfo[39m: [32m server running on port 5000[39m
[2025-11-21 16:02:33] [32minfo[39m: [32m server running on port 5000[39m
[2025-11-21 16:02:48] [32minfo[39m: [32m server running on port 5000[39m
[2025-11-21 16:03:14] [32minfo[39m: [32m server running on port 5000[39m
[2025-11-21 16:05:05] [32minfo[39m: [32m server running on port 5000[39m
[2025-11-21 16:06:10] [32minfo[39m: [32m server running on port 5000[39m
[2025-11-21 16:06:20] [32minfo[39m: [32m server running on port 5000[39m
[2025-11-21 16:06:30] [32minfo[39m: [32m server running on port 5000[39m
[2025-11-21 16:35:01] [32minfo[39m: [32m server running on port 5000[39m
[2025-11-21 16:36:42] [32minfo[39m: [32m server running on port 5000[39m
[2025-11-21 16:41:34] [32minfo[39m: [32m server running on port 5000[39m
[2025-11-21 16:42:16] [32minfo[39m: [32m server running on port 5000[39m
