[2025-11-08 09:22:01] [32minfo[39m: [32m server running on port 5000[39m
[2025-11-08 09:38:00] [32minfo[39m: [32m server running on port 5000[39m
[2025-11-08 09:38:09] [32minfo[39m: [32m server running on port 5000[39m
[2025-11-08 09:38:13] [32minfo[39m: [32m server running on port 5000[39m
[2025-11-08 09:38:15] [32minfo[39m: [32m server running on port 5000[39m
[2025-11-08 09:38:19] [32minfo[39m: [32m server running on port 5000[39m
[2025-11-08 09:38:21] [32minfo[39m: [32m server running on port 5000[39m
[2025-11-08 09:38:55] [32minfo[39m: [32m server running on port 5000[39m
[2025-11-08 09:38:59] [32minfo[39m: [32m server running on port 5000[39m
[2025-11-08 09:39:26] [32minfo[39m: [32m server running on port 5000[39m
[2025-11-08 09:39:34] [32minfo[39m: [32m server running on port 5000[39m
[2025-11-08 09:40:07] [32minfo[39m: [32m server running on port 5000[39m
[2025-11-08 09:40:12] [32minfo[39m: [32m server running on port 5000[39m
[2025-11-08 09:41:32] [32minfo[39m: [32m server running on port 5000[39m
[2025-11-08 09:42:14] [32minfo[39m: [32m server running on port 5000[39m
[2025-11-08 09:42:52] [32minfo[39m: [32m server running on port 5000[39m
[2025-11-08 09:44:46] [32minfo[39m: [32m server running on port 5000[39m
[2025-11-08 09:44:52] [32minfo[39m: [32m server running on port 5000[39m
[2025-11-08 09:44:55] [32minfo[39m: [32m server running on port 5000[39m
[2025-11-08 09:44:58] [32minfo[39m: [32m server running on port 5000[39m
[2025-11-08 09:45:01] [32minfo[39m: [32m server running on port 5000[39m
[2025-11-08 09:49:34] [32minfo[39m: [32m server running on port 5000[39m
[2025-11-08 09:51:32] [31merror[39m: [31mFailed to start server:Cannot read properties of undefined (reading 'router')[39m
[2025-11-08 09:51:42] [31merror[39m: [31mFailed to start server:argument handler is required[39m
[2025-11-08 09:51:47] [32minfo[39m: [32m server running on port 5000[39m
[2025-11-08 09:51:52] [32minfo[39m: [32m server running on port 5000[39m
[2025-11-08 09:51:57] [32minfo[39m: [32m server running on port 5000[39m
[2025-11-08 09:52:01] [31merror[39m: [31mFailed to start server:vali is not defined[39m
[2025-11-08 09:52:04] [32minfo[39m: [32m server running on port 5000[39m
[2025-11-08 09:52:13] [32minfo[39m: [32m server running on port 5000[39m
[2025-11-08 09:52:22] [32minfo[39m: [32m server running on port 5000[39m
[2025-11-08 09:52:28] [32minfo[39m: [32m server running on port 5000[39m
[2025-11-08 09:52:31] [32minfo[39m: [32m server running on port 5000[39m
[2025-11-08 09:52:34] [32minfo[39m: [32m server running on port 5000[39m
[2025-11-08 09:52:39] [32minfo[39m: [32m server running on port 5000[39m
[2025-11-08 09:52:42] [32minfo[39m: [32m server running on port 5000[39m
[2025-11-08 09:52:47] [32minfo[39m: [32m server running on port 5000[39m
[2025-11-08 09:52:49] [32minfo[39m: [32m server running on port 5000[39m
[2025-11-08 09:52:52] [32minfo[39m: [32m server running on port 5000[39m
[2025-11-08 09:52:57] [32minfo[39m: [32m server running on port 5000[39m
[2025-11-08 09:53:00] [32minfo[39m: [32m server running on port 5000[39m
[2025-11-08 09:53:02] [32minfo[39m: [32m server running on port 5000[39m
[2025-11-08 09:53:08] [32minfo[39m: [32m server running on port 5000[39m
[2025-11-08 09:53:14] [32minfo[39m: [32m server running on port 5000[39m
[2025-11-08 09:53:23] [32minfo[39m: [32m server running on port 5000[39m
[2025-11-08 09:54:03] [32minfo[39m: [32m server running on port 5000[39m
[2025-11-08 09:54:19] [32minfo[39m: [32m server running on port 5000[39m
[2025-11-08 09:54:40] [32minfo[39m: [32m server running on port 5000[39m
[2025-11-08 09:54:42] [32minfo[39m: [32m server running on port 5000[39m
[2025-11-08 09:54:46] [32minfo[39m: [32m server running on port 5000[39m
[2025-11-08 09:55:17] [32minfo[39m: [32m server running on port 5000[39m
[2025-11-08 09:55:19] [31merror[39m: [31mFailed to start server:val is not defined[39m
[2025-11-08 09:55:22] [32minfo[39m: [32m server running on port 5000[39m
[2025-11-08 09:55:34] [32minfo[39m: [32m server running on port 5000[39m
[2025-11-08 09:55:41] [32minfo[39m: [32m server running on port 5000[39m
[2025-11-08 09:55:46] [32minfo[39m: [32m server running on port 5000[39m
[2025-11-08 09:55:49] [32minfo[39m: [32m server running on port 5000[39m
[2025-11-08 09:55:58] [32minfo[39m: [32m server running on port 5000[39m
[2025-11-08 09:56:01] [32minfo[39m: [32m server running on port 5000[39m
[2025-11-08 09:56:03] [32minfo[39m: [32m server running on port 5000[39m
[2025-11-08 09:56:06] [32minfo[39m: [32m server running on port 5000[39m
[2025-11-08 09:56:08] [32minfo[39m: [32m server running on port 5000[39m
[2025-11-08 09:56:10] [32minfo[39m: [32m server running on port 5000[39m
[2025-11-08 09:56:14] [32minfo[39m: [32m server running on port 5000[39m
[2025-11-08 09:56:16] [32minfo[39m: [32m server running on port 5000[39m
[2025-11-08 09:56:56] [32minfo[39m: [32m server running on port 5000[39m
[2025-11-08 09:57:01] [31merror[39m: [31mFailed to start server:Cannot read properties of undefined (reading 'router')[39m
[2025-11-08 09:57:05] [31merror[39m: [31mFailed to start server:argument handler is required[39m
[2025-11-08 09:57:09] [31merror[39m: [31mFailed to start server:Authe is not defined[39m
[2025-11-08 09:57:22] [32minfo[39m: [32m server running on port 5000[39m
[2025-11-08 09:57:31] [32minfo[39m: [32m server running on port 5000[39m
[2025-11-08 09:57:35] [32minfo[39m: [32m server running on port 5000[39m
[2025-11-08 09:57:38] [32minfo[39m: [32m server running on port 5000[39m
[2025-11-08 09:57:40] [32minfo[39m: [32m server running on port 5000[39m
[2025-11-08 09:57:43] [32minfo[39m: [32m server running on port 5000[39m
[2025-11-08 09:57:45] [32minfo[39m: [32m server running on port 5000[39m
[2025-11-08 09:57:49] [32minfo[39m: [32m server running on port 5000[39m
[2025-11-08 09:57:52] [32minfo[39m: [32m server running on port 5000[39m
[2025-11-08 09:58:02] [32minfo[39m: [32m server running on port 5000[39m
[2025-11-08 09:58:06] [32minfo[39m: [32m server running on port 5000[39m
[2025-11-08 09:58:10] [32minfo[39m: [32m server running on port 5000[39m
[2025-11-08 09:58:13] [32minfo[39m: [32m server running on port 5000[39m
[2025-11-08 09:58:15] [32minfo[39m: [32m server running on port 5000[39m
