[2025-11-12 09:39:40] [32minfo[39m: [32m server running on port 5000[39m
[2025-11-12 09:52:25] [33mwarn[39m: [33mAppError: Invalid email or password[39m
[2025-11-12 10:46:52] [32minfo[39m: [32m server running on port 5000[39m
[2025-11-12 10:55:31] [32minfo[39m: [32m server running on port 5000[39m
[2025-11-12 12:07:33] [32minfo[39m: [32m server running on port 5000[39m
[2025-11-12 12:07:59] [32minfo[39m: [32m server running on port 5000[39m
[2025-11-12 12:08:08] [32minfo[39m: [32m server running on port 5000[39m
[2025-11-12 12:08:14] [32minfo[39m: [32m server running on port 5000[39m
[2025-11-12 12:08:41] [32minfo[39m: [32m server running on port 5000[39m
[2025-11-12 12:09:04] [32minfo[39m: [32m server running on port 5000[39m
[2025-11-12 12:09:21] [32minfo[39m: [32m server running on port 5000[39m
[2025-11-12 12:13:02] [32minfo[39m: [32m server running on port 5000[39m
[2025-11-12 12:13:06] [32minfo[39m: [32m server running on port 5000[39m
[2025-11-12 12:13:12] [32minfo[39m: [32m server running on port 5000[39m
[2025-11-12 12:17:08] [32minfo[39m: [32m server running on port 5000[39m
[2025-11-12 12:18:58] [32minfo[39m: [32m server running on port 5000[39m
[2025-11-12 12:19:41] [31merror[39m: [31m🔥 Unhandled Error:[39m
[31mInvalid `this.model.findUnique()` invocation in[39m
[31mC:\Users\Niyas\OneDrive\Desktop\MedMate\Backend\src\infrastructure\repositories\UserRepository.ts:31:35[39m

[31m  28 }[39m
[31m  29 [39m
[31m  30 async findById(userId: string) {[39m
[31m→ 31 const entity = await this.model.findUnique([39m
[31mError in connector: Error creating a database connection. (Kind: An error occurred during DNS resolution: proto error: io error: A socket operation was attempted to an unreachable network. (os error 10051), labels: {})[39m
[2025-11-12 12:19:41] [31merror[39m: [31m🔥 Unhandled Error:[39m
[31mInvalid `this.model.findUnique()` invocation in[39m
[31mC:\Users\Niyas\OneDrive\Desktop\MedMate\Backend\src\infrastructure\repositories\UserRepository.ts:31:35[39m

[31m  28 }[39m
[31m  29 [39m
[31m  30 async findById(userId: string) {[39m
[31m→ 31 const entity = await this.model.findUnique([39m
[31mError in connector: Error creating a database connection. (Kind: An error occurred during DNS resolution: proto error: io error: A socket operation was attempted to an unreachable network. (os error 10051), labels: {})[39m
[2025-11-12 12:19:41] [31merror[39m: [31m🔥 Unhandled Error:[39m
[31mInvalid `this.model.findUnique()` invocation in[39m
[31mC:\Users\Niyas\OneDrive\Desktop\MedMate\Backend\src\infrastructure\repositories\UserRepository.ts:31:35[39m

[31m  28 }[39m
[31m  29 [39m
[31m  30 async findById(userId: string) {[39m
[31m→ 31 const entity = await this.model.findUnique([39m
[31mError in connector: Error creating a database connection. (Kind: An error occurred during DNS resolution: proto error: io error: A socket operation was attempted to an unreachable network. (os error 10051), labels: {})[39m
[2025-11-12 12:19:41] [31merror[39m: [31m🔥 Unhandled Error:[39m
[31mInvalid `this.model.findUnique()` invocation in[39m
[31mC:\Users\Niyas\OneDrive\Desktop\MedMate\Backend\src\infrastructure\repositories\UserRepository.ts:31:35[39m

[31m  28 }[39m
[31m  29 [39m
[31m  30 async findById(userId: string) {[39m
[31m→ 31 const entity = await this.model.findUnique([39m
[31mError in connector: Error creating a database connection. (Kind: An error occurred during DNS resolution: proto error: io error: A socket operation was attempted to an unreachable network. (os error 10051), labels: {})[39m
[2025-11-12 12:28:58] [32minfo[39m: [32m server running on port 5000[39m
[2025-11-12 12:46:04] [32minfo[39m: [32m server running on port 5000[39m
[2025-11-12 12:47:39] [32minfo[39m: [32m server running on port 5000[39m
[2025-11-12 12:47:42] [32minfo[39m: [32m server running on port 5000[39m
[2025-11-12 12:47:45] [32minfo[39m: [32m server running on port 5000[39m
[2025-11-12 12:47:51] [32minfo[39m: [32m server running on port 5000[39m
[2025-11-12 12:47:52] [32minfo[39m: [32m server running on port 5000[39m
[2025-11-12 12:48:04] [32minfo[39m: [32m server running on port 5000[39m
[2025-11-12 12:48:20] [32minfo[39m: [32m server running on port 5000[39m
[2025-11-12 13:56:32] [32minfo[39m: [32m server running on port 5000[39m
[2025-11-12 13:56:36] [32minfo[39m: [32m server running on port 5000[39m
[2025-11-12 13:58:29] [32minfo[39m: [32m server running on port 5000[39m
[2025-11-12 13:58:53] [32minfo[39m: [32m server running on port 5000[39m
[2025-11-12 13:59:03] [32minfo[39m: [32m server running on port 5000[39m
[2025-11-12 13:59:15] [32minfo[39m: [32m server running on port 5000[39m
[2025-11-12 13:59:46] [32minfo[39m: [32m server running on port 5000[39m
[2025-11-12 14:08:00] [32minfo[39m: [32m server running on port 5000[39m
[2025-11-12 14:09:07] [32minfo[39m: [32m server running on port 5000[39m
[2025-11-12 14:14:44] [32minfo[39m: [32m server running on port 5000[39m
[2025-11-12 14:14:52] [32minfo[39m: [32m server running on port 5000[39m
[2025-11-12 14:16:41] [32minfo[39m: [32m server running on port 5000[39m
[2025-11-12 14:16:47] [32minfo[39m: [32m server running on port 5000[39m
[2025-11-12 14:16:50] [32minfo[39m: [32m server running on port 5000[39m
[2025-11-12 14:29:42] [32minfo[39m: [32m server running on port 5000[39m
[2025-11-12 14:29:48] [32minfo[39m: [32m server running on port 5000[39m
[2025-11-12 14:30:06] [32minfo[39m: [32m server running on port 5000[39m
[2025-11-12 14:30:19] [32minfo[39m: [32m server running on port 5000[39m
[2025-11-12 14:31:10] [32minfo[39m: [32m server running on port 5000[39m
[2025-11-12 14:31:16] [32minfo[39m: [32m server running on port 5000[39m
[2025-11-12 14:31:34] [32minfo[39m: [32m server running on port 5000[39m
[2025-11-12 14:31:38] [32minfo[39m: [32m server running on port 5000[39m
[2025-11-12 14:32:14] [32minfo[39m: [32m server running on port 5000[39m
[2025-11-12 14:32:19] [32minfo[39m: [32m server running on port 5000[39m
[2025-11-12 14:32:28] [32minfo[39m: [32m server running on port 5000[39m
[2025-11-12 14:33:42] [32minfo[39m: [32m server running on port 5000[39m
[2025-11-12 14:33:58] [32minfo[39m: [32m server running on port 5000[39m
[2025-11-12 14:34:43] [32minfo[39m: [32m server running on port 5000[39m
[2025-11-12 14:37:03] [32minfo[39m: [32m server running on port 5000[39m
[2025-11-12 14:37:08] [32minfo[39m: [32m server running on port 5000[39m
[2025-11-12 14:37:11] [32minfo[39m: [32m server running on port 5000[39m
[2025-11-12 14:37:22] [32minfo[39m: [32m server running on port 5000[39m
[2025-11-12 14:45:05] [32minfo[39m: [32m server running on port 5000[39m
[2025-11-12 14:45:11] [32minfo[39m: [32m server running on port 5000[39m
[2025-11-12 14:46:00] [32minfo[39m: [32m server running on port 5000[39m
[2025-11-12 14:46:19] [32minfo[39m: [32m server running on port 5000[39m
[2025-11-12 14:46:30] [32minfo[39m: [32m server running on port 5000[39m
