[2025-11-19 11:49:10] [32minfo[39m: [32m server running on port 5000[39m
[2025-11-19 11:49:43] [32minfo[39m: [32m server running on port 5000[39m
[2025-11-19 11:49:52] [32minfo[39m: [32m server running on port 5000[39m
[2025-11-19 11:50:28] [32minfo[39m: [32m server running on port 5000[39m
[2025-11-19 11:50:36] [32minfo[39m: [32m server running on port 5000[39m
[2025-11-19 11:52:27] [33mwarn[39m: [33mAppError: User not found[39m
[2025-11-19 11:52:28] [33mwarn[39m: [33mAppError: User not found[39m
[2025-11-19 11:58:24] [32minfo[39m: [32m server running on port 5000[39m
[2025-11-19 11:58:52] [32minfo[39m: [32m server running on port 5000[39m
[2025-11-19 11:59:06] [32minfo[39m: [32m server running on port 5000[39m
[2025-11-19 12:00:04] [32minfo[39m: [32m server running on port 5000[39m
[2025-11-19 12:07:51] [32minfo[39m: [32m server running on port 5000[39m
[2025-11-19 12:08:25] [32minfo[39m: [32m server running on port 5000[39m
[2025-11-19 12:08:59] [32minfo[39m: [32m server running on port 5000[39m
[2025-11-19 12:10:07] [32minfo[39m: [32m server running on port 5000[39m
[2025-11-19 12:10:25] [32minfo[39m: [32m server running on port 5000[39m
[2025-11-19 12:27:27] [33mwarn[39m: [33mAppError: Invalid email or password[39m
[2025-11-19 12:37:26] [32minfo[39m: [32m server running on port 5000[39m
[2025-11-19 12:37:47] [32minfo[39m: [32m server running on port 5000[39m
[2025-11-19 12:44:16] [32minfo[39m: [32m server running on port 5000[39m
[2025-11-19 12:47:10] [32minfo[39m: [32m server running on port 5000[39m
[2025-11-19 12:47:13] [32minfo[39m: [32m server running on port 5000[39m
[2025-11-19 12:47:41] [32minfo[39m: [32m server running on port 5000[39m
[2025-11-19 12:47:45] [32minfo[39m: [32m server running on port 5000[39m
[2025-11-19 12:47:55] [32minfo[39m: [32m server running on port 5000[39m
[2025-11-19 12:48:23] [32minfo[39m: [32m server running on port 5000[39m
[2025-11-19 12:48:58] [32minfo[39m: [32m server running on port 5000[39m
[2025-11-19 12:49:14] [32minfo[39m: [32m server running on port 5000[39m
[2025-11-19 12:50:07] [32minfo[39m: [32m server running on port 5000[39m
[2025-11-19 12:50:50] [32minfo[39m: [32m server running on port 5000[39m
[2025-11-19 12:51:01] [32minfo[39m: [32m server running on port 5000[39m
[2025-11-19 12:51:07] [32minfo[39m: [32m server running on port 5000[39m
[2025-11-19 12:51:13] [32minfo[39m: [32m server running on port 5000[39m
[2025-11-19 12:52:05] [32minfo[39m: [32m server running on port 5000[39m
[2025-11-19 12:52:16] [32minfo[39m: [32m server running on port 5000[39m
[2025-11-19 12:52:30] [32minfo[39m: [32m server running on port 5000[39m
[2025-11-19 12:52:52] [32minfo[39m: [32m server running on port 5000[39m
[2025-11-19 12:53:06] [32minfo[39m: [32m server running on port 5000[39m
[2025-11-19 12:53:51] [32minfo[39m: [32m server running on port 5000[39m
[2025-11-19 12:54:00] [32minfo[39m: [32m server running on port 5000[39m
[2025-11-19 12:54:09] [32minfo[39m: [32m server running on port 5000[39m
[2025-11-19 12:54:16] [32minfo[39m: [32m server running on port 5000[39m
[2025-11-19 12:54:28] [32minfo[39m: [32m server running on port 5000[39m
[2025-11-19 12:54:42] [32minfo[39m: [32m server running on port 5000[39m
[2025-11-19 12:54:51] [32minfo[39m: [32m server running on port 5000[39m
[2025-11-19 12:54:54] [32minfo[39m: [32m server running on port 5000[39m
[2025-11-19 12:55:08] [32minfo[39m: [32m server running on port 5000[39m
[2025-11-19 13:12:15] [32minfo[39m: [32m server running on port 5000[39m
[2025-11-19 13:15:49] [32minfo[39m: [32m server running on port 5000[39m
[2025-11-19 13:16:07] [32minfo[39m: [32m server running on port 5000[39m
[2025-11-19 13:16:26] [32minfo[39m: [32m server running on port 5000[39m
[2025-11-19 13:16:49] [32minfo[39m: [32m server running on port 5000[39m
[2025-11-19 13:17:05] [32minfo[39m: [32m server running on port 5000[39m
[2025-11-19 13:17:09] [32minfo[39m: [32m server running on port 5000[39m
[2025-11-19 13:18:32] [32minfo[39m: [32m server running on port 5000[39m
[2025-11-19 13:18:42] [32minfo[39m: [32m server running on port 5000[39m
[2025-11-19 13:18:56] [32minfo[39m: [32m server running on port 5000[39m
[2025-11-19 13:19:05] [32minfo[39m: [32m server running on port 5000[39m
[2025-11-19 13:19:14] [32minfo[39m: [32m server running on port 5000[39m
[2025-11-19 13:19:44] [32minfo[39m: [32m server running on port 5000[39m
[2025-11-19 13:19:56] [32minfo[39m: [32m server running on port 5000[39m
[2025-11-19 13:20:04] [32minfo[39m: [32m server running on port 5000[39m
[2025-11-19 13:20:08] [32minfo[39m: [32m server running on port 5000[39m
[2025-11-19 13:20:32] [32minfo[39m: [32m server running on port 5000[39m
[2025-11-19 13:21:06] [32minfo[39m: [32m server running on port 5000[39m
[2025-11-19 13:21:17] [32minfo[39m: [32m server running on port 5000[39m
[2025-11-19 13:21:20] [32minfo[39m: [32m server running on port 5000[39m
[2025-11-19 13:21:31] [32minfo[39m: [32m server running on port 5000[39m
[2025-11-19 13:21:51] [32minfo[39m: [32m server running on port 5000[39m
[2025-11-19 13:22:12] [32minfo[39m: [32m server running on port 5000[39m
[2025-11-19 13:25:38] [32minfo[39m: [32m server running on port 5000[39m
[2025-11-19 13:29:25] [32minfo[39m: [32m server running on port 5000[39m
[2025-11-19 13:29:29] [32minfo[39m: [32m server running on port 5000[39m
[2025-11-19 13:31:19] [32minfo[39m: [32m server running on port 5000[39m
[2025-11-19 13:32:12] [32minfo[39m: [32m server running on port 5000[39m
[2025-11-19 13:32:19] [32minfo[39m: [32m server running on port 5000[39m
[2025-11-19 13:32:23] [32minfo[39m: [32m server running on port 5000[39m
[2025-11-19 13:33:13] [32minfo[39m: [32m server running on port 5000[39m
[2025-11-19 13:33:21] [32minfo[39m: [32m server running on port 5000[39m
[2025-11-19 13:33:56] [32minfo[39m: [32m server running on port 5000[39m
[2025-11-19 13:34:02] [32minfo[39m: [32m server running on port 5000[39m
[2025-11-19 13:34:20] [32minfo[39m: [32m server running on port 5000[39m
[2025-11-19 13:34:24] [32minfo[39m: [32m server running on port 5000[39m
[2025-11-19 13:34:31] [32minfo[39m: [32m server running on port 5000[39m
[2025-11-19 13:34:46] [32minfo[39m: [32m server running on port 5000[39m
[2025-11-19 13:34:50] [32minfo[39m: [32m server running on port 5000[39m
[2025-11-19 13:34:56] [32minfo[39m: [32m server running on port 5000[39m
[2025-11-19 13:35:19] [32minfo[39m: [32m server running on port 5000[39m
[2025-11-19 13:35:35] [32minfo[39m: [32m server running on port 5000[39m
[2025-11-19 13:36:57] [32minfo[39m: [32m server running on port 5000[39m
[2025-11-19 13:37:13] [32minfo[39m: [32m server running on port 5000[39m
[2025-11-19 13:37:18] [32minfo[39m: [32m server running on port 5000[39m
[2025-11-19 13:37:25] [32minfo[39m: [32m server running on port 5000[39m
[2025-11-19 13:37:49] [32minfo[39m: [32m server running on port 5000[39m
[2025-11-19 13:38:07] [32minfo[39m: [32m server running on port 5000[39m
[2025-11-19 13:38:21] [32minfo[39m: [32m server running on port 5000[39m
[2025-11-19 13:38:35] [32minfo[39m: [32m server running on port 5000[39m
[2025-11-19 13:38:39] [32minfo[39m: [32m server running on port 5000[39m
[2025-11-19 13:38:49] [32minfo[39m: [32m server running on port 5000[39m
[2025-11-19 14:40:10] [32minfo[39m: [32m server running on port 5000[39m
[2025-11-19 14:42:18] [32minfo[39m: [32m server running on port 5000[39m
[2025-11-19 14:42:25] [32minfo[39m: [32m server running on port 5000[39m
[2025-11-19 14:42:42] [32minfo[39m: [32m server running on port 5000[39m
[2025-11-19 14:43:11] [32minfo[39m: [32m server running on port 5000[39m
[2025-11-19 14:47:10] [32minfo[39m: [32m server running on port 5000[39m
[2025-11-19 14:49:36] [32minfo[39m: [32m server running on port 5000[39m
[2025-11-19 14:49:40] [32minfo[39m: [32m server running on port 5000[39m
[2025-11-19 14:50:15] [32minfo[39m: [32m server running on port 5000[39m
[2025-11-19 14:50:35] [32minfo[39m: [32m server running on port 5000[39m
[2025-11-19 14:50:51] [32minfo[39m: [32m server running on port 5000[39m
[2025-11-19 14:50:58] [32minfo[39m: [32m server running on port 5000[39m
[2025-11-19 14:51:36] [32minfo[39m: [32m server running on port 5000[39m
[2025-11-19 14:51:46] [32minfo[39m: [32m server running on port 5000[39m
[2025-11-19 14:52:03] [32minfo[39m: [32m server running on port 5000[39m
[2025-11-19 14:52:49] [32minfo[39m: [32m server running on port 5000[39m
[2025-11-19 14:56:30] [32minfo[39m: [32m server running on port 5000[39m
[2025-11-19 14:56:39] [32minfo[39m: [32m server running on port 5000[39m
[2025-11-19 14:56:47] [32minfo[39m: [32m server running on port 5000[39m
[2025-11-19 14:57:08] [32minfo[39m: [32m server running on port 5000[39m
[2025-11-19 14:57:14] [32minfo[39m: [32m server running on port 5000[39m
[2025-11-19 14:57:21] [32minfo[39m: [32m server running on port 5000[39m
[2025-11-19 14:57:32] [32minfo[39m: [32m server running on port 5000[39m
[2025-11-19 14:58:47] [32minfo[39m: [32m server running on port 5000[39m
[2025-11-19 14:59:09] [32minfo[39m: [32m server running on port 5000[39m
[2025-11-19 15:02:55] [32minfo[39m: [32m server running on port 5000[39m
[2025-11-19 15:03:30] [32minfo[39m: [32m server running on port 5000[39m
[2025-11-19 15:04:24] [32minfo[39m: [32m server running on port 5000[39m
[2025-11-19 15:04:36] [32minfo[39m: [32m server running on port 5000[39m
[2025-11-19 15:04:44] [32minfo[39m: [32m server running on port 5000[39m
[2025-11-19 15:04:57] [32minfo[39m: [32m server running on port 5000[39m
[2025-11-19 15:05:24] [32minfo[39m: [32m server running on port 5000[39m
[2025-11-19 15:05:41] [32minfo[39m: [32m server running on port 5000[39m
[2025-11-19 15:06:12] [32minfo[39m: [32m server running on port 5000[39m
[2025-11-19 15:06:52] [32minfo[39m: [32m server running on port 5000[39m
[2025-11-19 15:07:18] [32minfo[39m: [32m server running on port 5000[39m
[2025-11-19 15:07:47] [32minfo[39m: [32m server running on port 5000[39m
[2025-11-19 15:08:16] [32minfo[39m: [32m server running on port 5000[39m
[2025-11-19 15:09:06] [32minfo[39m: [32m server running on port 5000[39m
[2025-11-19 15:09:46] [32minfo[39m: [32m server running on port 5000[39m
[2025-11-19 15:10:06] [32minfo[39m: [32m server running on port 5000[39m
[2025-11-19 15:10:40] [32minfo[39m: [32m server running on port 5000[39m
[2025-11-19 15:10:48] [32minfo[39m: [32m server running on port 5000[39m
[2025-11-19 15:11:00] [32minfo[39m: [32m server running on port 5000[39m
[2025-11-19 15:12:27] [32minfo[39m: [32m server running on port 5000[39m
[2025-11-19 15:13:06] [32minfo[39m: [32m server running on port 5000[39m
[2025-11-19 15:18:10] [32minfo[39m: [32m server running on port 5000[39m
[2025-11-19 15:18:35] [32minfo[39m: [32m server running on port 5000[39m
[2025-11-19 15:18:45] [32minfo[39m: [32m server running on port 5000[39m
[2025-11-19 15:19:14] [32minfo[39m: [32m server running on port 5000[39m
[2025-11-19 15:19:27] [32minfo[39m: [32m server running on port 5000[39m
[2025-11-19 15:19:40] [32minfo[39m: [32m server running on port 5000[39m
[2025-11-19 15:19:52] [32minfo[39m: [32m server running on port 5000[39m
[2025-11-19 15:20:12] [32minfo[39m: [32m server running on port 5000[39m
[2025-11-19 15:20:20] [32minfo[39m: [32m server running on port 5000[39m
[2025-11-19 15:20:49] [32minfo[39m: [32m server running on port 5000[39m
[2025-11-19 15:21:06] [32minfo[39m: [32m server running on port 5000[39m
[2025-11-19 15:21:16] [32minfo[39m: [32m server running on port 5000[39m
[2025-11-19 15:21:21] [32minfo[39m: [32m server running on port 5000[39m
[2025-11-19 15:21:31] [32minfo[39m: [32m server running on port 5000[39m
[2025-11-19 15:21:49] [32minfo[39m: [32m server running on port 5000[39m
[2025-11-19 15:22:09] [32minfo[39m: [32m server running on port 5000[39m
[2025-11-19 15:22:21] [32minfo[39m: [32m server running on port 5000[39m
[2025-11-19 15:22:42] [31merror[39m: [31m🔥 Unhandled Error:Cannot read properties of undefined (reading 'generateSignedUrl')[39m
[2025-11-19 15:23:09] [32minfo[39m: [32m server running on port 5000[39m
[2025-11-19 15:23:52] [32minfo[39m: [32m server running on port 5000[39m
[2025-11-19 17:32:36] [32minfo[39m: [32m server running on port 5000[39m
[2025-11-19 17:32:56] [32minfo[39m: [32m server running on port 5000[39m
[2025-11-19 17:33:16] [32minfo[39m: [32m server running on port 5000[39m
[2025-11-19 17:33:43] [32minfo[39m: [32m server running on port 5000[39m
[2025-11-19 17:36:31] [32minfo[39m: [32m server running on port 5000[39m
[2025-11-19 17:40:21] [32minfo[39m: [32m server running on port 5000[39m
[2025-11-19 17:40:50] [32minfo[39m: [32m server running on port 5000[39m
[2025-11-19 17:44:36] [32minfo[39m: [32m server running on port 5000[39m
[2025-11-19 17:44:39] [32minfo[39m: [32m server running on port 5000[39m
[2025-11-19 17:44:47] [32minfo[39m: [32m server running on port 5000[39m
[2025-11-19 17:45:21] [32minfo[39m: [32m server running on port 5000[39m
[2025-11-19 17:45:26] [32minfo[39m: [32m server running on port 5000[39m
[2025-11-19 17:47:22] [32minfo[39m: [32m server running on port 5000[39m
[2025-11-19 17:52:29] [32minfo[39m: [32m server running on port 5000[39m
[2025-11-19 17:58:15] [32minfo[39m: [32m server running on port 5000[39m
[2025-11-19 18:09:23] [31merror[39m: [31mFailed to start server:argument handler is required[39m
[2025-11-19 18:09:27] [31merror[39m: [31mFailed to start server:argument handler is required[39m
[2025-11-19 18:10:07] [31merror[39m: [31mFailed to start server:argument handler is required[39m
[2025-11-19 18:10:20] [31merror[39m: [31mFailed to start server:argument handler is required[39m
[2025-11-19 18:10:22] [31merror[39m: [31mFailed to start server:argument handler is required[39m
[2025-11-19 18:40:03] [32minfo[39m: [32m server running on port 5000[39m
[2025-11-19 18:40:15] [32minfo[39m: [32m server running on port 5000[39m
[2025-11-19 18:40:41] [32minfo[39m: [32m server running on port 5000[39m
[2025-11-19 18:40:54] [32minfo[39m: [32m server running on port 5000[39m
[2025-11-19 18:41:45] [32minfo[39m: [32m server running on port 5000[39m
[2025-11-19 18:41:49] [32minfo[39m: [32m server running on port 5000[39m
[2025-11-19 18:41:53] [32minfo[39m: [32m server running on port 5000[39m
[2025-11-19 18:42:05] [32minfo[39m: [32m server running on port 5000[39m
[2025-11-19 18:42:32] [31merror[39m: [31mFailed to start server:argument handler is required[39m
[2025-11-19 18:42:35] [31merror[39m: [31mFailed to start server:argument handler is required[39m
[2025-11-19 18:43:05] [31merror[39m: [31mFailed to start server:argument handler is required[39m
[2025-11-19 18:43:22] [31merror[39m: [31mFailed to start server:argument handler is required[39m
[2025-11-19 18:43:32] [31merror[39m: [31mFailed to start server:argument handler is required[39m
[2025-11-19 18:43:39] [31merror[39m: [31mFailed to start server:argument handler is required[39m
[2025-11-19 18:45:48] [32minfo[39m: [32m server running on port 5000[39m
[2025-11-19 18:46:25] [32minfo[39m: [32m server running on port 5000[39m
[2025-11-19 18:46:31] [32minfo[39m: [32m server running on port 5000[39m
[2025-11-19 20:12:29] [31merror[39m: [31mFailed to start server:argument handler is required[39m
[2025-11-19 20:12:48] [31merror[39m: [31mFailed to start server:argument handler is required[39m
[2025-11-19 20:29:07] [32minfo[39m: [32m server running on port 5000[39m
[2025-11-19 20:29:42] [32minfo[39m: [32m server running on port 5000[39m
[2025-11-19 20:29:55] [32minfo[39m: [32m server running on port 5000[39m
[2025-11-19 20:30:21] [32minfo[39m: [32m server running on port 5000[39m
[2025-11-19 20:31:13] [32minfo[39m: [32m server running on port 5000[39m
[2025-11-19 20:31:56] [32minfo[39m: [32m server running on port 5000[39m
[2025-11-19 20:33:28] [31merror[39m: [31mFailed to start server:argument handler is required[39m
[2025-11-19 20:37:23] [32minfo[39m: [32m server running on port 5000[39m
[2025-11-19 20:37:58] [32minfo[39m: [32m server running on port 5000[39m
[2025-11-19 20:49:16] [32minfo[39m: [32m server running on port 5000[39m
[2025-11-19 20:50:05] [32minfo[39m: [32m server running on port 5000[39m
[2025-11-19 20:50:08] [32minfo[39m: [32m server running on port 5000[39m
[2025-11-19 20:51:48] [32minfo[39m: [32m server running on port 5000[39m
[2025-11-19 20:51:50] [32minfo[39m: [32m server running on port 5000[39m
[2025-11-19 20:51:54] [32minfo[39m: [32m server running on port 5000[39m
[2025-11-19 20:52:00] [32minfo[39m: [32m server running on port 5000[39m
[2025-11-19 20:52:28] [32minfo[39m: [32m server running on port 5000[39m
[2025-11-19 20:52:38] [32minfo[39m: [32m server running on port 5000[39m
[2025-11-19 20:52:52] [32minfo[39m: [32m server running on port 5000[39m
[2025-11-19 20:53:11] [32minfo[39m: [32m server running on port 5000[39m
[2025-11-19 20:53:19] [32minfo[39m: [32m server running on port 5000[39m
[2025-11-19 20:53:25] [32minfo[39m: [32m server running on port 5000[39m
[2025-11-19 20:53:33] [32minfo[39m: [32m server running on port 5000[39m
[2025-11-19 21:02:28] [32minfo[39m: [32m server running on port 5000[39m
[2025-11-19 21:02:35] [32minfo[39m: [32m server running on port 5000[39m
[2025-11-19 21:17:19] [32minfo[39m: [32m server running on port 5000[39m
[2025-11-19 21:26:23] [31merror[39m: [31m🔥 Unhandled Error:Unauthorized access[39m
[2025-11-19 21:27:22] [32minfo[39m: [32m server running on port 5000[39m
[2025-11-19 21:27:25] [32minfo[39m: [32m server running on port 5000[39m
[2025-11-19 21:27:34] [32minfo[39m: [32m server running on port 5000[39m
[2025-11-19 21:28:06] [32minfo[39m: [32m server running on port 5000[39m
[2025-11-19 21:28:31] [32minfo[39m: [32m server running on port 5000[39m
[2025-11-19 21:28:36] [32minfo[39m: [32m server running on port 5000[39m
