[2025-11-10 11:12:49] [31merror[39m: [31mFailed to start server:argument handler must be a function[39m
[2025-11-10 11:13:35] [31merror[39m: [31mFailed to start server:argument handler must be a function[39m
[2025-11-10 11:13:47] [32minfo[39m: [32m server running on port 5000[39m
[2025-11-10 12:49:23] [32minfo[39m: [32m server running on port 5000[39m
[2025-11-10 13:03:24] [32minfo[39m: [32m server running on port 5000[39m
[2025-11-10 13:04:08] [32minfo[39m: [32m server running on port 5000[39m
[2025-11-10 15:38:48] [32minfo[39m: [32m server running on port 5000[39m
[2025-11-10 15:39:06] [32minfo[39m: [32m server running on port 5000[39m
[2025-11-10 15:39:10] [32minfo[39m: [32m server running on port 5000[39m
[2025-11-10 15:39:12] [32minfo[39m: [32m server running on port 5000[39m
[2025-11-10 15:39:40] [32minfo[39m: [32m server running on port 5000[39m
[2025-11-10 15:39:44] [32minfo[39m: [32m server running on port 5000[39m
[2025-11-10 15:39:48] [32minfo[39m: [32m server running on port 5000[39m
[2025-11-10 15:39:57] [32minfo[39m: [32m server running on port 5000[39m
[2025-11-10 15:40:05] [32minfo[39m: [32m server running on port 5000[39m
[2025-11-10 15:40:21] [32minfo[39m: [32m server running on port 5000[39m
[2025-11-10 15:40:30] [32minfo[39m: [32m server running on port 5000[39m
[2025-11-10 15:40:35] [32minfo[39m: [32m server running on port 5000[39m
[2025-11-10 15:40:46] [32minfo[39m: [32m server running on port 5000[39m
[2025-11-10 15:41:34] [32minfo[39m: [32m server running on port 5000[39m
[2025-11-10 15:43:49] [32minfo[39m: [32m server running on port 5000[39m
[2025-11-10 15:43:55] [32minfo[39m: [32m server running on port 5000[39m
[2025-11-10 15:44:16] [32minfo[39m: [32m server running on port 5000[39m
[2025-11-10 15:44:17] [32minfo[39m: [32m server running on port 5000[39m
[2025-11-10 15:44:23] [32minfo[39m: [32m server running on port 5000[39m
[2025-11-10 15:44:37] [32minfo[39m: [32m server running on port 5000[39m
[2025-11-10 15:45:01] [32minfo[39m: [32m server running on port 5000[39m
[2025-11-10 15:45:10] [32minfo[39m: [32m server running on port 5000[39m
[2025-11-10 15:45:16] [32minfo[39m: [32m server running on port 5000[39m
[2025-11-10 15:45:22] [32minfo[39m: [32m server running on port 5000[39m
[2025-11-10 15:45:24] [32minfo[39m: [32m server running on port 5000[39m
[2025-11-10 15:45:31] [32minfo[39m: [32m server running on port 5000[39m
[2025-11-10 15:45:35] [32minfo[39m: [32m server running on port 5000[39m
[2025-11-10 15:45:40] [32minfo[39m: [32m server running on port 5000[39m
[2025-11-10 15:45:42] [32minfo[39m: [32m server running on port 5000[39m
[2025-11-10 15:45:45] [32minfo[39m: [32m server running on port 5000[39m
[2025-11-10 15:45:48] [32minfo[39m: [32m server running on port 5000[39m
[2025-11-10 15:45:51] [32minfo[39m: [32m server running on port 5000[39m
[2025-11-10 15:45:54] [32minfo[39m: [32m server running on port 5000[39m
[2025-11-10 15:46:08] [32minfo[39m: [32m server running on port 5000[39m
[2025-11-10 15:46:20] [32minfo[39m: [32m server running on port 5000[39m
[2025-11-10 15:46:27] [32minfo[39m: [32m server running on port 5000[39m
[2025-11-10 15:46:35] [32minfo[39m: [32m server running on port 5000[39m
[2025-11-10 15:47:48] [31merror[39m: [31m🔥 Unhandled Error:[39m
[31mInvalid `prisma.productPost.findMany()` invocation in[39m
[31mC:\Users\Niyas\OneDrive\Desktop\MedMate\Backend\src\infrastructure\repositories\ProductPostRepository.ts:68:44[39m

[31m  65   return product ? product : null;[39m
[31m  66 }[39m
[31m  67 async getPostsByIds(repIds: string[]): Promise<IProductPostForFeed[]> {[39m
[31m→ 68   const posts = await prisma.productPost.findMany({[39m
[31m         where: {[39m
[31m           repId: {[39m
[31m             in: [[39m
[31m               "68c56b05393d66bf18fb81a2"[39m
[31m             ][39m
[31m           }[39m
[31m         },[39m
[31m         include: {[39m
[31m           rep: {[39m
[31m             select: {[39m
[31m               id: true,[39m
[31m               name: true,[39m
[31m               companyName: true,[39m
[31m               user: {[39m
[31m                 select: {[39m
[31m                   profileImage: true[39m
[31m                 }[39m
[31m               }[39m
[31m             }[39m
[31m           },[39m
[31m           _count: {[39m
[31m             select: {[39m
[31m               interests: true,[39m
[31m               Likes: true,[39m
[31m               ~~~~~[39m
[31m       ?       likes?: true[39m
[31m             }[39m
[31m           }[39m
[31m         },[39m
[31m         orderBy: {[39m
[31m           createdAt: "desc"[39m
[31m         }[39m
[31m       })[39m

[31mUnknown field `Likes` for select statement on model `ProductPostCountOutputType`. Available options are marked with ?.[39m
[2025-11-10 15:47:48] [31merror[39m: [31m🔥 Unhandled Error:[39m
[31mInvalid `prisma.productPost.findMany()` invocation in[39m
[31mC:\Users\Niyas\OneDrive\Desktop\MedMate\Backend\src\infrastructure\repositories\ProductPostRepository.ts:68:44[39m

[31m  65   return product ? product : null;[39m
[31m  66 }[39m
[31m  67 async getPostsByIds(repIds: string[]): Promise<IProductPostForFeed[]> {[39m
[31m→ 68   const posts = await prisma.productPost.findMany({[39m
[31m         where: {[39m
[31m           repId: {[39m
[31m             in: [[39m
[31m               "68c56b05393d66bf18fb81a2"[39m
[31m             ][39m
[31m           }[39m
[31m         },[39m
[31m         include: {[39m
[31m           rep: {[39m
[31m             select: {[39m
[31m               id: true,[39m
[31m               name: true,[39m
[31m               companyName: true,[39m
[31m               user: {[39m
[31m                 select: {[39m
[31m                   profileImage: true[39m
[31m                 }[39m
[31m               }[39m
[31m             }[39m
[31m           },[39m
[31m           _count: {[39m
[31m             select: {[39m
[31m               interests: true,[39m
[31m               Likes: true,[39m
[31m               ~~~~~[39m
[31m       ?       likes?: true[39m
[31m             }[39m
[31m           }[39m
[31m         },[39m
[31m         orderBy: {[39m
[31m           createdAt: "desc"[39m
[31m         }[39m
[31m       })[39m

[31mUnknown field `Likes` for select statement on model `ProductPostCountOutputType`. Available options are marked with ?.[39m
[2025-11-10 15:48:02] [32minfo[39m: [32m server running on port 5000[39m
[2025-11-10 15:48:13] [32minfo[39m: [32m server running on port 5000[39m
[2025-11-10 15:48:17] [31merror[39m: [31m🔥 Unhandled Error:[39m
[31mInvalid `prisma.productPost.findMany()` invocation in[39m
[31mC:\Users\Niyas\OneDrive\Desktop\MedMate\Backend\src\infrastructure\repositories\ProductPostRepository.ts:68:44[39m

[31m  65   return product ? product : null;[39m
[31m  66 }[39m
[31m  67 async getPostsByIds(repIds: string[]): Promise<IProductPostForFeed[]> {[39m
[31m→ 68   const posts = await prisma.productPost.findMany({[39m
[31m         where: {[39m
[31m           repId: {[39m
[31m             in: [[39m
[31m               "68c56b05393d66bf18fb81a2"[39m
[31m             ][39m
[31m           }[39m
[31m         },[39m
[31m         include: {[39m
[31m           rep: {[39m
[31m             select: {[39m
[31m               id: true,[39m
[31m               name: true,[39m
[31m               companyName: true,[39m
[31m               user: {[39m
[31m                 select: {[39m
[31m                   profileImage: true[39m
[31m                 }[39m
[31m               }[39m
[31m             }[39m
[31m           },[39m
[31m           _count: {[39m
[31m             select: {[39m
[31m               interests: true,[39m
[31m               Likes: true,[39m
[31m               ~~~~~[39m
[31m       ?       likes?: true[39m
[31m             }[39m
[31m           }[39m
[31m         },[39m
[31m         orderBy: {[39m
[31m           createdAt: "desc"[39m
[31m         }[39m
[31m       })[39m

[31mUnknown field `Likes` for select statement on model `ProductPostCountOutputType`. Available options are marked with ?.[39m
[2025-11-10 15:48:17] [31merror[39m: [31m🔥 Unhandled Error:[39m
[31mInvalid `prisma.productPost.findMany()` invocation in[39m
[31mC:\Users\Niyas\OneDrive\Desktop\MedMate\Backend\src\infrastructure\repositories\ProductPostRepository.ts:68:44[39m

[31m  65   return product ? product : null;[39m
[31m  66 }[39m
[31m  67 async getPostsByIds(repIds: string[]): Promise<IProductPostForFeed[]> {[39m
[31m→ 68   const posts = await prisma.productPost.findMany({[39m
[31m         where: {[39m
[31m           repId: {[39m
[31m             in: [[39m
[31m               "68c56b05393d66bf18fb81a2"[39m
[31m             ][39m
[31m           }[39m
[31m         },[39m
[31m         include: {[39m
[31m           rep: {[39m
[31m             select: {[39m
[31m               id: true,[39m
[31m               name: true,[39m
[31m               companyName: true,[39m
[31m               user: {[39m
[31m                 select: {[39m
[31m                   profileImage: true[39m
[31m                 }[39m
[31m               }[39m
[31m             }[39m
[31m           },[39m
[31m           _count: {[39m
[31m             select: {[39m
[31m               interests: true,[39m
[31m               Likes: true,[39m
[31m               ~~~~~[39m
[31m       ?       likes?: true[39m
[31m             }[39m
[31m           }[39m
[31m         },[39m
[31m         orderBy: {[39m
[31m           createdAt: "desc"[39m
[31m         }[39m
[31m       })[39m

[31mUnknown field `Likes` for select statement on model `ProductPostCountOutputType`. Available options are marked with ?.[39m
[2025-11-10 15:49:29] [32minfo[39m: [32m server running on port 5000[39m
[2025-11-10 15:50:11] [32minfo[39m: [32m server running on port 5000[39m
[2025-11-10 15:50:19] [32minfo[39m: [32m server running on port 5000[39m
[2025-11-10 15:51:22] [32minfo[39m: [32m server running on port 5000[39m
[2025-11-10 16:18:48] [32minfo[39m: [32m server running on port 5000[39m
[2025-11-10 16:26:55] [32minfo[39m: [32m server running on port 5000[39m
[2025-11-10 16:27:05] [32minfo[39m: [32m server running on port 5000[39m
[2025-11-10 16:27:15] [32minfo[39m: [32m server running on port 5000[39m
[2025-11-10 16:28:58] [31merror[39m: [31mFailed to start server:server is not defined[39m
[2025-11-10 16:29:06] [32minfo[39m: [32m server running on port 5000[39m
[2025-11-10 16:31:46] [32minfo[39m: [32m server running on port 5000[39m
[2025-11-10 16:34:52] [32minfo[39m: [32m server running on port 5000[39m
[2025-11-10 17:57:22] [32minfo[39m: [32m server running on port 5000[39m
[2025-11-10 18:24:59] [32minfo[39m: [32m server running on port 5000[39m
[2025-11-10 18:25:03] [32minfo[39m: [32m server running on port 5000[39m
[2025-11-10 18:25:09] [32minfo[39m: [32m server running on port 5000[39m
[2025-11-10 18:25:11] [32minfo[39m: [32m server running on port 5000[39m
[2025-11-10 18:30:00] [32minfo[39m: [32m server running on port 5000[39m
[2025-11-10 18:30:10] [32minfo[39m: [32m server running on port 5000[39m
[2025-11-10 18:30:16] [32minfo[39m: [32m server running on port 5000[39m
[2025-11-10 18:30:57] [32minfo[39m: [32m server running on port 5000[39m
[2025-11-10 18:38:50] [32minfo[39m: [32m server running on port 5000[39m
[2025-11-10 18:45:05] [32minfo[39m: [32m server running on port 5000[39m
[2025-11-10 18:47:07] [32minfo[39m: [32m server running on port 5000[39m
[2025-11-10 18:47:14] [32minfo[39m: [32m server running on port 5000[39m
[2025-11-10 18:49:47] [32minfo[39m: [32m server running on port 5000[39m
[2025-11-10 18:50:33] [32minfo[39m: [32m server running on port 5000[39m
[2025-11-10 18:50:44] [32minfo[39m: [32m server running on port 5000[39m
[2025-11-10 18:51:14] [32minfo[39m: [32m server running on port 5000[39m
[2025-11-10 18:51:19] [32minfo[39m: [32m server running on port 5000[39m
[2025-11-10 18:51:49] [32minfo[39m: [32m server running on port 5000[39m
[2025-11-10 18:51:55] [32minfo[39m: [32m server running on port 5000[39m
[2025-11-10 19:07:53] [32minfo[39m: [32m server running on port 5000[39m
[2025-11-10 19:16:31] [32minfo[39m: [32m server running on port 5000[39m
[2025-11-10 19:17:04] [32minfo[39m: [32m server running on port 5000[39m
[2025-11-10 19:17:46] [32minfo[39m: [32m server running on port 5000[39m
[2025-11-10 19:17:48] [32minfo[39m: [32m server running on port 5000[39m
[2025-11-10 19:17:51] [32minfo[39m: [32m server running on port 5000[39m
[2025-11-10 19:17:54] [32minfo[39m: [32m server running on port 5000[39m
[2025-11-10 19:19:31] [32minfo[39m: [32m server running on port 5000[39m
[2025-11-10 19:20:41] [32minfo[39m: [32m server running on port 5000[39m
[2025-11-10 19:34:46] [32minfo[39m: [32m server running on port 5000[39m
[2025-11-10 19:36:24] [32minfo[39m: [32m server running on port 5000[39m
[2025-11-10 19:37:40] [32minfo[39m: [32m server running on port 5000[39m
[2025-11-10 19:38:33] [32minfo[39m: [32m server running on port 5000[39m
[2025-11-10 19:39:11] [32minfo[39m: [32m server running on port 5000[39m
[2025-11-10 19:47:59] [32minfo[39m: [32m server running on port 5000[39m
[2025-11-10 19:48:03] [32minfo[39m: [32m server running on port 5000[39m
[2025-11-10 19:48:06] [32minfo[39m: [32m server running on port 5000[39m
[2025-11-10 19:48:11] [32minfo[39m: [32m server running on port 5000[39m
[2025-11-10 19:48:16] [32minfo[39m: [32m server running on port 5000[39m
[2025-11-10 19:48:20] [32minfo[39m: [32m server running on port 5000[39m
[2025-11-10 19:48:45] [32minfo[39m: [32m server running on port 5000[39m
[2025-11-10 19:50:35] [32minfo[39m: [32m server running on port 5000[39m
[2025-11-10 19:50:39] [32minfo[39m: [32m server running on port 5000[39m
[2025-11-10 19:50:45] [32minfo[39m: [32m server running on port 5000[39m
[2025-11-10 19:50:59] [32minfo[39m: [32m server running on port 5000[39m
[2025-11-10 20:18:32] [32minfo[39m: [32m server running on port 5000[39m
[2025-11-10 20:40:18] [32minfo[39m: [32m server running on port 5000[39m
[2025-11-10 20:42:20] [32minfo[39m: [32m server running on port 5000[39m
[2025-11-10 20:44:01] [32minfo[39m: [32m server running on port 5000[39m
[2025-11-10 20:44:22] [32minfo[39m: [32m server running on port 5000[39m
[2025-11-10 20:44:25] [32minfo[39m: [32m server running on port 5000[39m
[2025-11-10 20:44:49] [32minfo[39m: [32m server running on port 5000[39m
[2025-11-10 20:44:54] [32minfo[39m: [32m server running on port 5000[39m
[2025-11-10 20:46:17] [32minfo[39m: [32m server running on port 5000[39m
[2025-11-10 20:46:56] [32minfo[39m: [32m server running on port 5000[39m
[2025-11-10 20:47:07] [32minfo[39m: [32m server running on port 5000[39m
[2025-11-10 20:49:13] [32minfo[39m: [32m server running on port 5000[39m
[2025-11-10 20:49:49] [32minfo[39m: [32m server running on port 5000[39m
[2025-11-10 20:50:53] [32minfo[39m: [32m server running on port 5000[39m
[2025-11-10 20:51:26] [32minfo[39m: [32m server running on port 5000[39m
[2025-11-10 20:51:39] [32minfo[39m: [32m server running on port 5000[39m
[2025-11-10 20:52:07] [32minfo[39m: [32m server running on port 5000[39m
[2025-11-10 20:52:10] [32minfo[39m: [32m server running on port 5000[39m
[2025-11-10 20:52:29] [32minfo[39m: [32m server running on port 5000[39m
[2025-11-10 20:52:36] [32minfo[39m: [32m server running on port 5000[39m
[2025-11-10 20:52:51] [32minfo[39m: [32m server running on port 5000[39m
[2025-11-10 20:53:13] [31merror[39m: [31m🔥 Unhandled Error:this._likeRepository.getProductIdsByDoctor is not a function[39m
[2025-11-10 20:53:14] [31merror[39m: [31m🔥 Unhandled Error:this._likeRepository.getProductIdsByDoctor is not a function[39m
[2025-11-10 20:54:02] [32minfo[39m: [32m server running on port 5000[39m
