[2025-12-03 10:06:21] [32minfo[39m: [32m server running on port 5000[39m
[2025-12-03 10:41:03] [32minfo[39m: [32m server running on port 5000[39m
[2025-12-03 10:41:34] [32minfo[39m: [32m server running on port 5000[39m
[2025-12-03 10:41:52] [32minfo[39m: [32m server running on port 5000[39m
[2025-12-03 10:50:52] [32minfo[39m: [32m server running on port 5000[39m
[2025-12-03 10:51:02] [32minfo[39m: [32m server running on port 5000[39m
[2025-12-03 10:54:42] [32minfo[39m: [32m server running on port 5000[39m
[2025-12-03 10:55:06] [32minfo[39m: [32m server running on port 5000[39m
[2025-12-03 10:55:58] [32minfo[39m: [32m server running on port 5000[39m
[2025-12-03 10:56:00] [32minfo[39m: [32m server running on port 5000[39m
[2025-12-03 10:56:13] [32minfo[39m: [32m server running on port 5000[39m
[2025-12-03 10:56:18] [32minfo[39m: [32m server running on port 5000[39m
[2025-12-03 10:56:35] [32minfo[39m: [32m server running on port 5000[39m
[2025-12-03 10:57:00] [32minfo[39m: [32m server running on port 5000[39m
[2025-12-03 10:58:40] [32minfo[39m: [32m server running on port 5000[39m
[2025-12-03 10:58:46] [32minfo[39m: [32m server running on port 5000[39m
[2025-12-03 12:04:52] [32minfo[39m: [32m server running on port 5000[39m
[2025-12-03 12:28:22] [32minfo[39m: [32m server running on port 5000[39m
<<<<<<< HEAD
[2025-12-03 16:52:15] [32minfo[39m: [32m server running on port 5000[39m
[2025-12-03 16:53:26] [32minfo[39m: [32m server running on port 5000[39m
[2025-12-03 16:59:00] [32minfo[39m: [32m server running on port 5000[39m
[2025-12-03 17:51:42] [32minfo[39m: [32m server running on port 5000[39m
[2025-12-03 17:53:43] [32minfo[39m: [32m server running on port 5000[39m
[2025-12-03 17:54:04] [31merror[39m: [31mFailed to start server:argument handler is required[39m
[2025-12-03 17:54:08] [31merror[39m: [31mFailed to start server:argument handler is required[39m
[2025-12-03 17:54:15] [31merror[39m: [31mFailed to start server:argument handler is required[39m
=======
[2025-12-03 18:46:18] [32minfo[39m: [32m server running on port 5000[39m
[2025-12-03 18:55:46] [32minfo[39m: [32m server running on port 5000[39m
[2025-12-03 18:56:54] [32minfo[39m: [32m server running on port 5000[39m
[2025-12-03 19:03:13] [32minfo[39m: [32m server running on port 5000[39m
[2025-12-03 19:05:36] [31merror[39m: [31m🔥 Unhandled Error:User not found[39m
[2025-12-03 19:07:43] [31merror[39m: [31m🔥 Unhandled Error:User not found[39m
[2025-12-03 19:09:23] [32minfo[39m: [32m server running on port 5000[39m
[2025-12-03 19:09:50] [31merror[39m: [31m🔥 Unhandled Error:User not found[39m
[2025-12-03 19:10:26] [32minfo[39m: [32m server running on port 5000[39m
[2025-12-03 19:11:00] [31merror[39m: [31m🔥 Unhandled Error:User not found[39m
[2025-12-03 19:14:41] [32minfo[39m: [32m server running on port 5000[39m
[2025-12-03 19:15:02] [32minfo[39m: [32m server running on port 5000[39m
[2025-12-03 19:15:50] [32minfo[39m: [32m server running on port 5000[39m
>>>>>>> 2926f2b (subscription history feature added on the front end for rep and subscription repo is completed)
