[2025-12-01 09:32:38] [32minfo[39m: [32m server running on port 5000[39m
[2025-12-01 09:32:42] [31merror[39m: [31mFailed to start server:argument handler must be a function[39m
[2025-12-01 09:32:46] [32minfo[39m: [32m server running on port 5000[39m
[2025-12-01 09:33:12] [31merror[39m: [31mFailed to start server:argument handler is required[39m
[2025-12-01 10:32:28] [32minfo[39m: [32m server running on port 5000[39m
[2025-12-01 10:37:38] [32minfo[39m: [32m server running on port 5000[39m
[2025-12-01 10:39:31] [32minfo[39m: [32m server running on port 5000[39m
[2025-12-01 12:09:40] [32minfo[39m: [32m server running on port 5000[39m
[2025-12-01 12:42:06] [32minfo[39m: [32m server running on port 5000[39m
[2025-12-01 12:42:11] [32minfo[39m: [32m server running on port 5000[39m
[2025-12-01 12:42:14] [32minfo[39m: [32m server running on port 5000[39m
[2025-12-01 12:42:18] [32minfo[39m: [32m server running on port 5000[39m
[2025-12-01 12:52:34] [32minfo[39m: [32m server running on port 5000[39m
[2025-12-01 12:52:42] [32minfo[39m: [32m server running on port 5000[39m
[2025-12-01 12:52:44] [32minfo[39m: [32m server running on port 5000[39m
[2025-12-01 12:52:53] [31merror[39m: [31m🔥 Unhandled Error:Cannot read properties of undefined (reading 'email')[39m
[2025-12-01 12:52:53] [31merror[39m: [31m🔥 Unhandled Error:Cannot read properties of undefined (reading 'email')[39m
[2025-12-01 12:55:14] [32minfo[39m: [32m server running on port 5000[39m
[2025-12-01 12:55:48] [32minfo[39m: [32m server running on port 5000[39m
[2025-12-01 12:55:59] [32minfo[39m: [32m server running on port 5000[39m
[2025-12-01 12:56:02] [32minfo[39m: [32m server running on port 5000[39m
[2025-12-01 12:56:06] [31merror[39m: [31m🔥 Unhandled Error:Cannot read properties of undefined (reading 'email')[39m
[2025-12-01 12:56:06] [31merror[39m: [31m🔥 Unhandled Error:Cannot read properties of undefined (reading 'email')[39m
[2025-12-01 12:56:16] [31merror[39m: [31m🔥 Unhandled Error:Cannot read properties of undefined (reading 'email')[39m
[2025-12-01 12:56:16] [31merror[39m: [31m🔥 Unhandled Error:Cannot read properties of undefined (reading 'email')[39m
[2025-12-01 12:56:26] [31merror[39m: [31m🔥 Unhandled Error:Cannot read properties of undefined (reading 'email')[39m
[2025-12-01 12:56:26] [31merror[39m: [31m🔥 Unhandled Error:Cannot read properties of undefined (reading 'email')[39m
[2025-12-01 12:59:47] [32minfo[39m: [32m server running on port 5000[39m
[2025-12-01 13:00:01] [32minfo[39m: [32m server running on port 5000[39m
[2025-12-01 13:01:37] [32minfo[39m: [32m server running on port 5000[39m
[2025-12-01 13:03:20] [32minfo[39m: [32m server running on port 5000[39m
[2025-12-01 13:42:51] [32minfo[39m: [32m server running on port 5000[39m
[2025-12-01 13:42:59] [32minfo[39m: [32m server running on port 5000[39m
[2025-12-01 13:44:18] [31merror[39m: [31mFailed to start server:Cannot read properties of undefined (reading 'router')[39m
[2025-12-01 14:52:19] [31merror[39m: [31mFailed to start server:argument handler is required[39m
[2025-12-01 15:09:54] [32minfo[39m: [32m server running on port 5000[39m
[2025-12-01 15:10:39] [32minfo[39m: [32m server running on port 5000[39m
[2025-12-01 15:20:46] [32minfo[39m: [32m server running on port 5000[39m
[2025-12-01 17:15:08] [32minfo[39m: [32m server running on port 5000[39m
[2025-12-01 17:15:23] [32minfo[39m: [32m server running on port 5000[39m
[2025-12-01 17:15:28] [32minfo[39m: [32m server running on port 5000[39m
[2025-12-01 17:24:37] [32minfo[39m: [32m server running on port 5000[39m
[2025-12-01 17:28:56] [32minfo[39m: [32m server running on port 5000[39m
[2025-12-01 17:29:50] [31merror[39m: [31mFailed to start server:argument handler is required[39m
[2025-12-01 17:29:54] [31merror[39m: [31mFailed to start server:argument handler is required[39m
[2025-12-01 17:30:04] [31merror[39m: [31mFailed to start server:Missing parameter name at 23: https://git.new/pathToRegexpError[39m
[2025-12-01 17:30:11] [31merror[39m: [31mFailed to start server:argument handler is required[39m
[2025-12-01 17:30:16] [31merror[39m: [31mFailed to start server:argument handler is required[39m
[2025-12-01 17:48:32] [32minfo[39m: [32m server running on port 5000[39m
[2025-12-01 17:49:17] [32minfo[39m: [32m server running on port 5000[39m
[2025-12-01 17:49:29] [32minfo[39m: [32m server running on port 5000[39m
[2025-12-01 17:50:52] [32minfo[39m: [32m server running on port 5000[39m
[2025-12-01 17:51:04] [32minfo[39m: [32m server running on port 5000[39m
[2025-12-01 17:51:53] [32minfo[39m: [32m server running on port 5000[39m
[2025-12-01 17:52:46] [32minfo[39m: [32m server running on port 5000[39m
[2025-12-01 17:52:57] [32minfo[39m: [32m server running on port 5000[39m
[2025-12-01 17:54:58] [32minfo[39m: [32m server running on port 5000[39m
[2025-12-01 17:55:13] [32minfo[39m: [32m server running on port 5000[39m
[2025-12-01 19:17:42] [32minfo[39m: [32m server running on port 5000[39m
[2025-12-01 19:18:00] [32minfo[39m: [32m server running on port 5000[39m
[2025-12-01 19:19:23] [32minfo[39m: [32m server running on port 5000[39m
[2025-12-01 19:20:09] [32minfo[39m: [32m server running on port 5000[39m
[2025-12-01 19:21:08] [32minfo[39m: [32m server running on port 5000[39m
[2025-12-01 19:22:15] [32minfo[39m: [32m server running on port 5000[39m
[2025-12-01 19:22:26] [32minfo[39m: [32m server running on port 5000[39m
