[2025-11-14 12:08:45] [32minfo[39m: [32m server running on port 5000[39m
[2025-11-14 12:09:52] [32minfo[39m: [32m server running on port 5000[39m
[2025-11-14 14:53:43] [32minfo[39m: [32m server running on port 5000[39m
[2025-11-14 15:02:00] [32minfo[39m: [32m server running on port 5000[39m
[2025-11-14 15:14:24] [32minfo[39m: [32m server running on port 5000[39m
[2025-11-14 15:14:34] [32minfo[39m: [32m server running on port 5000[39m
[2025-11-14 15:15:31] [32minfo[39m: [32m server running on port 5000[39m
[2025-11-14 15:17:03] [32minfo[39m: [32m server running on port 5000[39m
[2025-11-14 15:17:17] [32minfo[39m: [32m server running on port 5000[39m
[2025-11-14 15:17:26] [32minfo[39m: [32m server running on port 5000[39m
[2025-11-14 15:17:39] [32minfo[39m: [32m server running on port 5000[39m
[2025-11-14 15:17:47] [32minfo[39m: [32m server running on port 5000[39m
[2025-11-14 15:17:53] [32minfo[39m: [32m server running on port 5000[39m
[2025-11-14 15:18:04] [32minfo[39m: [32m server running on port 5000[39m
[2025-11-14 15:18:17] [32minfo[39m: [32m server running on port 5000[39m
[2025-11-14 15:18:36] [32minfo[39m: [32m server running on port 5000[39m
[2025-11-14 15:19:32] [32minfo[39m: [32m server running on port 5000[39m
[2025-11-14 15:20:24] [32minfo[39m: [32m server running on port 5000[39m
[2025-11-14 15:22:33] [32minfo[39m: [32m server running on port 5000[39m
[2025-11-14 15:22:56] [32minfo[39m: [32m server running on port 5000[39m
[2025-11-14 15:38:55] [32minfo[39m: [32m server running on port 5000[39m
[2025-11-14 15:42:21] [32minfo[39m: [32m server running on port 5000[39m
[2025-11-14 15:42:32] [32minfo[39m: [32m server running on port 5000[39m
[2025-11-14 15:42:49] [32minfo[39m: [32m server running on port 5000[39m
[2025-11-14 15:43:03] [32minfo[39m: [32m server running on port 5000[39m
[2025-11-14 15:43:25] [32minfo[39m: [32m server running on port 5000[39m
[2025-11-14 15:43:29] [32minfo[39m: [32m server running on port 5000[39m
[2025-11-14 15:43:49] [32minfo[39m: [32m server running on port 5000[39m
[2025-11-14 15:44:03] [32minfo[39m: [32m server running on port 5000[39m
[2025-11-14 15:44:10] [32minfo[39m: [32m server running on port 5000[39m
[2025-11-14 15:44:20] [32minfo[39m: [32m server running on port 5000[39m
[2025-11-14 15:44:31] [32minfo[39m: [32m server running on port 5000[39m
[2025-11-14 15:47:08] [32minfo[39m: [32m server running on port 5000[39m
[2025-11-14 15:47:48] [32minfo[39m: [32m server running on port 5000[39m
[2025-11-14 15:50:06] [32minfo[39m: [32m server running on port 5000[39m
[2025-11-14 15:53:24] [32minfo[39m: [32m server running on port 5000[39m
[2025-11-14 15:53:30] [32minfo[39m: [32m server running on port 5000[39m
[2025-11-14 15:54:35] [32minfo[39m: [32m server running on port 5000[39m
[2025-11-14 15:54:52] [32minfo[39m: [32m server running on port 5000[39m
[2025-11-14 15:55:05] [32minfo[39m: [32m server running on port 5000[39m
[2025-11-14 15:55:21] [32minfo[39m: [32m server running on port 5000[39m
[2025-11-14 15:55:28] [32minfo[39m: [32m server running on port 5000[39m
[2025-11-14 15:56:05] [32minfo[39m: [32m server running on port 5000[39m
[2025-11-14 15:56:22] [32minfo[39m: [32m server running on port 5000[39m
[2025-11-14 15:56:34] [32minfo[39m: [32m server running on port 5000[39m
[2025-11-14 15:57:14] [32minfo[39m: [32m server running on port 5000[39m
[2025-11-14 17:28:27] [32minfo[39m: [32m server running on port 5000[39m
[2025-11-14 17:28:36] [32minfo[39m: [32m server running on port 5000[39m
[2025-11-14 17:28:47] [32minfo[39m: [32m server running on port 5000[39m
[2025-11-14 17:28:49] [32minfo[39m: [32m server running on port 5000[39m
[2025-11-14 17:29:13] [32minfo[39m: [32m server running on port 5000[39m
[2025-11-14 17:29:17] [32minfo[39m: [32m server running on port 5000[39m
[2025-11-14 17:29:19] [32minfo[39m: [32m server running on port 5000[39m
[2025-11-14 17:29:22] [32minfo[39m: [32m server running on port 5000[39m
[2025-11-14 17:29:25] [32minfo[39m: [32m server running on port 5000[39m
[2025-11-14 17:29:28] [32minfo[39m: [32m server running on port 5000[39m
[2025-11-14 17:29:44] [32minfo[39m: [32m server running on port 5000[39m
[2025-11-14 17:31:24] [32minfo[39m: [32m server running on port 5000[39m
[2025-11-14 17:31:28] [32minfo[39m: [32m server running on port 5000[39m
[2025-11-14 17:33:19] [32minfo[39m: [32m server running on port 5000[39m
[2025-11-14 17:33:21] [32minfo[39m: [32m server running on port 5000[39m
[2025-11-14 17:33:41] [32minfo[39m: [32m server running on port 5000[39m
[2025-11-14 17:34:04] [32minfo[39m: [32m server running on port 5000[39m
[2025-11-14 17:34:28] [32minfo[39m: [32m server running on port 5000[39m
[2025-11-14 17:35:48] [33mwarn[39m: [33mAppError: Please verify email before logging in[39m
[2025-11-14 17:35:48] [33mwarn[39m: [33mAppError: Please verify email before logging in[39m
[2025-11-14 17:35:54] [33mwarn[39m: [33mAppError: Please verify email before logging in[39m
[2025-11-14 17:35:54] [33mwarn[39m: [33mAppError: Please verify email before logging in[39m
[2025-11-14 17:35:58] [33mwarn[39m: [33mAppError: Invalid email or password[39m
[2025-11-14 17:44:04] [31merror[39m: [31m🔥 Unhandled Error:Cannot read properties of undefined (reading 'createNotification')[39m
[2025-11-14 17:44:37] [32minfo[39m: [32m server running on port 5000[39m
[2025-11-14 18:54:36] [32minfo[39m: [32m server running on port 5000[39m
[2025-11-14 18:55:30] [31merror[39m: [31m🔥 Unhandled Error:Cannot read properties of undefined (reading 'createNotification')[39m
[2025-11-14 18:59:21] [32minfo[39m: [32m server running on port 5000[39m
[2025-11-14 18:59:34] [32minfo[39m: [32m server running on port 5000[39m
[2025-11-14 19:01:13] [32minfo[39m: [32m server running on port 5000[39m
[2025-11-14 19:01:31] [32minfo[39m: [32m server running on port 5000[39m
[2025-11-14 19:01:49] [32minfo[39m: [32m server running on port 5000[39m
[2025-11-14 19:01:56] [32minfo[39m: [32m server running on port 5000[39m
[2025-11-14 19:02:06] [32minfo[39m: [32m server running on port 5000[39m
[2025-11-14 19:02:35] [32minfo[39m: [32m server running on port 5000[39m
[2025-11-14 19:02:59] [32minfo[39m: [32m server running on port 5000[39m
[2025-11-14 19:03:18] [32minfo[39m: [32m server running on port 5000[39m
[2025-11-14 19:03:28] [32minfo[39m: [32m server running on port 5000[39m
[2025-11-14 19:03:44] [32minfo[39m: [32m server running on port 5000[39m
[2025-11-14 19:17:11] [31merror[39m: [31mFailed to start server:argument handler is required[39m
[2025-11-14 19:17:22] [31merror[39m: [31mFailed to start server:argument handler is required[39m
[2025-11-14 19:17:28] [31merror[39m: [31mFailed to start server:argument handler is required[39m
