[2025-11-25 10:08:15] [32minfo[39m: [32m server running on port 5000[39m
[2025-11-25 10:11:35] [32minfo[39m: [32m server running on port 5000[39m
[2025-11-25 10:13:08] [32minfo[39m: [32m server running on port 5000[39m
[2025-11-25 10:19:53] [31merror[39m: [31mFailed to start server:argument handler is required[39m
[2025-11-25 10:20:02] [31merror[39m: [31mFailed to start server:argument handler is required[39m
[2025-11-25 10:20:25] [31merror[39m: [31mFailed to start server:argument handler must be a function[39m
[2025-11-25 12:37:20] [32minfo[39m: [32m server running on port 5000[39m
[2025-11-25 12:37:36] [32minfo[39m: [32m server running on port 5000[39m
[2025-11-25 12:38:09] [32minfo[39m: [32m server running on port 5000[39m
[2025-11-25 13:25:07] [32minfo[39m: [32m server running on port 5000[39m
[2025-11-25 13:27:34] [32minfo[39m: [32m server running on port 5000[39m
[2025-11-25 13:27:48] [32minfo[39m: [32m server running on port 5000[39m
[2025-11-25 13:28:01] [32minfo[39m: [32m server running on port 5000[39m
[2025-11-25 13:28:47] [31merror[39m: [31mFailed to start server:argument handler is required[39m
[2025-11-25 13:32:13] [31merror[39m: [31mFailed to start server:argument handler is required[39m
[2025-11-25 13:32:27] [31merror[39m: [31mFailed to start server:validate is not defined[39m
[2025-11-25 13:32:34] [32minfo[39m: [32m server running on port 5000[39m
[2025-11-25 13:35:06] [32minfo[39m: [32m server running on port 5000[39m
[2025-11-25 13:36:26] [32minfo[39m: [32m server running on port 5000[39m
[2025-11-25 13:36:42] [32minfo[39m: [32m server running on port 5000[39m
[2025-11-25 15:45:34] [32minfo[39m: [32m server running on port 5000[39m
[2025-11-25 17:55:55] [32minfo[39m: [32m server running on port 5000[39m
[2025-11-25 17:55:58] [32minfo[39m: [32m server running on port 5000[39m
[2025-11-25 17:56:03] [32minfo[39m: [32m server running on port 5000[39m
[2025-11-25 17:56:07] [32minfo[39m: [32m server running on port 5000[39m
[2025-11-25 17:56:16] [32minfo[39m: [32m server running on port 5000[39m
[2025-11-25 17:56:55] [32minfo[39m: [32m server running on port 5000[39m
[2025-11-25 17:56:59] [32minfo[39m: [32m server running on port 5000[39m
[2025-11-25 17:57:07] [32minfo[39m: [32m server running on port 5000[39m
[2025-11-25 17:57:15] [32minfo[39m: [32m server running on port 5000[39m
[2025-11-25 17:57:20] [32minfo[39m: [32m server running on port 5000[39m
[2025-11-25 17:57:42] [32minfo[39m: [32m server running on port 5000[39m
[2025-11-25 17:57:48] [32minfo[39m: [32m server running on port 5000[39m
[2025-11-25 17:58:02] [32minfo[39m: [32m server running on port 5000[39m
[2025-11-25 18:58:59] [32minfo[39m: [32m server running on port 5000[39m
[2025-11-25 20:05:46] [32minfo[39m: [32m server running on port 5000[39m
[2025-11-25 20:05:59] [32minfo[39m: [32m server running on port 5000[39m
[2025-11-25 20:06:13] [32minfo[39m: [32m server running on port 5000[39m
[2025-11-25 20:14:07] [32minfo[39m: [32m server running on port 5000[39m
[2025-11-25 20:18:05] [32minfo[39m: [32m server running on port 5000[39m
[2025-11-25 20:18:12] [32minfo[39m: [32m server running on port 5000[39m
[2025-11-25 20:18:58] [32minfo[39m: [32m server running on port 5000[39m
[2025-11-25 20:19:02] [32minfo[39m: [32m server running on port 5000[39m
[2025-11-25 20:20:26] [32minfo[39m: [32m server running on port 5000[39m
[2025-11-25 20:20:29] [32minfo[39m: [32m server running on port 5000[39m
[2025-11-25 20:20:50] [32minfo[39m: [32m server running on port 5000[39m
[2025-11-25 20:20:55] [32minfo[39m: [32m server running on port 5000[39m
[2025-11-25 20:21:57] [32minfo[39m: [32m server running on port 5000[39m
[2025-11-25 20:22:04] [32minfo[39m: [32m server running on port 5000[39m
[2025-11-25 20:22:20] [32minfo[39m: [32m server running on port 5000[39m
[2025-11-25 20:22:23] [32minfo[39m: [32m server running on port 5000[39m
[2025-11-25 20:22:28] [32minfo[39m: [32m server running on port 5000[39m
[2025-11-25 20:22:31] [32minfo[39m: [32m server running on port 5000[39m
[2025-11-25 20:22:41] [32minfo[39m: [32m server running on port 5000[39m
[2025-11-25 20:22:47] [32minfo[39m: [32m server running on port 5000[39m
[2025-11-25 20:23:11] [32minfo[39m: [32m server running on port 5000[39m
[2025-11-25 20:23:43] [32minfo[39m: [32m server running on port 5000[39m
[2025-11-25 20:25:30] [32minfo[39m: [32m server running on port 5000[39m
[2025-11-25 20:25:38] [32minfo[39m: [32m server running on port 5000[39m
[2025-11-25 20:30:08] [32minfo[39m: [32m server running on port 5000[39m
[2025-11-25 20:30:25] [32minfo[39m: [32m server running on port 5000[39m
[2025-11-25 20:30:43] [32minfo[39m: [32m server running on port 5000[39m
[2025-11-25 20:34:09] [32minfo[39m: [32m server running on port 5000[39m
[2025-11-25 20:34:13] [32minfo[39m: [32m server running on port 5000[39m
[2025-11-25 20:34:27] [32minfo[39m: [32m server running on port 5000[39m
[2025-11-25 20:34:46] [32minfo[39m: [32m server running on port 5000[39m
[2025-11-25 20:35:00] [32minfo[39m: [32m server running on port 5000[39m
[2025-11-25 20:47:38] [31merror[39m: [31m🔥 Unhandled Error:Unauthorized access[39m
[2025-11-25 20:48:39] [32minfo[39m: [32m server running on port 5000[39m
[2025-11-25 20:48:52] [31merror[39m: [31m🔥 Unhandled Error:[39m
[31mInvalid `this.model.create()` invocation in[39m
[31mC:\Users\Niyas\OneDrive\Desktop\MedMate\Backend\src\infrastructure\database\BaseRepository.ts:32:36[39m

[31m  29 }[39m
[31m  30 [39m
[31m  31 async create(data: TCreateInput): Promise<TDomain> {[39m
[31m→ 32 const created = await this.model.create({[39m
[31m       data: {[39m
[31m         content: "hi sir,How are you",[39m
[31m         messageType: "TEXT",[39m
[31m         senderId: "68e5084ec35d6d14084fe591",[39m
[31m         senderRole: "REP",[39m
[31m                     ~~~~~[39m
[31m         conversation: {[39m
[31m           connect: {[39m
[31m             id: "69201042d74fb6b83b9b1594"[39m
[31m           }[39m
[31m         }[39m
[31m       }[39m
[31m     })[39m

[31mInvalid value for argument `senderRole`. Expected Role.[39m
[2025-11-25 20:54:51] [32minfo[39m: [32m server running on port 5000[39m
[2025-11-25 20:55:00] [32minfo[39m: [32m server running on port 5000[39m
[2025-11-25 21:10:57] [32minfo[39m: [32m server running on port 5000[39m
[2025-11-25 21:22:51] [32minfo[39m: [32m server running on port 5000[39m
[2025-11-25 21:23:10] [32minfo[39m: [32m server running on port 5000[39m
[2025-11-25 21:23:31] [32minfo[39m: [32m server running on port 5000[39m
[2025-11-25 21:23:46] [32minfo[39m: [32m server running on port 5000[39m
[2025-11-25 21:23:55] [32minfo[39m: [32m server running on port 5000[39m
[2025-11-25 21:24:03] [32minfo[39m: [32m server running on port 5000[39m
[2025-11-25 21:31:31] [32minfo[39m: [32m server running on port 5000[39m
[2025-11-25 21:31:45] [32minfo[39m: [32m server running on port 5000[39m
[2025-11-25 21:32:50] [32minfo[39m: [32m server running on port 5000[39m
[2025-11-25 21:33:01] [32minfo[39m: [32m server running on port 5000[39m
[2025-11-25 21:33:15] [32minfo[39m: [32m server running on port 5000[39m
[2025-11-25 21:33:22] [32minfo[39m: [32m server running on port 5000[39m
[2025-11-25 21:33:25] [32minfo[39m: [32m server running on port 5000[39m
[2025-11-25 21:34:40] [32minfo[39m: [32m server running on port 5000[39m
[2025-11-25 21:35:23] [32minfo[39m: [32m server running on port 5000[39m
[2025-11-25 21:35:28] [32minfo[39m: [32m server running on port 5000[39m
[2025-11-25 21:35:53] [32minfo[39m: [32m server running on port 5000[39m
