[2025-11-28 09:52:28] [32minfo[39m: [32m server running on port 5000[39m
[2025-11-28 09:55:02] [32minfo[39m: [32m server running on port 5000[39m
[2025-11-28 09:59:21] [32minfo[39m: [32m server running on port 5000[39m
[2025-11-28 09:59:27] [32minfo[39m: [32m server running on port 5000[39m
[2025-11-28 10:01:35] [32minfo[39m: [32m server running on port 5000[39m
[2025-11-28 10:03:27] [32minfo[39m: [32m server running on port 5000[39m
[2025-11-28 10:04:12] [32minfo[39m: [32m server running on port 5000[39m
[2025-11-28 10:04:22] [32minfo[39m: [32m server running on port 5000[39m
[2025-11-28 10:04:30] [32minfo[39m: [32m server running on port 5000[39m
[2025-11-28 10:04:36] [32minfo[39m: [32m server running on port 5000[39m
[2025-11-28 10:04:56] [32minfo[39m: [32m server running on port 5000[39m
[2025-11-28 10:05:15] [32minfo[39m: [32m server running on port 5000[39m
[2025-11-28 10:05:42] [32minfo[39m: [32m server running on port 5000[39m
[2025-11-28 10:05:49] [32minfo[39m: [32m server running on port 5000[39m
[2025-11-28 10:40:23] [32minfo[39m: [32m server running on port 5000[39m
[2025-11-28 10:40:59] [32minfo[39m: [32m server running on port 5000[39m
[2025-11-28 10:41:04] [32minfo[39m: [32m server running on port 5000[39m
[2025-11-28 10:41:30] [32minfo[39m: [32m server running on port 5000[39m
[2025-11-28 10:41:40] [32minfo[39m: [32m server running on port 5000[39m
[2025-11-28 10:41:49] [32minfo[39m: [32m server running on port 5000[39m
[2025-11-28 10:41:57] [32minfo[39m: [32m server running on port 5000[39m
[2025-11-28 10:42:06] [32minfo[39m: [32m server running on port 5000[39m
[2025-11-28 10:43:22] [32minfo[39m: [32m server running on port 5000[39m
[2025-11-28 10:43:30] [32minfo[39m: [32m server running on port 5000[39m
[2025-11-28 10:45:16] [32minfo[39m: [32m server running on port 5000[39m
[2025-11-28 10:45:25] [32minfo[39m: [32m server running on port 5000[39m
[2025-11-28 10:45:47] [32minfo[39m: [32m server running on port 5000[39m
[2025-11-28 10:45:56] [32minfo[39m: [32m server running on port 5000[39m
[2025-11-28 10:46:23] [32minfo[39m: [32m server running on port 5000[39m
[2025-11-28 10:46:45] [32minfo[39m: [32m server running on port 5000[39m
[2025-11-28 10:47:50] [32minfo[39m: [32m server running on port 5000[39m
[2025-11-28 10:47:56] [32minfo[39m: [32m server running on port 5000[39m
[2025-11-28 10:48:42] [32minfo[39m: [32m server running on port 5000[39m
[2025-11-28 10:48:59] [32minfo[39m: [32m server running on port 5000[39m
[2025-11-28 10:49:24] [32minfo[39m: [32m server running on port 5000[39m
[2025-11-28 10:49:39] [32minfo[39m: [32m server running on port 5000[39m
[2025-11-28 10:50:32] [32minfo[39m: [32m server running on port 5000[39m
[2025-11-28 10:50:43] [32minfo[39m: [32m server running on port 5000[39m
[2025-11-28 10:51:32] [32minfo[39m: [32m server running on port 5000[39m
[2025-11-28 10:51:49] [32minfo[39m: [32m server running on port 5000[39m
[2025-11-28 10:51:58] [32minfo[39m: [32m server running on port 5000[39m
[2025-11-28 10:52:25] [32minfo[39m: [32m server running on port 5000[39m
[2025-11-28 10:52:31] [32minfo[39m: [32m server running on port 5000[39m
[2025-11-28 10:52:39] [32minfo[39m: [32m server running on port 5000[39m
[2025-11-28 10:52:47] [32minfo[39m: [32m server running on port 5000[39m
[2025-11-28 10:52:55] [32minfo[39m: [32m server running on port 5000[39m
[2025-11-28 10:57:44] [32minfo[39m: [32m server running on port 5000[39m
[2025-11-28 10:58:18] [32minfo[39m: [32m server running on port 5000[39m
[2025-11-28 10:58:29] [32minfo[39m: [32m server running on port 5000[39m
[2025-11-28 10:58:40] [32minfo[39m: [32m server running on port 5000[39m
[2025-11-28 11:01:57] [32minfo[39m: [32m server running on port 5000[39m
[2025-11-28 11:06:41] [32minfo[39m: [32m server running on port 5000[39m
[2025-11-28 11:07:18] [32minfo[39m: [32m server running on port 5000[39m
[2025-11-28 11:07:28] [32minfo[39m: [32m server running on port 5000[39m
[2025-11-28 11:07:39] [32minfo[39m: [32m server running on port 5000[39m
[2025-11-28 11:09:59] [32minfo[39m: [32m server running on port 5000[39m
[2025-11-28 11:12:19] [32minfo[39m: [32m server running on port 5000[39m
[2025-11-28 11:12:39] [32minfo[39m: [32m server running on port 5000[39m
[2025-11-28 11:12:46] [31merror[39m: [31m🔥 Unhandled Error:Department with same name exist[39m
[2025-11-28 11:16:48] [31merror[39m: [31m🔥 Unhandled Error:Department with same name exist[39m
[2025-11-28 11:16:55] [31merror[39m: [31m🔥 Unhandled Error:Department with same name exist[39m
[2025-11-28 11:18:47] [32minfo[39m: [32m server running on port 5000[39m
[2025-11-28 11:18:52] [32minfo[39m: [32m server running on port 5000[39m
[2025-11-28 11:19:16] [32minfo[39m: [32m server running on port 5000[39m
[2025-11-28 11:19:29] [32minfo[39m: [32m server running on port 5000[39m
[2025-11-28 11:20:56] [32minfo[39m: [32m server running on port 5000[39m
[2025-11-28 11:21:06] [31merror[39m: [31m🔥 Unhandled Error:Department with same name exist[39m
[2025-11-28 11:22:34] [32minfo[39m: [32m server running on port 5000[39m
[2025-11-28 11:22:37] [32minfo[39m: [32m server running on port 5000[39m
[2025-11-28 11:23:01] [32minfo[39m: [32m server running on port 5000[39m
[2025-11-28 11:23:05] [33mwarn[39m: [33mAppError: Department with same name exist[39m
[2025-11-28 11:23:37] [32minfo[39m: [32m server running on port 5000[39m
[2025-11-28 11:23:41] [32minfo[39m: [32m server running on port 5000[39m
[2025-11-28 11:24:04] [32minfo[39m: [32m server running on port 5000[39m
[2025-11-28 11:24:33] [32minfo[39m: [32m server running on port 5000[39m
[2025-11-28 11:24:51] [32minfo[39m: [32m server running on port 5000[39m
[2025-11-28 11:24:54] [32minfo[39m: [32m server running on port 5000[39m
[2025-11-28 11:25:25] [32minfo[39m: [32m server running on port 5000[39m
[2025-11-28 11:25:42] [32minfo[39m: [32m server running on port 5000[39m
[2025-11-28 11:25:56] [32minfo[39m: [32m server running on port 5000[39m
[2025-11-28 11:26:08] [32minfo[39m: [32m server running on port 5000[39m
[2025-11-28 11:26:16] [32minfo[39m: [32m server running on port 5000[39m
[2025-11-28 11:26:22] [32minfo[39m: [32m server running on port 5000[39m
[2025-11-28 11:26:29] [32minfo[39m: [32m server running on port 5000[39m
[2025-11-28 11:26:35] [32minfo[39m: [32m server running on port 5000[39m
[2025-11-28 11:26:42] [32minfo[39m: [32m server running on port 5000[39m
[2025-11-28 11:26:54] [32minfo[39m: [32m server running on port 5000[39m
[2025-11-28 11:27:13] [33mwarn[39m: [33mAppError: Territory with same name exist[39m
[2025-11-28 11:27:52] [32minfo[39m: [32m server running on port 5000[39m
[2025-11-28 11:28:31] [32minfo[39m: [32m server running on port 5000[39m
[2025-11-28 11:28:42] [32minfo[39m: [32m server running on port 5000[39m
[2025-11-28 11:28:52] [32minfo[39m: [32m server running on port 5000[39m
[2025-11-28 11:29:12] [32minfo[39m: [32m server running on port 5000[39m
[2025-11-28 11:35:55] [32minfo[39m: [32m server running on port 5000[39m
[2025-11-28 12:17:07] [32minfo[39m: [32m server running on port 5000[39m
[2025-11-28 12:17:10] [32minfo[39m: [32m server running on port 5000[39m
[2025-11-28 12:17:13] [32minfo[39m: [32m server running on port 5000[39m
[2025-11-28 12:22:38] [32minfo[39m: [32m server running on port 5000[39m
[2025-11-28 12:23:18] [32minfo[39m: [32m server running on port 5000[39m
[2025-11-28 12:23:43] [32minfo[39m: [32m server running on port 5000[39m
[2025-11-28 12:23:52] [32minfo[39m: [32m server running on port 5000[39m
[2025-11-28 12:24:04] [32minfo[39m: [32m server running on port 5000[39m
[2025-11-28 12:25:20] [32minfo[39m: [32m server running on port 5000[39m
[2025-11-28 12:28:04] [32minfo[39m: [32m server running on port 5000[39m
[2025-11-28 12:28:08] [32minfo[39m: [32m server running on port 5000[39m
[2025-11-28 12:28:14] [32minfo[39m: [32m server running on port 5000[39m
[2025-11-28 12:28:20] [32minfo[39m: [32m server running on port 5000[39m
[2025-11-28 12:36:26] [32minfo[39m: [32m server running on port 5000[39m
[2025-11-28 12:36:35] [32minfo[39m: [32m server running on port 5000[39m
[2025-11-28 12:36:40] [32minfo[39m: [32m server running on port 5000[39m
[2025-11-28 12:36:56] [32minfo[39m: [32m server running on port 5000[39m
[2025-11-28 12:37:00] [32minfo[39m: [32m server running on port 5000[39m
[2025-11-28 12:37:04] [32minfo[39m: [32m server running on port 5000[39m
[2025-11-28 12:37:13] [32minfo[39m: [32m server running on port 5000[39m
[2025-11-28 12:37:16] [32minfo[39m: [32m server running on port 5000[39m
[2025-11-28 12:37:24] [32minfo[39m: [32m server running on port 5000[39m
[2025-11-28 12:37:30] [32minfo[39m: [32m server running on port 5000[39m
[2025-11-28 12:37:34] [32minfo[39m: [32m server running on port 5000[39m
[2025-11-28 12:37:41] [32minfo[39m: [32m server running on port 5000[39m
[2025-11-28 12:37:49] [32minfo[39m: [32m server running on port 5000[39m
[2025-11-28 12:37:52] [32minfo[39m: [32m server running on port 5000[39m
[2025-11-28 12:38:11] [32minfo[39m: [32m server running on port 5000[39m
[2025-11-28 12:38:15] [32minfo[39m: [32m server running on port 5000[39m
[2025-11-28 12:38:24] [32minfo[39m: [32m server running on port 5000[39m
[2025-11-28 12:38:32] [32minfo[39m: [32m server running on port 5000[39m
[2025-11-28 12:39:03] [31merror[39m: [31m🔥 Unhandled Error:Department with same name exist[39m
[2025-11-28 12:39:17] [32minfo[39m: [32m server running on port 5000[39m
[2025-11-28 12:39:57] [32minfo[39m: [32m server running on port 5000[39m
[2025-11-28 12:40:00] [32minfo[39m: [32m server running on port 5000[39m
[2025-11-28 12:40:15] [32minfo[39m: [32m server running on port 5000[39m
[2025-11-28 12:40:17] [31merror[39m: [31m🔥 Unhandled Error:Department with same name exist[39m
[2025-11-28 12:40:31] [32minfo[39m: [32m server running on port 5000[39m
[2025-11-28 12:40:54] [33mwarn[39m: [33mAppError: Department with same name exist[39m
[2025-11-28 12:41:14] [33mwarn[39m: [33mAppError: Department with same name exist[39m
[2025-11-28 12:42:24] [32minfo[39m: [32m server running on port 5000[39m
[2025-11-28 15:35:31] [32minfo[39m: [32m server running on port 5000[39m
[2025-11-28 15:38:03] [32minfo[39m: [32m server running on port 5000[39m
[2025-11-28 15:38:21] [32minfo[39m: [32m server running on port 5000[39m
[2025-11-28 15:40:39] [32minfo[39m: [32m server running on port 5000[39m
[2025-11-28 15:40:54] [32minfo[39m: [32m server running on port 5000[39m
[2025-11-28 15:41:19] [32minfo[39m: [32m server running on port 5000[39m
[2025-11-28 15:44:36] [32minfo[39m: [32m server running on port 5000[39m
[2025-11-28 15:44:44] [32minfo[39m: [32m server running on port 5000[39m
[2025-11-28 15:45:37] [32minfo[39m: [32m server running on port 5000[39m
[2025-11-28 15:46:09] [32minfo[39m: [32m server running on port 5000[39m
[2025-11-28 15:46:33] [32minfo[39m: [32m server running on port 5000[39m
[2025-11-28 15:47:54] [32minfo[39m: [32m server running on port 5000[39m
[2025-11-28 15:48:33] [32minfo[39m: [32m server running on port 5000[39m
[2025-11-28 15:49:04] [32minfo[39m: [32m server running on port 5000[39m
[2025-11-28 15:51:27] [32minfo[39m: [32m server running on port 5000[39m
[2025-11-28 15:57:51] [32minfo[39m: [32m server running on port 5000[39m
[2025-11-28 15:58:17] [32minfo[39m: [32m server running on port 5000[39m
[2025-11-28 15:58:40] [32minfo[39m: [32m server running on port 5000[39m
[2025-11-28 19:29:45] [32minfo[39m: [32m server running on port 5000[39m
[2025-11-28 19:29:56] [32minfo[39m: [32m server running on port 5000[39m
[2025-11-28 19:31:34] [32minfo[39m: [32m server running on port 5000[39m
[2025-11-28 19:31:44] [32minfo[39m: [32m server running on port 5000[39m
[2025-11-28 19:31:53] [32minfo[39m: [32m server running on port 5000[39m
[2025-11-28 19:34:34] [32minfo[39m: [32m server running on port 5000[39m
[2025-11-28 19:36:23] [32minfo[39m: [32m server running on port 5000[39m
[2025-11-28 19:36:49] [32minfo[39m: [32m server running on port 5000[39m
[2025-11-28 19:37:24] [32minfo[39m: [32m server running on port 5000[39m
[2025-11-28 19:38:49] [32minfo[39m: [32m server running on port 5000[39m
[2025-11-28 19:39:03] [32minfo[39m: [32m server running on port 5000[39m
[2025-11-28 20:15:25] [31merror[39m: [31m🔥 Unhandled Error:entity.map is not a function[39m
[2025-11-28 20:15:25] [31merror[39m: [31m🔥 Unhandled Error:entity.map is not a function[39m
[2025-11-28 20:16:03] [32minfo[39m: [32m server running on port 5000[39m
[2025-11-28 20:16:33] [32minfo[39m: [32m server running on port 5000[39m
[2025-11-28 20:16:50] [31merror[39m: [31m🔥 Unhandled Error:entity.map is not a function[39m
[2025-11-28 20:16:51] [31merror[39m: [31m🔥 Unhandled Error:entity.map is not a function[39m
[2025-11-28 20:27:16] [32minfo[39m: [32m server running on port 5000[39m
[2025-11-28 20:28:14] [32minfo[39m: [32m server running on port 5000[39m
[2025-11-28 20:28:36] [32minfo[39m: [32m server running on port 5000[39m
[2025-11-28 20:28:54] [32minfo[39m: [32m server running on port 5000[39m
[2025-11-28 20:28:58] [31merror[39m: [31m🔥 Unhandled Error:entity.map is not a function[39m
[2025-11-28 20:28:58] [31merror[39m: [31m🔥 Unhandled Error:entity.map is not a function[39m
[2025-11-28 20:37:24] [32minfo[39m: [32m server running on port 5000[39m
[2025-11-28 20:39:45] [32minfo[39m: [32m server running on port 5000[39m
[2025-11-28 20:44:34] [32minfo[39m: [32m server running on port 5000[39m
